07 25, 2022 10:19:37 上午 cn.andy.JerryMouse.catalina.Context deploy
INFO : Deploying web application directory C:\Users\DELL\Desktop\JerryMouse\JerryMouse\src\webapps\FuncA
07 25, 2022 10:19:37 上午 cn.andy.JerryMouse.catalina.Context deploy
INFO : Deployment of web application /FuncA has finish in 112 ms
07 25, 2022 10:19:37 上午 cn.andy.JerryMouse.catalina.Context <init>
INFO : Deploying web application directory C:\Users\DELL\Desktop\JerryMouse\JerryMouse\src\webapps\FuncA
07 25, 2022 10:19:37 上午 cn.andy.JerryMouse.catalina.Context <init>
INFO : Deployment of web application /FuncA has finish
07 25, 2022 10:19:37 上午 cn.andy.JerryMouse.catalina.Context deploy
INFO : Deploying web application directory C:\Users\DELL\Desktop\JerryMouse\JerryMouse\src\webapps\j2ee
07 25, 2022 10:19:37 上午 cn.andy.JerryMouse.catalina.Context deploy
INFO : Deployment of web application /j2ee has finish in 3 ms
07 25, 2022 10:19:37 上午 cn.andy.JerryMouse.catalina.Context <init>
INFO : Deploying web application directory C:\Users\DELL\Desktop\JerryMouse\JerryMouse\src\webapps\j2ee
07 25, 2022 10:19:37 上午 cn.andy.JerryMouse.catalina.Context <init>
INFO : Deployment of web application /j2ee has finish
07 25, 2022 10:19:37 上午 cn.andy.JerryMouse.catalina.Context deploy
INFO : Deploying web application directory C:\Users\DELL\Desktop\JerryMouse\JerryMouse\src\webapps\ROOT
07 25, 2022 10:19:37 上午 cn.andy.JerryMouse.catalina.Context deploy
INFO : Deployment of web application / has finish in 0 ms
07 25, 2022 10:19:37 上午 cn.andy.JerryMouse.catalina.Context <init>
INFO : Deploying web application directory C:\Users\DELL\Desktop\JerryMouse\JerryMouse\src\webapps\ROOT
07 25, 2022 10:19:37 上午 cn.andy.JerryMouse.catalina.Context <init>
INFO : Deployment of web application / has finish
07 25, 2022 10:19:37 上午 cn.andy.JerryMouse.catalina.Context deploy
INFO : Deploying web application directory C:\Users\DELL\Desktop\JerryMouse\JerryMouse\src\webapps\FuncA\A1
07 25, 2022 10:19:37 上午 cn.andy.JerryMouse.catalina.Context deploy
INFO : Deployment of web application /A1 has finish in 1 ms
07 25, 2022 10:19:37 上午 cn.andy.JerryMouse.catalina.Context <init>
INFO : Deploying web application directory C:\Users\DELL\Desktop\JerryMouse\JerryMouse\src\webapps\FuncA\A1
07 25, 2022 10:19:37 上午 cn.andy.JerryMouse.catalina.Context <init>
INFO : Deployment of web application /A1 has finish
07 25, 2022 10:19:37 上午 cn.andy.JerryMouse.catalina.Server logJVM
INFO : Server Version:		JerryMouse1.0.1
07 25, 2022 10:19:37 上午 cn.andy.JerryMouse.catalina.Server logJVM
INFO : Server built:		2022-5-31
07 25, 2022 10:19:37 上午 cn.andy.JerryMouse.catalina.Server logJVM
INFO : Server number:		1.0.1
07 25, 2022 10:19:37 上午 cn.andy.JerryMouse.catalina.Server logJVM
INFO : OS Name	:		Windows 11
07 25, 2022 10:19:37 上午 cn.andy.JerryMouse.catalina.Server logJVM
INFO : OS Version	:		10.0
07 25, 2022 10:19:37 上午 cn.andy.JerryMouse.catalina.Server logJVM
INFO : Architecture:		amd64
07 25, 2022 10:19:37 上午 cn.andy.JerryMouse.catalina.Server logJVM
INFO : Java Home:		E:\WORK - JAVA\JAVA-JDK-18
07 25, 2022 10:19:37 上午 cn.andy.JerryMouse.catalina.Server logJVM
INFO : JVM version:		18.0.1.1+2-6
07 25, 2022 10:19:37 上午 cn.andy.JerryMouse.catalina.Server logJVM
INFO : JVM vendor:		java.vm.specification.vendor
07 25, 2022 10:19:37 上午 cn.andy.JerryMouse.catalina.Connector init
INFO : Initializing ProtocolHandler [http-bio-18080]
07 25, 2022 10:19:37 上午 cn.andy.JerryMouse.catalina.Connector init
INFO : Initializing ProtocolHandler [http-bio-18081]
07 25, 2022 10:19:37 上午 cn.andy.JerryMouse.catalina.Connector init
INFO : Initializing ProtocolHandler [http-bio-18082]
07 25, 2022 10:19:37 上午 cn.andy.JerryMouse.catalina.Service init
INFO : Initializing Service [Catalina] in 2ms
07 25, 2022 10:19:37 上午 cn.andy.JerryMouse.catalina.Server start
INFO : Server startup in 12 ms
07 25, 2022 10:19:37 上午 cn.andy.JerryMouse.catalina.Connector start
INFO : Starting ProtocolHandler [http-bio-18082]
07 25, 2022 10:19:37 上午 cn.andy.JerryMouse.catalina.Connector start
INFO : Starting ProtocolHandler [http-bio-18081]
07 25, 2022 10:19:37 上午 cn.andy.JerryMouse.catalina.Connector start
INFO : Starting ProtocolHandler [http-bio-18080]
07 25, 2022 10:19:37 上午 cn.andy.JerryMouse.catalina.Context deploy
INFO : Deploying web application directory C:\Users\DELL\Desktop\JerryMouse\JerryMouse\src\webapps\FuncA
07 25, 2022 10:19:37 上午 cn.andy.JerryMouse.catalina.Context deploy
INFO : Deployment of web application /FuncA has finish in 1 ms
07 25, 2022 10:19:37 上午 cn.andy.JerryMouse.catalina.Context <init>
INFO : Deploying web application directory C:\Users\DELL\Desktop\JerryMouse\JerryMouse\src\webapps\FuncA
07 25, 2022 10:19:37 上午 cn.andy.JerryMouse.catalina.Context <init>
INFO : Deployment of web application /FuncA has finish
07 25, 2022 10:19:37 上午 cn.andy.JerryMouse.catalina.Context deploy
INFO : Deploying web application directory C:\Users\DELL\Desktop\JerryMouse\JerryMouse\src\webapps\j2ee
07 25, 2022 10:19:37 上午 cn.andy.JerryMouse.catalina.Context deploy
INFO : Deployment of web application /j2ee has finish in 3 ms
07 25, 2022 10:19:37 上午 cn.andy.JerryMouse.catalina.Context <init>
INFO : Deploying web application directory C:\Users\DELL\Desktop\JerryMouse\JerryMouse\src\webapps\j2ee
07 25, 2022 10:19:37 上午 cn.andy.JerryMouse.catalina.Context <init>
INFO : Deployment of web application /j2ee has finish
07 25, 2022 10:19:37 上午 cn.andy.JerryMouse.catalina.Context deploy
INFO : Deploying web application directory C:\Users\DELL\Desktop\JerryMouse\JerryMouse\src\webapps\ROOT
07 25, 2022 10:19:37 上午 cn.andy.JerryMouse.catalina.Context deploy
INFO : Deployment of web application / has finish in 1 ms
07 25, 2022 10:19:37 上午 cn.andy.JerryMouse.catalina.Context <init>
INFO : Deploying web application directory C:\Users\DELL\Desktop\JerryMouse\JerryMouse\src\webapps\ROOT
07 25, 2022 10:19:37 上午 cn.andy.JerryMouse.catalina.Context <init>
INFO : Deployment of web application / has finish
07 25, 2022 10:19:37 上午 cn.andy.JerryMouse.catalina.Context deploy
INFO : Deploying web application directory C:\Users\DELL\Desktop\JerryMouse\JerryMouse\src\webapps\FuncA\A1
07 25, 2022 10:19:37 上午 cn.andy.JerryMouse.catalina.Context deploy
INFO : Deployment of web application /A1 has finish in 0 ms
07 25, 2022 10:19:37 上午 cn.andy.JerryMouse.catalina.Context <init>
INFO : Deploying web application directory C:\Users\DELL\Desktop\JerryMouse\JerryMouse\src\webapps\FuncA\A1
07 25, 2022 10:19:37 上午 cn.andy.JerryMouse.catalina.Context <init>
INFO : Deployment of web application /A1 has finish
07 25, 2022 10:19:37 上午 cn.andy.JerryMouse.catalina.Server logJVM
INFO : Server Version:		JerryMouse1.0.1
07 25, 2022 10:19:37 上午 cn.andy.JerryMouse.catalina.Server logJVM
INFO : Server built:		2022-5-31
07 25, 2022 10:19:37 上午 cn.andy.JerryMouse.catalina.Server logJVM
INFO : Server number:		1.0.1
07 25, 2022 10:19:37 上午 cn.andy.JerryMouse.catalina.Server logJVM
INFO : OS Name	:		Windows 11
07 25, 2022 10:19:37 上午 cn.andy.JerryMouse.catalina.Server logJVM
INFO : OS Version	:		10.0
07 25, 2022 10:19:37 上午 cn.andy.JerryMouse.catalina.Server logJVM
INFO : Architecture:		amd64
07 25, 2022 10:19:37 上午 cn.andy.JerryMouse.catalina.Server logJVM
INFO : Java Home:		E:\WORK - JAVA\JAVA-JDK-18
07 25, 2022 10:19:37 上午 cn.andy.JerryMouse.catalina.Server logJVM
INFO : JVM version:		18.0.1.1+2-6
07 25, 2022 10:19:37 上午 cn.andy.JerryMouse.catalina.Server logJVM
INFO : JVM vendor:		java.vm.specification.vendor
07 25, 2022 10:19:37 上午 cn.andy.JerryMouse.catalina.Connector init
INFO : Initializing ProtocolHandler [http-bio-18080]
07 25, 2022 10:19:37 上午 cn.andy.JerryMouse.catalina.Connector init
INFO : Initializing ProtocolHandler [http-bio-18081]
07 25, 2022 10:19:37 上午 cn.andy.JerryMouse.catalina.Connector init
INFO : Initializing ProtocolHandler [http-bio-18082]
07 25, 2022 10:19:37 上午 cn.andy.JerryMouse.catalina.Service init
INFO : Initializing Service [Catalina] in 1ms
07 25, 2022 10:19:37 上午 cn.andy.JerryMouse.catalina.Server start
INFO : Server startup in 4 ms
07 25, 2022 10:19:37 上午 cn.andy.JerryMouse.catalina.Connector start
INFO : Starting ProtocolHandler [http-bio-18082]
07 25, 2022 10:19:37 上午 cn.andy.JerryMouse.catalina.Connector start
INFO : Starting ProtocolHandler [http-bio-18081]
07 25, 2022 10:19:37 上午 cn.andy.JerryMouse.catalina.Connector start
INFO : Starting ProtocolHandler [http-bio-18080]
07 25, 2022 10:19:37 上午 cn.andy.JerryMouse.catalina.Connector func
ERROR: Address already in use: bind
java.net.BindException: Address already in use: bind
	at java.base/sun.nio.ch.Net.bind0(Native Method)
	at java.base/sun.nio.ch.Net.bind(Net.java:555)
	at java.base/sun.nio.ch.Net.bind(Net.java:544)
	at java.base/sun.nio.ch.NioSocketImpl.bind(NioSocketImpl.java:640)
	at java.base/java.net.ServerSocket.bind(ServerSocket.java:392)
	at java.base/java.net.ServerSocket.<init>(ServerSocket.java:274)
	at java.base/java.net.ServerSocket.<init>(ServerSocket.java:167)
	at cn.andy.JerryMouse.catalina.Connector.func(Connector.java:44)
	at cn.andy.JerryMouse.catalina.Connector.start(Connector.java:40)
	at cn.andy.JerryMouse.catalina.Service$1.run(Service.java:60)
	at java.base/java.util.concurrent.ThreadPoolExecutor.runWorker(ThreadPoolExecutor.java:1136)
	at java.base/java.util.concurrent.ThreadPoolExecutor$Worker.run(ThreadPoolExecutor.java:635)
	at java.base/java.lang.Thread.run(Thread.java:833)
07 25, 2022 10:19:37 上午 cn.andy.JerryMouse.catalina.Connector func
ERROR: Address already in use: bind
java.net.BindException: Address already in use: bind
	at java.base/sun.nio.ch.Net.bind0(Native Method)
	at java.base/sun.nio.ch.Net.bind(Net.java:555)
	at java.base/sun.nio.ch.Net.bind(Net.java:544)
	at java.base/sun.nio.ch.NioSocketImpl.bind(NioSocketImpl.java:640)
	at java.base/java.net.ServerSocket.bind(ServerSocket.java:392)
	at java.base/java.net.ServerSocket.<init>(ServerSocket.java:274)
	at java.base/java.net.ServerSocket.<init>(ServerSocket.java:167)
	at cn.andy.JerryMouse.catalina.Connector.func(Connector.java:44)
	at cn.andy.JerryMouse.catalina.Connector.start(Connector.java:40)
	at cn.andy.JerryMouse.catalina.Service$1.run(Service.java:60)
	at java.base/java.util.concurrent.ThreadPoolExecutor.runWorker(ThreadPoolExecutor.java:1136)
	at java.base/java.util.concurrent.ThreadPoolExecutor$Worker.run(ThreadPoolExecutor.java:635)
	at java.base/java.lang.Thread.run(Thread.java:833)
07 25, 2022 10:19:37 上午 cn.andy.JerryMouse.catalina.Connector func
ERROR: Address already in use: bind
java.net.BindException: Address already in use: bind
	at java.base/sun.nio.ch.Net.bind0(Native Method)
	at java.base/sun.nio.ch.Net.bind(Net.java:555)
	at java.base/sun.nio.ch.Net.bind(Net.java:544)
	at java.base/sun.nio.ch.NioSocketImpl.bind(NioSocketImpl.java:640)
	at java.base/java.net.ServerSocket.bind(ServerSocket.java:392)
	at java.base/java.net.ServerSocket.<init>(ServerSocket.java:274)
	at java.base/java.net.ServerSocket.<init>(ServerSocket.java:167)
	at cn.andy.JerryMouse.catalina.Connector.func(Connector.java:44)
	at cn.andy.JerryMouse.catalina.Connector.start(Connector.java:40)
	at cn.andy.JerryMouse.catalina.Service$1.run(Service.java:60)
	at java.base/java.util.concurrent.ThreadPoolExecutor.runWorker(ThreadPoolExecutor.java:1136)
	at java.base/java.util.concurrent.ThreadPoolExecutor$Worker.run(ThreadPoolExecutor.java:635)
	at java.base/java.lang.Thread.run(Thread.java:833)
07 25, 2022 10:19:39 上午 cn.andy.JerryMouse.catalina.HttpProcessor execute
ERROR: this is a deliberately created exception
java.lang.RuntimeException: this is a deliberately created exception
	at cn.andy.JerryMouse.servlets.DefaultServlet.service(DefaultServlet.java:47)
	at cn.andy.JerryMouse.catalina.HttpProcessor.execute(HttpProcessor.java:42)
	at cn.andy.JerryMouse.catalina.Connector.func(Connector.java:52)
	at cn.andy.JerryMouse.catalina.Connector.start(Connector.java:40)
	at cn.andy.JerryMouse.catalina.Service$1.run(Service.java:60)
	at java.base/java.util.concurrent.ThreadPoolExecutor.runWorker(ThreadPoolExecutor.java:1136)
	at java.base/java.util.concurrent.ThreadPoolExecutor$Worker.run(ThreadPoolExecutor.java:635)
	at java.base/java.lang.Thread.run(Thread.java:833)
07 25, 2022 10:21:42 上午 cn.andy.JerryMouse.catalina.Context deploy
INFO : Deploying web application directory C:\Users\DELL\Desktop\JerryMouse\JerryMouse\src\webapps\FuncA
07 25, 2022 10:21:42 上午 cn.andy.JerryMouse.catalina.Context deploy
INFO : Deployment of web application /FuncA has finish in 97 ms
07 25, 2022 10:21:42 上午 cn.andy.JerryMouse.catalina.Context <init>
INFO : Deploying web application directory C:\Users\DELL\Desktop\JerryMouse\JerryMouse\src\webapps\FuncA
07 25, 2022 10:21:42 上午 cn.andy.JerryMouse.catalina.Context <init>
INFO : Deployment of web application /FuncA has finish
07 25, 2022 10:21:42 上午 cn.andy.JerryMouse.catalina.Context deploy
INFO : Deploying web application directory C:\Users\DELL\Desktop\JerryMouse\JerryMouse\src\webapps\j2ee
07 25, 2022 10:21:42 上午 cn.andy.JerryMouse.catalina.Context deploy
INFO : Deployment of web application /j2ee has finish in 2 ms
07 25, 2022 10:21:42 上午 cn.andy.JerryMouse.catalina.Context <init>
INFO : Deploying web application directory C:\Users\DELL\Desktop\JerryMouse\JerryMouse\src\webapps\j2ee
07 25, 2022 10:21:42 上午 cn.andy.JerryMouse.catalina.Context <init>
INFO : Deployment of web application /j2ee has finish
07 25, 2022 10:21:42 上午 cn.andy.JerryMouse.catalina.Context deploy
INFO : Deploying web application directory C:\Users\DELL\Desktop\JerryMouse\JerryMouse\src\webapps\ROOT
07 25, 2022 10:21:42 上午 cn.andy.JerryMouse.catalina.Context deploy
INFO : Deployment of web application / has finish in 1 ms
07 25, 2022 10:21:42 上午 cn.andy.JerryMouse.catalina.Context <init>
INFO : Deploying web application directory C:\Users\DELL\Desktop\JerryMouse\JerryMouse\src\webapps\ROOT
07 25, 2022 10:21:42 上午 cn.andy.JerryMouse.catalina.Context <init>
INFO : Deployment of web application / has finish
07 25, 2022 10:21:42 上午 cn.andy.JerryMouse.catalina.Context deploy
INFO : Deploying web application directory C:\Users\DELL\Desktop\JerryMouse\JerryMouse\src\webapps\FuncA\A1
07 25, 2022 10:21:42 上午 cn.andy.JerryMouse.catalina.Context deploy
INFO : Deployment of web application /A1 has finish in 0 ms
07 25, 2022 10:21:42 上午 cn.andy.JerryMouse.catalina.Context <init>
INFO : Deploying web application directory C:\Users\DELL\Desktop\JerryMouse\JerryMouse\src\webapps\FuncA\A1
07 25, 2022 10:21:42 上午 cn.andy.JerryMouse.catalina.Context <init>
INFO : Deployment of web application /A1 has finish
07 25, 2022 10:21:42 上午 cn.andy.JerryMouse.catalina.Server logJVM
INFO : Server Version:		JerryMouse1.0.1
07 25, 2022 10:21:42 上午 cn.andy.JerryMouse.catalina.Server logJVM
INFO : Server built:		2022-5-31
07 25, 2022 10:21:42 上午 cn.andy.JerryMouse.catalina.Server logJVM
INFO : Server number:		1.0.1
07 25, 2022 10:21:42 上午 cn.andy.JerryMouse.catalina.Server logJVM
INFO : OS Name	:		Windows 11
07 25, 2022 10:21:42 上午 cn.andy.JerryMouse.catalina.Server logJVM
INFO : OS Version	:		10.0
07 25, 2022 10:21:42 上午 cn.andy.JerryMouse.catalina.Server logJVM
INFO : Architecture:		amd64
07 25, 2022 10:21:42 上午 cn.andy.JerryMouse.catalina.Server logJVM
INFO : Java Home:		E:\WORK - JAVA\JAVA-JDK-18
07 25, 2022 10:21:42 上午 cn.andy.JerryMouse.catalina.Server logJVM
INFO : JVM version:		18.0.1.1+2-6
07 25, 2022 10:21:42 上午 cn.andy.JerryMouse.catalina.Server logJVM
INFO : JVM vendor:		java.vm.specification.vendor
07 25, 2022 10:21:42 上午 cn.andy.JerryMouse.catalina.Connector init
INFO : Initializing ProtocolHandler [http-bio-18080]
07 25, 2022 10:21:42 上午 cn.andy.JerryMouse.catalina.Connector init
INFO : Initializing ProtocolHandler [http-bio-18081]
07 25, 2022 10:21:42 上午 cn.andy.JerryMouse.catalina.Connector init
INFO : Initializing ProtocolHandler [http-bio-18082]
07 25, 2022 10:21:42 上午 cn.andy.JerryMouse.catalina.Service init
INFO : Initializing Service [Catalina] in 0ms
07 25, 2022 10:21:42 上午 cn.andy.JerryMouse.catalina.Server start
INFO : Server startup in 10 ms
07 25, 2022 10:21:42 上午 cn.andy.JerryMouse.catalina.Connector start
INFO : Starting ProtocolHandler [http-bio-18082]
07 25, 2022 10:21:42 上午 cn.andy.JerryMouse.catalina.Connector start
INFO : Starting ProtocolHandler [http-bio-18081]
07 25, 2022 10:21:42 上午 cn.andy.JerryMouse.catalina.Connector start
INFO : Starting ProtocolHandler [http-bio-18080]
07 25, 2022 10:21:47 上午 cn.andy.JerryMouse.catalina.HttpProcessor execute
ERROR: this is a deliberately created exception
java.lang.RuntimeException: this is a deliberately created exception
	at cn.andy.JerryMouse.servlets.DefaultServlet.service(DefaultServlet.java:47)
	at cn.andy.JerryMouse.catalina.HttpProcessor.execute(HttpProcessor.java:42)
	at cn.andy.JerryMouse.catalina.Connector.func(Connector.java:52)
	at cn.andy.JerryMouse.catalina.Connector.start(Connector.java:40)
	at cn.andy.JerryMouse.catalina.Service$1.run(Service.java:60)
	at java.base/java.util.concurrent.ThreadPoolExecutor.runWorker(ThreadPoolExecutor.java:1136)
	at java.base/java.util.concurrent.ThreadPoolExecutor$Worker.run(ThreadPoolExecutor.java:635)
	at java.base/java.lang.Thread.run(Thread.java:833)
07 25, 2022 10:25:49 上午 cn.andy.JerryMouse.catalina.Context deploy
INFO : Deploying web application directory C:\Users\DELL\Desktop\JerryMouse\JerryMouse\src\webapps\FuncA
07 25, 2022 10:25:49 上午 cn.andy.JerryMouse.catalina.Context deploy
INFO : Deployment of web application /FuncA has finish in 135 ms
07 25, 2022 10:25:49 上午 cn.andy.JerryMouse.catalina.Context <init>
INFO : Deploying web application directory C:\Users\DELL\Desktop\JerryMouse\JerryMouse\src\webapps\FuncA
07 25, 2022 10:25:49 上午 cn.andy.JerryMouse.catalina.Context <init>
INFO : Deployment of web application /FuncA has finish
07 25, 2022 10:25:49 上午 cn.andy.JerryMouse.catalina.Context deploy
INFO : Deploying web application directory C:\Users\DELL\Desktop\JerryMouse\JerryMouse\src\webapps\j2ee
07 25, 2022 10:25:49 上午 cn.andy.JerryMouse.catalina.Context deploy
INFO : Deployment of web application /j2ee has finish in 4 ms
07 25, 2022 10:25:49 上午 cn.andy.JerryMouse.catalina.Context <init>
INFO : Deploying web application directory C:\Users\DELL\Desktop\JerryMouse\JerryMouse\src\webapps\j2ee
07 25, 2022 10:25:49 上午 cn.andy.JerryMouse.catalina.Context <init>
INFO : Deployment of web application /j2ee has finish
07 25, 2022 10:25:49 上午 cn.andy.JerryMouse.catalina.Context deploy
INFO : Deploying web application directory C:\Users\DELL\Desktop\JerryMouse\JerryMouse\src\webapps\ROOT
07 25, 2022 10:25:49 上午 cn.andy.JerryMouse.catalina.Context deploy
INFO : Deployment of web application / has finish in 1 ms
07 25, 2022 10:25:49 上午 cn.andy.JerryMouse.catalina.Context <init>
INFO : Deploying web application directory C:\Users\DELL\Desktop\JerryMouse\JerryMouse\src\webapps\ROOT
07 25, 2022 10:25:49 上午 cn.andy.JerryMouse.catalina.Context <init>
INFO : Deployment of web application / has finish
07 25, 2022 10:25:49 上午 cn.andy.JerryMouse.catalina.Context deploy
INFO : Deploying web application directory C:\Users\DELL\Desktop\JerryMouse\JerryMouse\src\webapps\FuncA\A1
07 25, 2022 10:25:49 上午 cn.andy.JerryMouse.catalina.Context deploy
INFO : Deployment of web application /A1 has finish in 1 ms
07 25, 2022 10:25:49 上午 cn.andy.JerryMouse.catalina.Context <init>
INFO : Deploying web application directory C:\Users\DELL\Desktop\JerryMouse\JerryMouse\src\webapps\FuncA\A1
07 25, 2022 10:25:49 上午 cn.andy.JerryMouse.catalina.Context <init>
INFO : Deployment of web application /A1 has finish
07 25, 2022 10:25:49 上午 cn.andy.JerryMouse.catalina.Server logJVM
INFO : Server Version:		JerryMouse1.0.1
07 25, 2022 10:25:49 上午 cn.andy.JerryMouse.catalina.Server logJVM
INFO : Server built:		2022-5-31
07 25, 2022 10:25:49 上午 cn.andy.JerryMouse.catalina.Server logJVM
INFO : Server number:		1.0.1
07 25, 2022 10:25:49 上午 cn.andy.JerryMouse.catalina.Server logJVM
INFO : OS Name	:		Windows 11
07 25, 2022 10:25:49 上午 cn.andy.JerryMouse.catalina.Server logJVM
INFO : OS Version	:		10.0
07 25, 2022 10:25:49 上午 cn.andy.JerryMouse.catalina.Server logJVM
INFO : Architecture:		amd64
07 25, 2022 10:25:49 上午 cn.andy.JerryMouse.catalina.Server logJVM
INFO : Java Home:		E:\WORK - JAVA\JAVA-JDK-18
07 25, 2022 10:25:49 上午 cn.andy.JerryMouse.catalina.Server logJVM
INFO : JVM version:		18.0.1.1+2-6
07 25, 2022 10:25:49 上午 cn.andy.JerryMouse.catalina.Server logJVM
INFO : JVM vendor:		java.vm.specification.vendor
07 25, 2022 10:25:49 上午 cn.andy.JerryMouse.catalina.Connector init
INFO : Initializing ProtocolHandler [http-bio-18080]
07 25, 2022 10:25:49 上午 cn.andy.JerryMouse.catalina.Connector init
INFO : Initializing ProtocolHandler [http-bio-18081]
07 25, 2022 10:25:49 上午 cn.andy.JerryMouse.catalina.Connector init
INFO : Initializing ProtocolHandler [http-bio-18082]
07 25, 2022 10:25:49 上午 cn.andy.JerryMouse.catalina.Service init
INFO : Initializing Service [Catalina] in 1ms
07 25, 2022 10:25:49 上午 cn.andy.JerryMouse.catalina.Server start
INFO : Server startup in 12 ms
07 25, 2022 10:25:49 上午 cn.andy.JerryMouse.catalina.Connector start
INFO : Starting ProtocolHandler [http-bio-18081]
07 25, 2022 10:25:49 上午 cn.andy.JerryMouse.catalina.Connector start
INFO : Starting ProtocolHandler [http-bio-18082]
07 25, 2022 10:25:49 上午 cn.andy.JerryMouse.catalina.Connector start
INFO : Starting ProtocolHandler [http-bio-18080]
