07 08, 2022 14:52:47 下午 cn.andy.JerryMouse.Bootstrap logJVM
INFO : Server Version:		JerryMouse1.0.1
07 08, 2022 14:52:47 下午 cn.andy.JerryMouse.Bootstrap logJVM
INFO : Server built:		2022-5-31
07 08, 2022 14:52:47 下午 cn.andy.JerryMouse.Bootstrap logJVM
INFO : Server number:		1.0.1
07 08, 2022 14:52:47 下午 cn.andy.JerryMouse.Bootstrap logJVM
INFO : OS Name	:		Windows 11
07 08, 2022 14:52:47 下午 cn.andy.JerryMouse.Bootstrap logJVM
INFO : OS Version	:		10.0
07 08, 2022 14:52:47 下午 cn.andy.JerryMouse.Bootstrap logJVM
INFO : Architecture:		amd64
07 08, 2022 14:52:47 下午 cn.andy.JerryMouse.Bootstrap logJVM
INFO : Java Home:		C:\Program Files\Java\javase18
07 08, 2022 14:52:47 下午 cn.andy.JerryMouse.Bootstrap logJVM
INFO : JVM version:		18+36-2087
07 08, 2022 14:52:47 下午 cn.andy.JerryMouse.Bootstrap logJVM
INFO : JVM vendor:		java.vm.specification.vendor
07 08, 2022 14:52:47 下午 cn.andy.JerryMouse.catalina.Context <init>
INFO : Deploying web application directory C:\Users\DELL\Desktop\JerryMouse\JerryMouse\src\webapps\FuncA\A1
07 08, 2022 14:52:47 下午 cn.andy.JerryMouse.catalina.Context <init>
INFO : Deployment of web application /FuncA/A1 has finish
07 08, 2022 14:53:33 下午 cn.andy.JerryMouse.Bootstrap logJVM
INFO : Server Version:		JerryMouse1.0.1
07 08, 2022 14:53:33 下午 cn.andy.JerryMouse.Bootstrap logJVM
INFO : Server built:		2022-5-31
07 08, 2022 14:53:33 下午 cn.andy.JerryMouse.Bootstrap logJVM
INFO : Server number:		1.0.1
07 08, 2022 14:53:33 下午 cn.andy.JerryMouse.Bootstrap logJVM
INFO : OS Name	:		Windows 11
07 08, 2022 14:53:33 下午 cn.andy.JerryMouse.Bootstrap logJVM
INFO : OS Version	:		10.0
07 08, 2022 14:53:33 下午 cn.andy.JerryMouse.Bootstrap logJVM
INFO : Architecture:		amd64
07 08, 2022 14:53:33 下午 cn.andy.JerryMouse.Bootstrap logJVM
INFO : Java Home:		C:\Program Files\Java\javase18
07 08, 2022 14:53:33 下午 cn.andy.JerryMouse.Bootstrap logJVM
INFO : JVM version:		18+36-2087
07 08, 2022 14:53:33 下午 cn.andy.JerryMouse.Bootstrap logJVM
INFO : JVM vendor:		java.vm.specification.vendor
07 08, 2022 14:53:33 下午 cn.andy.JerryMouse.catalina.Context <init>
INFO : Deploying web application directory C:\Users\DELL\Desktop\JerryMouse\JerryMouse\src\webapps\FuncA\A1
07 08, 2022 14:53:33 下午 cn.andy.JerryMouse.catalina.Context <init>
INFO : Deployment of web application /A1 has finish
07 08, 2022 15:16:42 下午 cn.andy.JerryMouse.Bootstrap logJVM
INFO : Server Version:		JerryMouse1.0.1
07 08, 2022 15:16:42 下午 cn.andy.JerryMouse.Bootstrap logJVM
INFO : Server built:		2022-5-31
07 08, 2022 15:16:42 下午 cn.andy.JerryMouse.Bootstrap logJVM
INFO : Server number:		1.0.1
07 08, 2022 15:16:42 下午 cn.andy.JerryMouse.Bootstrap logJVM
INFO : OS Name	:		Windows 11
07 08, 2022 15:16:42 下午 cn.andy.JerryMouse.Bootstrap logJVM
INFO : OS Version	:		10.0
07 08, 2022 15:16:42 下午 cn.andy.JerryMouse.Bootstrap logJVM
INFO : Architecture:		amd64
07 08, 2022 15:16:42 下午 cn.andy.JerryMouse.Bootstrap logJVM
INFO : Java Home:		C:\Program Files\Java\javase18
07 08, 2022 15:16:42 下午 cn.andy.JerryMouse.Bootstrap logJVM
INFO : JVM version:		18+36-2087
07 08, 2022 15:16:42 下午 cn.andy.JerryMouse.Bootstrap logJVM
INFO : JVM vendor:		java.vm.specification.vendor
07 08, 2022 15:17:52 下午 cn.andy.JerryMouse.Bootstrap logJVM
INFO : Server Version:		JerryMouse1.0.1
07 08, 2022 15:17:52 下午 cn.andy.JerryMouse.Bootstrap logJVM
INFO : Server built:		2022-5-31
07 08, 2022 15:17:52 下午 cn.andy.JerryMouse.Bootstrap logJVM
INFO : Server number:		1.0.1
07 08, 2022 15:17:52 下午 cn.andy.JerryMouse.Bootstrap logJVM
INFO : OS Name	:		Windows 11
07 08, 2022 15:17:52 下午 cn.andy.JerryMouse.Bootstrap logJVM
INFO : OS Version	:		10.0
07 08, 2022 15:17:52 下午 cn.andy.JerryMouse.Bootstrap logJVM
INFO : Architecture:		amd64
07 08, 2022 15:17:52 下午 cn.andy.JerryMouse.Bootstrap logJVM
INFO : Java Home:		C:\Program Files\Java\javase18
07 08, 2022 15:17:52 下午 cn.andy.JerryMouse.Bootstrap logJVM
INFO : JVM version:		18+36-2087
07 08, 2022 15:17:52 下午 cn.andy.JerryMouse.Bootstrap logJVM
INFO : JVM vendor:		java.vm.specification.vendor
07 08, 2022 15:17:53 下午 cn.andy.JerryMouse.catalina.Context <init>
INFO : Deploying web application directory C:\Users\DELL\Desktop\JerryMouse\JerryMouse\src\webapps\FuncA\A1
07 08, 2022 15:17:53 下午 cn.andy.JerryMouse.catalina.Context <init>
INFO : Deployment of web application /A1 has finish
07 08, 2022 15:17:53 下午 cn.andy.JerryMouse.catalina.Context <init>
INFO : Deploying web application directory C:\Users\DELL\Desktop\JerryMouse\JerryMouse\src\webapps\FuncA
07 08, 2022 15:17:53 下午 cn.andy.JerryMouse.catalina.Context <init>
INFO : Deployment of web application /FuncA has finish
07 08, 2022 15:17:53 下午 cn.andy.JerryMouse.catalina.Context <init>
INFO : Deploying web application directory C:\Users\DELL\Desktop\JerryMouse\JerryMouse\src\webapps\ROOT
07 08, 2022 15:17:53 下午 cn.andy.JerryMouse.catalina.Context <init>
INFO : Deployment of web application / has finish
07 08, 2022 16:24:49 下午 cn.andy.JerryMouse.Bootstrap logJVM
INFO : Server Version:		JerryMouse1.0.1
07 08, 2022 16:24:49 下午 cn.andy.JerryMouse.Bootstrap logJVM
INFO : Server built:		2022-5-31
07 08, 2022 16:24:49 下午 cn.andy.JerryMouse.Bootstrap logJVM
INFO : Server number:		1.0.1
07 08, 2022 16:24:49 下午 cn.andy.JerryMouse.Bootstrap logJVM
INFO : OS Name	:		Windows 11
07 08, 2022 16:24:49 下午 cn.andy.JerryMouse.Bootstrap logJVM
INFO : OS Version	:		10.0
07 08, 2022 16:24:49 下午 cn.andy.JerryMouse.Bootstrap logJVM
INFO : Architecture:		amd64
07 08, 2022 16:24:49 下午 cn.andy.JerryMouse.Bootstrap logJVM
INFO : Java Home:		C:\Program Files\Java\javase18
07 08, 2022 16:24:49 下午 cn.andy.JerryMouse.Bootstrap logJVM
INFO : JVM version:		18+36-2087
07 08, 2022 16:24:49 下午 cn.andy.JerryMouse.Bootstrap logJVM
INFO : JVM vendor:		java.vm.specification.vendor
07 08, 2022 16:24:51 下午 cn.andy.JerryMouse.catalina.Context <init>
INFO : Deploying web application directory C:\Users\DELL\Desktop\JerryMouse\JerryMouse\src\webapps\FuncA
07 08, 2022 16:24:51 下午 cn.andy.JerryMouse.catalina.Context <init>
INFO : Deployment of web application /FuncA has finish
07 08, 2022 16:24:51 下午 cn.andy.JerryMouse.catalina.Context <init>
INFO : Deploying web application directory C:\Users\DELL\Desktop\JerryMouse\JerryMouse\src\webapps\ROOT
07 08, 2022 16:24:51 下午 cn.andy.JerryMouse.catalina.Context <init>
INFO : Deployment of web application / has finish
07 08, 2022 16:24:51 下午 cn.andy.JerryMouse.catalina.Context <init>
INFO : Deploying web application directory C:\Users\DELL\Desktop\JerryMouse\JerryMouse\src\webapps\FuncA\A1
07 08, 2022 16:24:51 下午 cn.andy.JerryMouse.catalina.Context <init>
INFO : Deployment of web application /A1 has finish
07 08, 2022 16:46:45 下午 cn.andy.JerryMouse.Bootstrap logJVM
INFO : Server Version:		JerryMouse1.0.1
07 08, 2022 16:46:45 下午 cn.andy.JerryMouse.Bootstrap logJVM
INFO : Server built:		2022-5-31
07 08, 2022 16:46:45 下午 cn.andy.JerryMouse.Bootstrap logJVM
INFO : Server number:		1.0.1
07 08, 2022 16:46:45 下午 cn.andy.JerryMouse.Bootstrap logJVM
INFO : OS Name	:		Windows 11
07 08, 2022 16:46:45 下午 cn.andy.JerryMouse.Bootstrap logJVM
INFO : OS Version	:		10.0
07 08, 2022 16:46:45 下午 cn.andy.JerryMouse.Bootstrap logJVM
INFO : Architecture:		amd64
07 08, 2022 16:46:45 下午 cn.andy.JerryMouse.Bootstrap logJVM
INFO : Java Home:		C:\Program Files\Java\javase18
07 08, 2022 16:46:45 下午 cn.andy.JerryMouse.Bootstrap logJVM
INFO : JVM version:		18+36-2087
07 08, 2022 16:46:45 下午 cn.andy.JerryMouse.Bootstrap logJVM
INFO : JVM vendor:		java.vm.specification.vendor
07 08, 2022 16:46:47 下午 cn.andy.JerryMouse.catalina.Context <init>
INFO : Deploying web application directory C:\Users\DELL\Desktop\JerryMouse\JerryMouse\src\webapps\FuncA
07 08, 2022 16:46:47 下午 cn.andy.JerryMouse.catalina.Context <init>
INFO : Deployment of web application /FuncA has finish
07 08, 2022 16:46:47 下午 cn.andy.JerryMouse.catalina.Context <init>
INFO : Deploying web application directory C:\Users\DELL\Desktop\JerryMouse\JerryMouse\src\webapps\ROOT
07 08, 2022 16:46:47 下午 cn.andy.JerryMouse.catalina.Context <init>
INFO : Deployment of web application / has finish
07 08, 2022 16:46:47 下午 cn.andy.JerryMouse.catalina.Context <init>
INFO : Deploying web application directory C:\Users\DELL\Desktop\JerryMouse\JerryMouse\src\webapps\FuncA\A1
07 08, 2022 16:46:47 下午 cn.andy.JerryMouse.catalina.Context <init>
INFO : Deployment of web application /A1 has finish
07 08, 2022 16:54:08 下午 cn.andy.JerryMouse.catalina.Context <init>
INFO : Deploying web application directory C:\Users\DELL\Desktop\JerryMouse\JerryMouse\src\webapps\FuncA
07 08, 2022 16:54:08 下午 cn.andy.JerryMouse.catalina.Context <init>
INFO : Deployment of web application /FuncA has finish
07 08, 2022 16:54:08 下午 cn.andy.JerryMouse.catalina.Context <init>
INFO : Deploying web application directory C:\Users\DELL\Desktop\JerryMouse\JerryMouse\src\webapps\ROOT
07 08, 2022 16:54:08 下午 cn.andy.JerryMouse.catalina.Context <init>
INFO : Deployment of web application / has finish
07 08, 2022 16:54:08 下午 cn.andy.JerryMouse.catalina.Context <init>
INFO : Deploying web application directory C:\Users\DELL\Desktop\JerryMouse\JerryMouse\src\webapps\FuncA\A1
07 08, 2022 16:54:08 下午 cn.andy.JerryMouse.catalina.Context <init>
INFO : Deployment of web application /A1 has finish
07 08, 2022 16:54:08 下午 cn.andy.JerryMouse.catalina.Server logJVM
INFO : Server Version:		JerryMouse1.0.1
07 08, 2022 16:54:08 下午 cn.andy.JerryMouse.catalina.Server logJVM
INFO : Server built:		2022-5-31
07 08, 2022 16:54:08 下午 cn.andy.JerryMouse.catalina.Server logJVM
INFO : Server number:		1.0.1
07 08, 2022 16:54:08 下午 cn.andy.JerryMouse.catalina.Server logJVM
INFO : OS Name	:		Windows 11
07 08, 2022 16:54:08 下午 cn.andy.JerryMouse.catalina.Server logJVM
INFO : OS Version	:		10.0
07 08, 2022 16:54:08 下午 cn.andy.JerryMouse.catalina.Server logJVM
INFO : Architecture:		amd64
07 08, 2022 16:54:08 下午 cn.andy.JerryMouse.catalina.Server logJVM
INFO : Java Home:		C:\Program Files\Java\javase18
07 08, 2022 16:54:08 下午 cn.andy.JerryMouse.catalina.Server logJVM
INFO : JVM version:		18+36-2087
07 08, 2022 16:54:08 下午 cn.andy.JerryMouse.catalina.Server logJVM
INFO : JVM vendor:		java.vm.specification.vendor
