07 14, 2022 15:55:51 下午 cn.andy.JerryMouse.catalina.Context <init>
INFO : Deploying web application directory C:\Users\DELL\Desktop\JerryMouse\JerryMouse\src\webapps\FuncA
07 14, 2022 15:55:51 下午 cn.andy.JerryMouse.catalina.Context <init>
INFO : Deployment of web application /FuncA has finish
07 14, 2022 15:55:51 下午 cn.andy.JerryMouse.catalina.Context <init>
INFO : Deploying web application directory C:\Users\DELL\Desktop\JerryMouse\JerryMouse\src\webapps\ROOT
07 14, 2022 15:55:51 下午 cn.andy.JerryMouse.catalina.Context <init>
INFO : Deployment of web application / has finish
07 14, 2022 15:55:51 下午 cn.andy.JerryMouse.catalina.Context <init>
INFO : Deploying web application directory C:\Users\DELL\Desktop\JerryMouse\JerryMouse\src\webapps\FuncA\A1
07 14, 2022 15:55:51 下午 cn.andy.JerryMouse.catalina.Context <init>
INFO : Deployment of web application /A1 has finish
07 14, 2022 15:55:51 下午 cn.andy.JerryMouse.catalina.Server logJVM
INFO : Server Version:		JerryMouse1.0.1
07 14, 2022 15:55:51 下午 cn.andy.JerryMouse.catalina.Server logJVM
INFO : Server built:		2022-5-31
07 14, 2022 15:55:51 下午 cn.andy.JerryMouse.catalina.Server logJVM
INFO : Server number:		1.0.1
07 14, 2022 15:55:51 下午 cn.andy.JerryMouse.catalina.Server logJVM
INFO : OS Name	:		Windows 11
07 14, 2022 15:55:51 下午 cn.andy.JerryMouse.catalina.Server logJVM
INFO : OS Version	:		10.0
07 14, 2022 15:55:51 下午 cn.andy.JerryMouse.catalina.Server logJVM
INFO : Architecture:		amd64
07 14, 2022 15:55:51 下午 cn.andy.JerryMouse.catalina.Server logJVM
INFO : Java Home:		E:\WORK - JAVA\JAVA-JDK-18
07 14, 2022 15:55:51 下午 cn.andy.JerryMouse.catalina.Server logJVM
INFO : JVM version:		18.0.1.1+2-6
07 14, 2022 15:55:51 下午 cn.andy.JerryMouse.catalina.Server logJVM
INFO : JVM vendor:		java.vm.specification.vendor
07 14, 2022 15:55:51 下午 cn.andy.JerryMouse.catalina.Service init
INFO : Initializing Service [Catalina] in 0ms
07 14, 2022 15:55:51 下午 cn.andy.JerryMouse.catalina.Server start
INFO : Server startup in 12 ms
07 14, 2022 16:02:00 下午 cn.andy.JerryMouse.catalina.Context <init>
INFO : Deploying web application directory C:\Users\DELL\Desktop\JerryMouse\JerryMouse\src\webapps\FuncA
07 14, 2022 16:02:00 下午 cn.andy.JerryMouse.catalina.Context <init>
INFO : Deployment of web application /FuncA has finish
07 14, 2022 16:02:00 下午 cn.andy.JerryMouse.catalina.Context <init>
INFO : Deploying web application directory C:\Users\DELL\Desktop\JerryMouse\JerryMouse\src\webapps\ROOT
07 14, 2022 16:02:00 下午 cn.andy.JerryMouse.catalina.Context <init>
INFO : Deployment of web application / has finish
07 14, 2022 16:02:00 下午 cn.andy.JerryMouse.catalina.Context <init>
INFO : Deploying web application directory C:\Users\DELL\Desktop\JerryMouse\JerryMouse\src\webapps\FuncA\A1
07 14, 2022 16:02:00 下午 cn.andy.JerryMouse.catalina.Context <init>
INFO : Deployment of web application /A1 has finish
07 14, 2022 16:02:00 下午 cn.andy.JerryMouse.catalina.Server logJVM
INFO : Server Version:		JerryMouse1.0.1
07 14, 2022 16:02:00 下午 cn.andy.JerryMouse.catalina.Server logJVM
INFO : Server built:		2022-5-31
07 14, 2022 16:02:00 下午 cn.andy.JerryMouse.catalina.Server logJVM
INFO : Server number:		1.0.1
07 14, 2022 16:02:00 下午 cn.andy.JerryMouse.catalina.Server logJVM
INFO : OS Name	:		Windows 11
07 14, 2022 16:02:00 下午 cn.andy.JerryMouse.catalina.Server logJVM
INFO : OS Version	:		10.0
07 14, 2022 16:02:00 下午 cn.andy.JerryMouse.catalina.Server logJVM
INFO : Architecture:		amd64
07 14, 2022 16:02:00 下午 cn.andy.JerryMouse.catalina.Server logJVM
INFO : Java Home:		E:\WORK - JAVA\JAVA-JDK-18
07 14, 2022 16:02:00 下午 cn.andy.JerryMouse.catalina.Server logJVM
INFO : JVM version:		18.0.1.1+2-6
07 14, 2022 16:02:00 下午 cn.andy.JerryMouse.catalina.Server logJVM
INFO : JVM vendor:		java.vm.specification.vendor
07 14, 2022 16:02:00 下午 cn.andy.JerryMouse.catalina.Service init
INFO : Initializing Service [Catalina] in 0ms
07 14, 2022 16:02:00 下午 cn.andy.JerryMouse.catalina.Server start
INFO : Server startup in 11 ms
07 14, 2022 16:02:14 下午 cn.andy.JerryMouse.catalina.Context <init>
INFO : Deploying web application directory C:\Users\DELL\Desktop\JerryMouse\JerryMouse\src\webapps\FuncA
07 14, 2022 16:02:14 下午 cn.andy.JerryMouse.catalina.Context <init>
INFO : Deployment of web application /FuncA has finish
07 14, 2022 16:02:14 下午 cn.andy.JerryMouse.catalina.Context <init>
INFO : Deploying web application directory C:\Users\DELL\Desktop\JerryMouse\JerryMouse\src\webapps\ROOT
07 14, 2022 16:02:14 下午 cn.andy.JerryMouse.catalina.Context <init>
INFO : Deployment of web application / has finish
07 14, 2022 16:02:14 下午 cn.andy.JerryMouse.catalina.Context <init>
INFO : Deploying web application directory C:\Users\DELL\Desktop\JerryMouse\JerryMouse\src\webapps\FuncA\A1
07 14, 2022 16:02:14 下午 cn.andy.JerryMouse.catalina.Context <init>
INFO : Deployment of web application /A1 has finish
07 14, 2022 16:02:14 下午 cn.andy.JerryMouse.catalina.Server logJVM
INFO : Server Version:		JerryMouse1.0.1
07 14, 2022 16:02:14 下午 cn.andy.JerryMouse.catalina.Server logJVM
INFO : Server built:		2022-5-31
07 14, 2022 16:02:14 下午 cn.andy.JerryMouse.catalina.Server logJVM
INFO : Server number:		1.0.1
07 14, 2022 16:02:14 下午 cn.andy.JerryMouse.catalina.Server logJVM
INFO : OS Name	:		Windows 11
07 14, 2022 16:02:14 下午 cn.andy.JerryMouse.catalina.Server logJVM
INFO : OS Version	:		10.0
07 14, 2022 16:02:14 下午 cn.andy.JerryMouse.catalina.Server logJVM
INFO : Architecture:		amd64
07 14, 2022 16:02:14 下午 cn.andy.JerryMouse.catalina.Server logJVM
INFO : Java Home:		E:\WORK - JAVA\JAVA-JDK-18
07 14, 2022 16:02:14 下午 cn.andy.JerryMouse.catalina.Server logJVM
INFO : JVM version:		18.0.1.1+2-6
07 14, 2022 16:02:14 下午 cn.andy.JerryMouse.catalina.Server logJVM
INFO : JVM vendor:		java.vm.specification.vendor
07 14, 2022 16:02:14 下午 cn.andy.JerryMouse.catalina.Service init
INFO : Initializing Service [Catalina] in 0ms
07 14, 2022 16:02:14 下午 cn.andy.JerryMouse.catalina.Server start
INFO : Server startup in 10 ms
07 14, 2022 16:04:31 下午 cn.andy.JerryMouse.catalina.Context <init>
INFO : Deploying web application directory C:\Users\DELL\Desktop\JerryMouse\JerryMouse\src\webapps\FuncA
07 14, 2022 16:04:31 下午 cn.andy.JerryMouse.catalina.Context <init>
INFO : Deployment of web application /FuncA has finish
07 14, 2022 16:04:31 下午 cn.andy.JerryMouse.catalina.Context <init>
INFO : Deploying web application directory C:\Users\DELL\Desktop\JerryMouse\JerryMouse\src\webapps\ROOT
07 14, 2022 16:04:31 下午 cn.andy.JerryMouse.catalina.Context <init>
INFO : Deployment of web application / has finish
07 14, 2022 16:04:31 下午 cn.andy.JerryMouse.catalina.Context <init>
INFO : Deploying web application directory C:\Users\DELL\Desktop\JerryMouse\JerryMouse\src\webapps\FuncA\A1
07 14, 2022 16:04:31 下午 cn.andy.JerryMouse.catalina.Context <init>
INFO : Deployment of web application /A1 has finish
07 14, 2022 16:04:31 下午 cn.andy.JerryMouse.catalina.Server logJVM
INFO : Server Version:		JerryMouse1.0.1
07 14, 2022 16:04:31 下午 cn.andy.JerryMouse.catalina.Server logJVM
INFO : Server built:		2022-5-31
07 14, 2022 16:04:31 下午 cn.andy.JerryMouse.catalina.Server logJVM
INFO : Server number:		1.0.1
07 14, 2022 16:04:31 下午 cn.andy.JerryMouse.catalina.Server logJVM
INFO : OS Name	:		Windows 11
07 14, 2022 16:04:31 下午 cn.andy.JerryMouse.catalina.Server logJVM
INFO : OS Version	:		10.0
07 14, 2022 16:04:31 下午 cn.andy.JerryMouse.catalina.Server logJVM
INFO : Architecture:		amd64
07 14, 2022 16:04:31 下午 cn.andy.JerryMouse.catalina.Server logJVM
INFO : Java Home:		E:\WORK - JAVA\JAVA-JDK-18
07 14, 2022 16:04:31 下午 cn.andy.JerryMouse.catalina.Server logJVM
INFO : JVM version:		18.0.1.1+2-6
07 14, 2022 16:04:31 下午 cn.andy.JerryMouse.catalina.Server logJVM
INFO : JVM vendor:		java.vm.specification.vendor
07 14, 2022 16:04:31 下午 cn.andy.JerryMouse.catalina.Service init
INFO : Initializing Service [Catalina] in 0ms
07 14, 2022 16:04:31 下午 cn.andy.JerryMouse.catalina.Server start
INFO : Server startup in 10 ms
07 14, 2022 16:04:59 下午 cn.andy.JerryMouse.catalina.Context <init>
INFO : Deploying web application directory C:\Users\DELL\Desktop\JerryMouse\JerryMouse\src\webapps\FuncA
07 14, 2022 16:04:59 下午 cn.andy.JerryMouse.catalina.Context <init>
INFO : Deployment of web application /FuncA has finish
07 14, 2022 16:04:59 下午 cn.andy.JerryMouse.catalina.Context <init>
INFO : Deploying web application directory C:\Users\DELL\Desktop\JerryMouse\JerryMouse\src\webapps\ROOT
07 14, 2022 16:04:59 下午 cn.andy.JerryMouse.catalina.Context <init>
INFO : Deployment of web application / has finish
07 14, 2022 16:04:59 下午 cn.andy.JerryMouse.catalina.Context <init>
INFO : Deploying web application directory C:\Users\DELL\Desktop\JerryMouse\JerryMouse\src\webapps\FuncA\A1
07 14, 2022 16:04:59 下午 cn.andy.JerryMouse.catalina.Context <init>
INFO : Deployment of web application /A1 has finish
07 14, 2022 16:04:59 下午 cn.andy.JerryMouse.catalina.Server logJVM
INFO : Server Version:		JerryMouse1.0.1
07 14, 2022 16:04:59 下午 cn.andy.JerryMouse.catalina.Server logJVM
INFO : Server built:		2022-5-31
07 14, 2022 16:04:59 下午 cn.andy.JerryMouse.catalina.Server logJVM
INFO : Server number:		1.0.1
07 14, 2022 16:04:59 下午 cn.andy.JerryMouse.catalina.Server logJVM
INFO : OS Name	:		Windows 11
07 14, 2022 16:04:59 下午 cn.andy.JerryMouse.catalina.Server logJVM
INFO : OS Version	:		10.0
07 14, 2022 16:04:59 下午 cn.andy.JerryMouse.catalina.Server logJVM
INFO : Architecture:		amd64
07 14, 2022 16:04:59 下午 cn.andy.JerryMouse.catalina.Server logJVM
INFO : Java Home:		E:\WORK - JAVA\JAVA-JDK-18
07 14, 2022 16:04:59 下午 cn.andy.JerryMouse.catalina.Server logJVM
INFO : JVM version:		18.0.1.1+2-6
07 14, 2022 16:04:59 下午 cn.andy.JerryMouse.catalina.Server logJVM
INFO : JVM vendor:		java.vm.specification.vendor
07 14, 2022 16:04:59 下午 cn.andy.JerryMouse.catalina.Service init
INFO : Initializing Service [Catalina] in 0ms
07 14, 2022 16:04:59 下午 cn.andy.JerryMouse.catalina.Server start
INFO : Server startup in 20 ms
07 14, 2022 16:06:00 下午 cn.andy.JerryMouse.catalina.Context <init>
INFO : Deploying web application directory C:\Users\DELL\Desktop\JerryMouse\JerryMouse\src\webapps\FuncA
07 14, 2022 16:06:00 下午 cn.andy.JerryMouse.catalina.Context <init>
INFO : Deployment of web application /FuncA has finish
07 14, 2022 16:06:00 下午 cn.andy.JerryMouse.catalina.Context <init>
INFO : Deploying web application directory C:\Users\DELL\Desktop\JerryMouse\JerryMouse\src\webapps\ROOT
07 14, 2022 16:06:00 下午 cn.andy.JerryMouse.catalina.Context <init>
INFO : Deployment of web application / has finish
07 14, 2022 16:06:00 下午 cn.andy.JerryMouse.catalina.Context <init>
INFO : Deploying web application directory C:\Users\DELL\Desktop\JerryMouse\JerryMouse\src\webapps\FuncA\A1
07 14, 2022 16:06:00 下午 cn.andy.JerryMouse.catalina.Context <init>
INFO : Deployment of web application /A1 has finish
07 14, 2022 16:06:00 下午 cn.andy.JerryMouse.catalina.Server logJVM
INFO : Server Version:		JerryMouse1.0.1
07 14, 2022 16:06:00 下午 cn.andy.JerryMouse.catalina.Server logJVM
INFO : Server built:		2022-5-31
07 14, 2022 16:06:00 下午 cn.andy.JerryMouse.catalina.Server logJVM
INFO : Server number:		1.0.1
07 14, 2022 16:06:00 下午 cn.andy.JerryMouse.catalina.Server logJVM
INFO : OS Name	:		Windows 11
07 14, 2022 16:06:00 下午 cn.andy.JerryMouse.catalina.Server logJVM
INFO : OS Version	:		10.0
07 14, 2022 16:06:00 下午 cn.andy.JerryMouse.catalina.Server logJVM
INFO : Architecture:		amd64
07 14, 2022 16:06:00 下午 cn.andy.JerryMouse.catalina.Server logJVM
INFO : Java Home:		E:\WORK - JAVA\JAVA-JDK-18
07 14, 2022 16:06:00 下午 cn.andy.JerryMouse.catalina.Server logJVM
INFO : JVM version:		18.0.1.1+2-6
07 14, 2022 16:06:00 下午 cn.andy.JerryMouse.catalina.Server logJVM
INFO : JVM vendor:		java.vm.specification.vendor
07 14, 2022 16:06:00 下午 cn.andy.JerryMouse.catalina.Service init
INFO : Initializing Service [Catalina] in 0ms
07 14, 2022 16:06:00 下午 cn.andy.JerryMouse.catalina.Server start
INFO : Server startup in 10 ms
07 14, 2022 16:07:10 下午 cn.andy.JerryMouse.catalina.Context <init>
INFO : Deploying web application directory C:\Users\DELL\Desktop\JerryMouse\JerryMouse\src\webapps\FuncA
07 14, 2022 16:07:10 下午 cn.andy.JerryMouse.catalina.Context <init>
INFO : Deployment of web application /FuncA has finish
07 14, 2022 16:07:10 下午 cn.andy.JerryMouse.catalina.Context <init>
INFO : Deploying web application directory C:\Users\DELL\Desktop\JerryMouse\JerryMouse\src\webapps\ROOT
07 14, 2022 16:07:10 下午 cn.andy.JerryMouse.catalina.Context <init>
INFO : Deployment of web application / has finish
07 14, 2022 16:07:10 下午 cn.andy.JerryMouse.catalina.Context <init>
INFO : Deploying web application directory C:\Users\DELL\Desktop\JerryMouse\JerryMouse\src\webapps\FuncA\A1
07 14, 2022 16:07:10 下午 cn.andy.JerryMouse.catalina.Context <init>
INFO : Deployment of web application /A1 has finish
07 14, 2022 16:07:10 下午 cn.andy.JerryMouse.catalina.Server logJVM
INFO : Server Version:		JerryMouse1.0.1
07 14, 2022 16:07:10 下午 cn.andy.JerryMouse.catalina.Server logJVM
INFO : Server built:		2022-5-31
07 14, 2022 16:07:10 下午 cn.andy.JerryMouse.catalina.Server logJVM
INFO : Server number:		1.0.1
07 14, 2022 16:07:10 下午 cn.andy.JerryMouse.catalina.Server logJVM
INFO : OS Name	:		Windows 11
07 14, 2022 16:07:10 下午 cn.andy.JerryMouse.catalina.Server logJVM
INFO : OS Version	:		10.0
07 14, 2022 16:07:10 下午 cn.andy.JerryMouse.catalina.Server logJVM
INFO : Architecture:		amd64
07 14, 2022 16:07:10 下午 cn.andy.JerryMouse.catalina.Server logJVM
INFO : Java Home:		E:\WORK - JAVA\JAVA-JDK-18
07 14, 2022 16:07:10 下午 cn.andy.JerryMouse.catalina.Server logJVM
INFO : JVM version:		18.0.1.1+2-6
07 14, 2022 16:07:10 下午 cn.andy.JerryMouse.catalina.Server logJVM
INFO : JVM vendor:		java.vm.specification.vendor
07 14, 2022 16:07:10 下午 cn.andy.JerryMouse.catalina.Service init
INFO : Initializing Service [Catalina] in 0ms
07 14, 2022 16:07:10 下午 cn.andy.JerryMouse.catalina.Server start
INFO : Server startup in 10 ms
07 14, 2022 16:08:49 下午 cn.andy.JerryMouse.catalina.Context <init>
INFO : Deploying web application directory C:\Users\DELL\Desktop\JerryMouse\JerryMouse\src\webapps\FuncA
07 14, 2022 16:08:49 下午 cn.andy.JerryMouse.catalina.Context <init>
INFO : Deployment of web application /FuncA has finish
07 14, 2022 16:08:49 下午 cn.andy.JerryMouse.catalina.Context <init>
INFO : Deploying web application directory C:\Users\DELL\Desktop\JerryMouse\JerryMouse\src\webapps\ROOT
07 14, 2022 16:08:49 下午 cn.andy.JerryMouse.catalina.Context <init>
INFO : Deployment of web application / has finish
07 14, 2022 16:08:49 下午 cn.andy.JerryMouse.catalina.Context <init>
INFO : Deploying web application directory C:\Users\DELL\Desktop\JerryMouse\JerryMouse\src\webapps\FuncA\A1
07 14, 2022 16:08:49 下午 cn.andy.JerryMouse.catalina.Context <init>
INFO : Deployment of web application /A1 has finish
07 14, 2022 16:08:49 下午 cn.andy.JerryMouse.catalina.Server logJVM
INFO : Server Version:		JerryMouse1.0.1
07 14, 2022 16:08:49 下午 cn.andy.JerryMouse.catalina.Server logJVM
INFO : Server built:		2022-5-31
07 14, 2022 16:08:49 下午 cn.andy.JerryMouse.catalina.Server logJVM
INFO : Server number:		1.0.1
07 14, 2022 16:08:49 下午 cn.andy.JerryMouse.catalina.Server logJVM
INFO : OS Name	:		Windows 11
07 14, 2022 16:08:49 下午 cn.andy.JerryMouse.catalina.Server logJVM
INFO : OS Version	:		10.0
07 14, 2022 16:08:49 下午 cn.andy.JerryMouse.catalina.Server logJVM
INFO : Architecture:		amd64
07 14, 2022 16:08:49 下午 cn.andy.JerryMouse.catalina.Server logJVM
INFO : Java Home:		E:\WORK - JAVA\JAVA-JDK-18
07 14, 2022 16:08:49 下午 cn.andy.JerryMouse.catalina.Server logJVM
INFO : JVM version:		18.0.1.1+2-6
07 14, 2022 16:08:49 下午 cn.andy.JerryMouse.catalina.Server logJVM
INFO : JVM vendor:		java.vm.specification.vendor
07 14, 2022 16:08:49 下午 cn.andy.JerryMouse.catalina.Connector init
INFO : Initializing ProtocolHandler [http-bio-18080]
07 14, 2022 16:08:49 下午 cn.andy.JerryMouse.catalina.Connector init
INFO : Initializing ProtocolHandler [http-bio-18081]
07 14, 2022 16:08:49 下午 cn.andy.JerryMouse.catalina.Connector init
INFO : Initializing ProtocolHandler [http-bio-18082]
07 14, 2022 16:08:49 下午 cn.andy.JerryMouse.catalina.Service init
INFO : Initializing Service [Catalina] in 1ms
07 14, 2022 16:08:49 下午 cn.andy.JerryMouse.catalina.Connector start
INFO : Starting ProtocolHandler [http-bio-18080]
07 14, 2022 16:08:49 下午 cn.andy.JerryMouse.catalina.Connector start
INFO : Starting ProtocolHandler [http-bio-18081]
07 14, 2022 16:08:49 下午 cn.andy.JerryMouse.catalina.Connector start
INFO : Starting ProtocolHandler [http-bio-18082]
07 14, 2022 16:08:49 下午 cn.andy.JerryMouse.catalina.Server start
INFO : Server startup in 9 ms
07 14, 2022 16:08:49 下午 cn.andy.JerryMouse.catalina.Connector func
ERROR: Address already in use: bind
java.net.BindException: Address already in use: bind
	at java.base/sun.nio.ch.Net.bind0(Native Method)
	at java.base/sun.nio.ch.Net.bind(Net.java:555)
	at java.base/sun.nio.ch.Net.bind(Net.java:544)
	at java.base/sun.nio.ch.NioSocketImpl.bind(NioSocketImpl.java:640)
	at java.base/java.net.ServerSocket.bind(ServerSocket.java:392)
	at java.base/java.net.ServerSocket.<init>(ServerSocket.java:274)
	at java.base/java.net.ServerSocket.<init>(ServerSocket.java:167)
	at cn.andy.JerryMouse.catalina.Connector.func(Connector.java:51)
	at cn.andy.JerryMouse.catalina.Connector.run(Connector.java:45)
	at java.base/java.lang.Thread.run(Thread.java:833)
07 14, 2022 16:08:49 下午 cn.andy.JerryMouse.catalina.Connector func
ERROR: Address already in use: bind
java.net.BindException: Address already in use: bind
	at java.base/sun.nio.ch.Net.bind0(Native Method)
	at java.base/sun.nio.ch.Net.bind(Net.java:555)
	at java.base/sun.nio.ch.Net.bind(Net.java:544)
	at java.base/sun.nio.ch.NioSocketImpl.bind(NioSocketImpl.java:640)
	at java.base/java.net.ServerSocket.bind(ServerSocket.java:392)
	at java.base/java.net.ServerSocket.<init>(ServerSocket.java:274)
	at java.base/java.net.ServerSocket.<init>(ServerSocket.java:167)
	at cn.andy.JerryMouse.catalina.Connector.func(Connector.java:51)
	at cn.andy.JerryMouse.catalina.Connector.run(Connector.java:45)
	at java.base/java.lang.Thread.run(Thread.java:833)
07 14, 2022 16:09:51 下午 cn.andy.JerryMouse.catalina.Context <init>
INFO : Deploying web application directory C:\Users\DELL\Desktop\JerryMouse\JerryMouse\src\webapps\FuncA
07 14, 2022 16:09:51 下午 cn.andy.JerryMouse.catalina.Context <init>
INFO : Deployment of web application /FuncA has finish
07 14, 2022 16:09:51 下午 cn.andy.JerryMouse.catalina.Context <init>
INFO : Deploying web application directory C:\Users\DELL\Desktop\JerryMouse\JerryMouse\src\webapps\ROOT
07 14, 2022 16:09:51 下午 cn.andy.JerryMouse.catalina.Context <init>
INFO : Deployment of web application / has finish
07 14, 2022 16:09:51 下午 cn.andy.JerryMouse.catalina.Context <init>
INFO : Deploying web application directory C:\Users\DELL\Desktop\JerryMouse\JerryMouse\src\webapps\FuncA\A1
07 14, 2022 16:09:51 下午 cn.andy.JerryMouse.catalina.Context <init>
INFO : Deployment of web application /A1 has finish
07 14, 2022 16:09:51 下午 cn.andy.JerryMouse.catalina.Server logJVM
INFO : Server Version:		JerryMouse1.0.1
07 14, 2022 16:09:51 下午 cn.andy.JerryMouse.catalina.Server logJVM
INFO : Server built:		2022-5-31
07 14, 2022 16:09:51 下午 cn.andy.JerryMouse.catalina.Server logJVM
INFO : Server number:		1.0.1
07 14, 2022 16:09:51 下午 cn.andy.JerryMouse.catalina.Server logJVM
INFO : OS Name	:		Windows 11
07 14, 2022 16:09:51 下午 cn.andy.JerryMouse.catalina.Server logJVM
INFO : OS Version	:		10.0
07 14, 2022 16:09:51 下午 cn.andy.JerryMouse.catalina.Server logJVM
INFO : Architecture:		amd64
07 14, 2022 16:09:51 下午 cn.andy.JerryMouse.catalina.Server logJVM
INFO : Java Home:		E:\WORK - JAVA\JAVA-JDK-18
07 14, 2022 16:09:51 下午 cn.andy.JerryMouse.catalina.Server logJVM
INFO : JVM version:		18.0.1.1+2-6
07 14, 2022 16:09:51 下午 cn.andy.JerryMouse.catalina.Server logJVM
INFO : JVM vendor:		java.vm.specification.vendor
07 14, 2022 16:09:51 下午 cn.andy.JerryMouse.catalina.Connector init
INFO : Initializing ProtocolHandler [http-bio-18080]
07 14, 2022 16:09:51 下午 cn.andy.JerryMouse.catalina.Connector init
INFO : Initializing ProtocolHandler [http-bio-18081]
07 14, 2022 16:09:51 下午 cn.andy.JerryMouse.catalina.Connector init
INFO : Initializing ProtocolHandler [http-bio-18082]
07 14, 2022 16:09:51 下午 cn.andy.JerryMouse.catalina.Service init
INFO : Initializing Service [Catalina] in 10ms
07 14, 2022 16:09:51 下午 cn.andy.JerryMouse.catalina.Connector start
INFO : Starting ProtocolHandler [http-bio-18080]
07 14, 2022 16:09:51 下午 cn.andy.JerryMouse.catalina.Connector start
INFO : Starting ProtocolHandler [http-bio-18081]
07 14, 2022 16:09:51 下午 cn.andy.JerryMouse.catalina.Connector start
INFO : Starting ProtocolHandler [http-bio-18082]
07 14, 2022 16:09:51 下午 cn.andy.JerryMouse.catalina.Server start
INFO : Server startup in 10 ms
07 14, 2022 16:09:51 下午 cn.andy.JerryMouse.catalina.Connector func
ERROR: Address already in use: bind
java.net.BindException: Address already in use: bind
	at java.base/sun.nio.ch.Net.bind0(Native Method)
	at java.base/sun.nio.ch.Net.bind(Net.java:555)
	at java.base/sun.nio.ch.Net.bind(Net.java:544)
	at java.base/sun.nio.ch.NioSocketImpl.bind(NioSocketImpl.java:640)
	at java.base/java.net.ServerSocket.bind(ServerSocket.java:392)
	at java.base/java.net.ServerSocket.<init>(ServerSocket.java:274)
	at java.base/java.net.ServerSocket.<init>(ServerSocket.java:167)
	at cn.andy.JerryMouse.catalina.Connector.func(Connector.java:51)
	at cn.andy.JerryMouse.catalina.Connector.run(Connector.java:45)
	at java.base/java.lang.Thread.run(Thread.java:833)
07 14, 2022 16:09:51 下午 cn.andy.JerryMouse.catalina.Connector func
ERROR: Address already in use: bind
java.net.BindException: Address already in use: bind
	at java.base/sun.nio.ch.Net.bind0(Native Method)
	at java.base/sun.nio.ch.Net.bind(Net.java:555)
	at java.base/sun.nio.ch.Net.bind(Net.java:544)
	at java.base/sun.nio.ch.NioSocketImpl.bind(NioSocketImpl.java:640)
	at java.base/java.net.ServerSocket.bind(ServerSocket.java:392)
	at java.base/java.net.ServerSocket.<init>(ServerSocket.java:274)
	at java.base/java.net.ServerSocket.<init>(ServerSocket.java:167)
	at cn.andy.JerryMouse.catalina.Connector.func(Connector.java:51)
	at cn.andy.JerryMouse.catalina.Connector.run(Connector.java:45)
	at java.base/java.lang.Thread.run(Thread.java:833)
07 14, 2022 16:11:03 下午 cn.andy.JerryMouse.catalina.Context <init>
INFO : Deploying web application directory C:\Users\DELL\Desktop\JerryMouse\JerryMouse\src\webapps\FuncA
07 14, 2022 16:11:03 下午 cn.andy.JerryMouse.catalina.Context <init>
INFO : Deployment of web application /FuncA has finish
07 14, 2022 16:11:03 下午 cn.andy.JerryMouse.catalina.Context <init>
INFO : Deploying web application directory C:\Users\DELL\Desktop\JerryMouse\JerryMouse\src\webapps\ROOT
07 14, 2022 16:11:03 下午 cn.andy.JerryMouse.catalina.Context <init>
INFO : Deployment of web application / has finish
07 14, 2022 16:11:03 下午 cn.andy.JerryMouse.catalina.Context <init>
INFO : Deploying web application directory C:\Users\DELL\Desktop\JerryMouse\JerryMouse\src\webapps\FuncA\A1
07 14, 2022 16:11:03 下午 cn.andy.JerryMouse.catalina.Context <init>
INFO : Deployment of web application /A1 has finish
07 14, 2022 16:11:03 下午 cn.andy.JerryMouse.catalina.Server logJVM
INFO : Server Version:		JerryMouse1.0.1
07 14, 2022 16:11:03 下午 cn.andy.JerryMouse.catalina.Server logJVM
INFO : Server built:		2022-5-31
07 14, 2022 16:11:03 下午 cn.andy.JerryMouse.catalina.Server logJVM
INFO : Server number:		1.0.1
07 14, 2022 16:11:03 下午 cn.andy.JerryMouse.catalina.Server logJVM
INFO : OS Name	:		Windows 11
07 14, 2022 16:11:03 下午 cn.andy.JerryMouse.catalina.Server logJVM
INFO : OS Version	:		10.0
07 14, 2022 16:11:03 下午 cn.andy.JerryMouse.catalina.Server logJVM
INFO : Architecture:		amd64
07 14, 2022 16:11:03 下午 cn.andy.JerryMouse.catalina.Server logJVM
INFO : Java Home:		E:\WORK - JAVA\JAVA-JDK-18
07 14, 2022 16:11:03 下午 cn.andy.JerryMouse.catalina.Server logJVM
INFO : JVM version:		18.0.1.1+2-6
07 14, 2022 16:11:03 下午 cn.andy.JerryMouse.catalina.Server logJVM
INFO : JVM vendor:		java.vm.specification.vendor
07 14, 2022 16:11:03 下午 cn.andy.JerryMouse.catalina.Connector init
INFO : Initializing ProtocolHandler [http-bio-18080]
07 14, 2022 16:11:03 下午 cn.andy.JerryMouse.catalina.Connector init
INFO : Initializing ProtocolHandler [http-bio-18081]
07 14, 2022 16:11:03 下午 cn.andy.JerryMouse.catalina.Connector init
INFO : Initializing ProtocolHandler [http-bio-18082]
07 14, 2022 16:11:03 下午 cn.andy.JerryMouse.catalina.Service init
INFO : Initializing Service [Catalina] in 0ms
07 14, 2022 16:11:03 下午 cn.andy.JerryMouse.catalina.Connector start
INFO : Starting ProtocolHandler [http-bio-18080]
07 14, 2022 16:11:03 下午 cn.andy.JerryMouse.catalina.Connector start
INFO : Starting ProtocolHandler [http-bio-18081]
07 14, 2022 16:11:03 下午 cn.andy.JerryMouse.catalina.Connector start
INFO : Starting ProtocolHandler [http-bio-18082]
07 14, 2022 16:11:03 下午 cn.andy.JerryMouse.catalina.Server start
INFO : Server startup in 10 ms
07 14, 2022 16:11:03 下午 cn.andy.JerryMouse.catalina.Connector func
ERROR: Address already in use: bind
java.net.BindException: Address already in use: bind
	at java.base/sun.nio.ch.Net.bind0(Native Method)
	at java.base/sun.nio.ch.Net.bind(Net.java:555)
	at java.base/sun.nio.ch.Net.bind(Net.java:544)
	at java.base/sun.nio.ch.NioSocketImpl.bind(NioSocketImpl.java:640)
	at java.base/java.net.ServerSocket.bind(ServerSocket.java:392)
	at java.base/java.net.ServerSocket.<init>(ServerSocket.java:274)
	at java.base/java.net.ServerSocket.<init>(ServerSocket.java:167)
	at cn.andy.JerryMouse.catalina.Connector.func(Connector.java:51)
	at cn.andy.JerryMouse.catalina.Connector.run(Connector.java:45)
	at java.base/java.lang.Thread.run(Thread.java:833)
07 14, 2022 16:11:03 下午 cn.andy.JerryMouse.catalina.Connector func
ERROR: Address already in use: bind
java.net.BindException: Address already in use: bind
	at java.base/sun.nio.ch.Net.bind0(Native Method)
	at java.base/sun.nio.ch.Net.bind(Net.java:555)
	at java.base/sun.nio.ch.Net.bind(Net.java:544)
	at java.base/sun.nio.ch.NioSocketImpl.bind(NioSocketImpl.java:640)
	at java.base/java.net.ServerSocket.bind(ServerSocket.java:392)
	at java.base/java.net.ServerSocket.<init>(ServerSocket.java:274)
	at java.base/java.net.ServerSocket.<init>(ServerSocket.java:167)
	at cn.andy.JerryMouse.catalina.Connector.func(Connector.java:51)
	at cn.andy.JerryMouse.catalina.Connector.run(Connector.java:45)
	at java.base/java.lang.Thread.run(Thread.java:833)
07 14, 2022 16:11:43 下午 cn.andy.JerryMouse.catalina.Context <init>
INFO : Deploying web application directory C:\Users\DELL\Desktop\JerryMouse\JerryMouse\src\webapps\FuncA
07 14, 2022 16:11:43 下午 cn.andy.JerryMouse.catalina.Context <init>
INFO : Deployment of web application /FuncA has finish
07 14, 2022 16:11:43 下午 cn.andy.JerryMouse.catalina.Context <init>
INFO : Deploying web application directory C:\Users\DELL\Desktop\JerryMouse\JerryMouse\src\webapps\ROOT
07 14, 2022 16:11:43 下午 cn.andy.JerryMouse.catalina.Context <init>
INFO : Deployment of web application / has finish
07 14, 2022 16:11:43 下午 cn.andy.JerryMouse.catalina.Context <init>
INFO : Deploying web application directory C:\Users\DELL\Desktop\JerryMouse\JerryMouse\src\webapps\FuncA\A1
07 14, 2022 16:11:43 下午 cn.andy.JerryMouse.catalina.Context <init>
INFO : Deployment of web application /A1 has finish
07 14, 2022 16:11:43 下午 cn.andy.JerryMouse.catalina.Server logJVM
INFO : Server Version:		JerryMouse1.0.1
07 14, 2022 16:11:43 下午 cn.andy.JerryMouse.catalina.Server logJVM
INFO : Server built:		2022-5-31
07 14, 2022 16:11:43 下午 cn.andy.JerryMouse.catalina.Server logJVM
INFO : Server number:		1.0.1
07 14, 2022 16:11:43 下午 cn.andy.JerryMouse.catalina.Server logJVM
INFO : OS Name	:		Windows 11
07 14, 2022 16:11:43 下午 cn.andy.JerryMouse.catalina.Server logJVM
INFO : OS Version	:		10.0
07 14, 2022 16:11:43 下午 cn.andy.JerryMouse.catalina.Server logJVM
INFO : Architecture:		amd64
07 14, 2022 16:11:43 下午 cn.andy.JerryMouse.catalina.Server logJVM
INFO : Java Home:		E:\WORK - JAVA\JAVA-JDK-18
07 14, 2022 16:11:43 下午 cn.andy.JerryMouse.catalina.Server logJVM
INFO : JVM version:		18.0.1.1+2-6
07 14, 2022 16:11:43 下午 cn.andy.JerryMouse.catalina.Server logJVM
INFO : JVM vendor:		java.vm.specification.vendor
07 14, 2022 16:11:43 下午 cn.andy.JerryMouse.catalina.Connector init
INFO : Initializing ProtocolHandler [http-bio-18080]
07 14, 2022 16:11:43 下午 cn.andy.JerryMouse.catalina.Connector init
INFO : Initializing ProtocolHandler [http-bio-18081]
07 14, 2022 16:11:43 下午 cn.andy.JerryMouse.catalina.Connector init
INFO : Initializing ProtocolHandler [http-bio-18082]
07 14, 2022 16:11:43 下午 cn.andy.JerryMouse.catalina.Service init
INFO : Initializing Service [Catalina] in 0ms
07 14, 2022 16:11:43 下午 cn.andy.JerryMouse.catalina.Connector start
INFO : Starting ProtocolHandler [http-bio-18080]
07 14, 2022 16:11:43 下午 cn.andy.JerryMouse.catalina.Connector start
INFO : Starting ProtocolHandler [http-bio-18081]
07 14, 2022 16:11:43 下午 cn.andy.JerryMouse.catalina.Connector start
INFO : Starting ProtocolHandler [http-bio-18082]
07 14, 2022 16:11:43 下午 cn.andy.JerryMouse.catalina.Server start
INFO : Server startup in 10 ms
07 14, 2022 16:11:43 下午 cn.andy.JerryMouse.catalina.Connector func
ERROR: Address already in use: bind
java.net.BindException: Address already in use: bind
	at java.base/sun.nio.ch.Net.bind0(Native Method)
	at java.base/sun.nio.ch.Net.bind(Net.java:555)
	at java.base/sun.nio.ch.Net.bind(Net.java:544)
	at java.base/sun.nio.ch.NioSocketImpl.bind(NioSocketImpl.java:640)
	at java.base/java.net.ServerSocket.bind(ServerSocket.java:392)
	at java.base/java.net.ServerSocket.<init>(ServerSocket.java:274)
	at java.base/java.net.ServerSocket.<init>(ServerSocket.java:167)
	at cn.andy.JerryMouse.catalina.Connector.func(Connector.java:51)
	at cn.andy.JerryMouse.catalina.Connector.run(Connector.java:45)
	at java.base/java.lang.Thread.run(Thread.java:833)
07 14, 2022 16:11:43 下午 cn.andy.JerryMouse.catalina.Connector func
ERROR: Address already in use: bind
java.net.BindException: Address already in use: bind
	at java.base/sun.nio.ch.Net.bind0(Native Method)
	at java.base/sun.nio.ch.Net.bind(Net.java:555)
	at java.base/sun.nio.ch.Net.bind(Net.java:544)
	at java.base/sun.nio.ch.NioSocketImpl.bind(NioSocketImpl.java:640)
	at java.base/java.net.ServerSocket.bind(ServerSocket.java:392)
	at java.base/java.net.ServerSocket.<init>(ServerSocket.java:274)
	at java.base/java.net.ServerSocket.<init>(ServerSocket.java:167)
	at cn.andy.JerryMouse.catalina.Connector.func(Connector.java:51)
	at cn.andy.JerryMouse.catalina.Connector.run(Connector.java:45)
	at java.base/java.lang.Thread.run(Thread.java:833)
