05 31, 2022 15:31:57 下午 cn.andy.JerryMouse.Bootstrap logJVM
INFO : Server Version:		JerryMouse1.0.1
05 31, 2022 15:31:57 下午 cn.andy.JerryMouse.Bootstrap logJVM
INFO : Server built:		2022-5-31
05 31, 2022 15:31:57 下午 cn.andy.JerryMouse.Bootstrap logJVM
INFO : Server number:		1.0.1
05 31, 2022 15:31:57 下午 cn.andy.JerryMouse.Bootstrap logJVM
INFO : OS Name	:		Windows 11
05 31, 2022 15:31:57 下午 cn.andy.JerryMouse.Bootstrap logJVM
INFO : OS Version	:		10.0
05 31, 2022 15:31:57 下午 cn.andy.JerryMouse.Bootstrap logJVM
INFO : Architecture:		amd64
05 31, 2022 15:31:57 下午 cn.andy.JerryMouse.Bootstrap logJVM
INFO : Java Home:		C:\Program Files\Java\javase18
05 31, 2022 15:31:57 下午 cn.andy.JerryMouse.Bootstrap logJVM
INFO : JVM version:		18+36-2087
05 31, 2022 15:31:57 下午 cn.andy.JerryMouse.Bootstrap logJVM
INFO : JVM vendor:		java.vm.specification.vendor
05 31, 2022 15:50:46 下午 cn.andy.JerryMouse.Bootstrap logJVM
INFO : Server Version:		JerryMouse1.0.1
05 31, 2022 15:50:46 下午 cn.andy.JerryMouse.Bootstrap logJVM
INFO : Server built:		2022-5-31
05 31, 2022 15:50:46 下午 cn.andy.JerryMouse.Bootstrap logJVM
INFO : Server number:		1.0.1
05 31, 2022 15:50:46 下午 cn.andy.JerryMouse.Bootstrap logJVM
INFO : OS Name	:		Windows 11
05 31, 2022 15:50:46 下午 cn.andy.JerryMouse.Bootstrap logJVM
INFO : OS Version	:		10.0
05 31, 2022 15:50:46 下午 cn.andy.JerryMouse.Bootstrap logJVM
INFO : Architecture:		amd64
05 31, 2022 15:50:46 下午 cn.andy.JerryMouse.Bootstrap logJVM
INFO : Java Home:		C:\Program Files\Java\javase18
05 31, 2022 15:50:46 下午 cn.andy.JerryMouse.Bootstrap logJVM
INFO : JVM version:		18+36-2087
05 31, 2022 15:50:46 下午 cn.andy.JerryMouse.Bootstrap logJVM
INFO : JVM vendor:		java.vm.specification.vendor
05 31, 2022 15:51:40 下午 cn.andy.JerryMouse.Bootstrap logJVM
INFO : Server Version:		JerryMouse1.0.1
05 31, 2022 15:51:40 下午 cn.andy.JerryMouse.Bootstrap logJVM
INFO : Server built:		2022-5-31
05 31, 2022 15:51:40 下午 cn.andy.JerryMouse.Bootstrap logJVM
INFO : Server number:		1.0.1
05 31, 2022 15:51:40 下午 cn.andy.JerryMouse.Bootstrap logJVM
INFO : OS Name	:		Windows 11
05 31, 2022 15:51:40 下午 cn.andy.JerryMouse.Bootstrap logJVM
INFO : OS Version	:		10.0
05 31, 2022 15:51:40 下午 cn.andy.JerryMouse.Bootstrap logJVM
INFO : Architecture:		amd64
05 31, 2022 15:51:40 下午 cn.andy.JerryMouse.Bootstrap logJVM
INFO : Java Home:		C:\Program Files\Java\javase18
05 31, 2022 15:51:40 下午 cn.andy.JerryMouse.Bootstrap logJVM
INFO : JVM version:		18+36-2087
05 31, 2022 15:51:40 下午 cn.andy.JerryMouse.Bootstrap logJVM
INFO : JVM vendor:		java.vm.specification.vendor
05 31, 2022 16:04:43 下午 cn.andy.JerryMouse.Bootstrap logJVM
INFO : Server Version:		JerryMouse1.0.1
05 31, 2022 16:04:43 下午 cn.andy.JerryMouse.Bootstrap logJVM
INFO : Server built:		2022-5-31
05 31, 2022 16:04:43 下午 cn.andy.JerryMouse.Bootstrap logJVM
INFO : Server number:		1.0.1
05 31, 2022 16:04:43 下午 cn.andy.JerryMouse.Bootstrap logJVM
INFO : OS Name	:		Windows 11
05 31, 2022 16:04:43 下午 cn.andy.JerryMouse.Bootstrap logJVM
INFO : OS Version	:		10.0
05 31, 2022 16:04:43 下午 cn.andy.JerryMouse.Bootstrap logJVM
INFO : Architecture:		amd64
05 31, 2022 16:04:43 下午 cn.andy.JerryMouse.Bootstrap logJVM
INFO : Java Home:		C:\Program Files\Java\javase18
05 31, 2022 16:04:43 下午 cn.andy.JerryMouse.Bootstrap logJVM
INFO : JVM version:		18+36-2087
05 31, 2022 16:04:43 下午 cn.andy.JerryMouse.Bootstrap logJVM
INFO : JVM vendor:		java.vm.specification.vendor
05 31, 2022 16:07:38 下午 cn.andy.JerryMouse.Bootstrap logJVM
INFO : Server Version:		JerryMouse1.0.1
05 31, 2022 16:07:38 下午 cn.andy.JerryMouse.Bootstrap logJVM
INFO : Server built:		2022-5-31
05 31, 2022 16:07:38 下午 cn.andy.JerryMouse.Bootstrap logJVM
INFO : Server number:		1.0.1
05 31, 2022 16:07:38 下午 cn.andy.JerryMouse.Bootstrap logJVM
INFO : OS Name	:		Windows 11
05 31, 2022 16:07:38 下午 cn.andy.JerryMouse.Bootstrap logJVM
INFO : OS Version	:		10.0
05 31, 2022 16:07:38 下午 cn.andy.JerryMouse.Bootstrap logJVM
INFO : Architecture:		amd64
05 31, 2022 16:07:38 下午 cn.andy.JerryMouse.Bootstrap logJVM
INFO : Java Home:		C:\Program Files\Java\javase18
05 31, 2022 16:07:38 下午 cn.andy.JerryMouse.Bootstrap logJVM
INFO : JVM version:		18+36-2087
05 31, 2022 16:07:38 下午 cn.andy.JerryMouse.Bootstrap logJVM
INFO : JVM vendor:		java.vm.specification.vendor
05 31, 2022 21:12:25 下午 cn.andy.JerryMouse.Bootstrap logJVM
INFO : Server Version:		JerryMouse1.0.1
05 31, 2022 21:12:25 下午 cn.andy.JerryMouse.Bootstrap logJVM
INFO : Server built:		2022-5-31
05 31, 2022 21:12:25 下午 cn.andy.JerryMouse.Bootstrap logJVM
INFO : Server number:		1.0.1
05 31, 2022 21:12:25 下午 cn.andy.JerryMouse.Bootstrap logJVM
INFO : OS Name	:		Windows 11
05 31, 2022 21:12:25 下午 cn.andy.JerryMouse.Bootstrap logJVM
INFO : OS Version	:		10.0
05 31, 2022 21:12:25 下午 cn.andy.JerryMouse.Bootstrap logJVM
INFO : Architecture:		amd64
05 31, 2022 21:12:25 下午 cn.andy.JerryMouse.Bootstrap logJVM
INFO : Java Home:		C:\Program Files\Java\javase18
05 31, 2022 21:12:25 下午 cn.andy.JerryMouse.Bootstrap logJVM
INFO : JVM version:		18+36-2087
05 31, 2022 21:12:25 下午 cn.andy.JerryMouse.Bootstrap logJVM
INFO : JVM vendor:		java.vm.specification.vendor
05 31, 2022 21:12:25 下午 cn.andy.JerryMouse.catalina.Context <init>
INFO : Deploying web application directory C:\Users\DELL\Desktop\JerryMouse\JerryMouse\src\webapps\FuncA
05 31, 2022 21:12:25 下午 cn.andy.JerryMouse.catalina.Context <init>
INFO : Deployment of web application /FuncA has finish
05 31, 2022 21:12:25 下午 cn.andy.JerryMouse.catalina.Context <init>
INFO : Deploying web application directory C:\Users\DELL\Desktop\JerryMouse\JerryMouse\src\webapps\ROOT
05 31, 2022 21:12:25 下午 cn.andy.JerryMouse.catalina.Context <init>
INFO : Deployment of web application / has finish
05 31, 2022 21:14:35 下午 cn.andy.JerryMouse.Bootstrap logJVM
INFO : Server Version:		JerryMouse1.0.1
05 31, 2022 21:14:35 下午 cn.andy.JerryMouse.Bootstrap logJVM
INFO : Server built:		2022-5-31
05 31, 2022 21:14:35 下午 cn.andy.JerryMouse.Bootstrap logJVM
INFO : Server number:		1.0.1
05 31, 2022 21:14:35 下午 cn.andy.JerryMouse.Bootstrap logJVM
INFO : OS Name	:		Windows 11
05 31, 2022 21:14:35 下午 cn.andy.JerryMouse.Bootstrap logJVM
INFO : OS Version	:		10.0
05 31, 2022 21:14:35 下午 cn.andy.JerryMouse.Bootstrap logJVM
INFO : Architecture:		amd64
05 31, 2022 21:14:35 下午 cn.andy.JerryMouse.Bootstrap logJVM
INFO : Java Home:		C:\Program Files\Java\javase18
05 31, 2022 21:14:35 下午 cn.andy.JerryMouse.Bootstrap logJVM
INFO : JVM version:		18+36-2087
05 31, 2022 21:14:35 下午 cn.andy.JerryMouse.Bootstrap logJVM
INFO : JVM vendor:		java.vm.specification.vendor
05 31, 2022 21:14:35 下午 cn.andy.JerryMouse.catalina.Context <init>
INFO : Deploying web application directory C:\Users\DELL\Desktop\JerryMouse\JerryMouse\src\webapps\FuncA
05 31, 2022 21:14:35 下午 cn.andy.JerryMouse.catalina.Context <init>
INFO : Deployment of web application /FuncA has finish
05 31, 2022 21:14:35 下午 cn.andy.JerryMouse.catalina.Context <init>
INFO : Deploying web application directory C:\Users\DELL\Desktop\JerryMouse\JerryMouse\src\webapps\ROOT
05 31, 2022 21:14:35 下午 cn.andy.JerryMouse.catalina.Context <init>
INFO : Deployment of web application / has finish
05 31, 2022 21:17:10 下午 cn.andy.JerryMouse.Bootstrap logJVM
INFO : Server Version:		JerryMouse1.0.1
05 31, 2022 21:17:10 下午 cn.andy.JerryMouse.Bootstrap logJVM
INFO : Server built:		2022-5-31
05 31, 2022 21:17:10 下午 cn.andy.JerryMouse.Bootstrap logJVM
INFO : Server number:		1.0.1
05 31, 2022 21:17:10 下午 cn.andy.JerryMouse.Bootstrap logJVM
INFO : OS Name	:		Windows 11
05 31, 2022 21:17:10 下午 cn.andy.JerryMouse.Bootstrap logJVM
INFO : OS Version	:		10.0
05 31, 2022 21:17:10 下午 cn.andy.JerryMouse.Bootstrap logJVM
INFO : Architecture:		amd64
05 31, 2022 21:17:10 下午 cn.andy.JerryMouse.Bootstrap logJVM
INFO : Java Home:		C:\Program Files\Java\javase18
05 31, 2022 21:17:10 下午 cn.andy.JerryMouse.Bootstrap logJVM
INFO : JVM version:		18+36-2087
05 31, 2022 21:17:10 下午 cn.andy.JerryMouse.Bootstrap logJVM
INFO : JVM vendor:		java.vm.specification.vendor
05 31, 2022 21:17:10 下午 cn.andy.JerryMouse.catalina.Context <init>
INFO : Deploying web application directory C:\Users\DELL\Desktop\JerryMouse\JerryMouse\src\webapps\FuncA
05 31, 2022 21:17:10 下午 cn.andy.JerryMouse.catalina.Context <init>
INFO : Deployment of web application /FuncA has finish
05 31, 2022 21:17:10 下午 cn.andy.JerryMouse.catalina.Context <init>
INFO : Deploying web application directory C:\Users\DELL\Desktop\JerryMouse\JerryMouse\src\webapps\ROOT
05 31, 2022 21:17:10 下午 cn.andy.JerryMouse.catalina.Context <init>
INFO : Deployment of web application / has finish
05 31, 2022 21:17:19 下午 cn.andy.JerryMouse.Bootstrap logJVM
INFO : Server Version:		JerryMouse1.0.1
05 31, 2022 21:17:19 下午 cn.andy.JerryMouse.Bootstrap logJVM
INFO : Server built:		2022-5-31
05 31, 2022 21:17:19 下午 cn.andy.JerryMouse.Bootstrap logJVM
INFO : Server number:		1.0.1
05 31, 2022 21:17:19 下午 cn.andy.JerryMouse.Bootstrap logJVM
INFO : OS Name	:		Windows 11
05 31, 2022 21:17:19 下午 cn.andy.JerryMouse.Bootstrap logJVM
INFO : OS Version	:		10.0
05 31, 2022 21:17:19 下午 cn.andy.JerryMouse.Bootstrap logJVM
INFO : Architecture:		amd64
05 31, 2022 21:17:19 下午 cn.andy.JerryMouse.Bootstrap logJVM
INFO : Java Home:		C:\Program Files\Java\javase18
05 31, 2022 21:17:19 下午 cn.andy.JerryMouse.Bootstrap logJVM
INFO : JVM version:		18+36-2087
05 31, 2022 21:17:19 下午 cn.andy.JerryMouse.Bootstrap logJVM
INFO : JVM vendor:		java.vm.specification.vendor
05 31, 2022 21:17:19 下午 cn.andy.JerryMouse.catalina.Context <init>
INFO : Deploying web application directory C:\Users\DELL\Desktop\JerryMouse\JerryMouse\src\webapps\FuncA
05 31, 2022 21:17:19 下午 cn.andy.JerryMouse.catalina.Context <init>
INFO : Deployment of web application /FuncA has finish
05 31, 2022 21:17:19 下午 cn.andy.JerryMouse.catalina.Context <init>
INFO : Deploying web application directory C:\Users\DELL\Desktop\JerryMouse\JerryMouse\src\webapps\ROOT
05 31, 2022 21:17:19 下午 cn.andy.JerryMouse.catalina.Context <init>
INFO : Deployment of web application / has finish
05 31, 2022 21:18:27 下午 cn.andy.JerryMouse.Bootstrap logJVM
INFO : Server Version:		JerryMouse1.0.1
05 31, 2022 21:18:27 下午 cn.andy.JerryMouse.Bootstrap logJVM
INFO : Server built:		2022-5-31
05 31, 2022 21:18:27 下午 cn.andy.JerryMouse.Bootstrap logJVM
INFO : Server number:		1.0.1
05 31, 2022 21:18:27 下午 cn.andy.JerryMouse.Bootstrap logJVM
INFO : OS Name	:		Windows 11
05 31, 2022 21:18:27 下午 cn.andy.JerryMouse.Bootstrap logJVM
INFO : OS Version	:		10.0
05 31, 2022 21:18:27 下午 cn.andy.JerryMouse.Bootstrap logJVM
INFO : Architecture:		amd64
05 31, 2022 21:18:27 下午 cn.andy.JerryMouse.Bootstrap logJVM
INFO : Java Home:		C:\Program Files\Java\javase18
05 31, 2022 21:18:27 下午 cn.andy.JerryMouse.Bootstrap logJVM
INFO : JVM version:		18+36-2087
05 31, 2022 21:18:27 下午 cn.andy.JerryMouse.Bootstrap logJVM
INFO : JVM vendor:		java.vm.specification.vendor
05 31, 2022 21:18:27 下午 cn.andy.JerryMouse.catalina.Context <init>
INFO : Deploying web application directory C:\Users\DELL\Desktop\JerryMouse\JerryMouse\src\webapps\FuncA
05 31, 2022 21:18:27 下午 cn.andy.JerryMouse.catalina.Context <init>
INFO : Deployment of web application /FuncA has finish
05 31, 2022 21:18:27 下午 cn.andy.JerryMouse.catalina.Context <init>
INFO : Deploying web application directory C:\Users\DELL\Desktop\JerryMouse\JerryMouse\src\webapps\ROOT
05 31, 2022 21:18:27 下午 cn.andy.JerryMouse.catalina.Context <init>
INFO : Deployment of web application / has finish
