07 27, 2022 09:23:49 上午 cn.andy.JerryMouse.catalina.Context deploy
INFO : Deploying web application directory C:\Users\DELL\Desktop\JerryMouse\JerryMouse\src\webapps\FuncA
07 27, 2022 09:23:49 上午 cn.andy.JerryMouse.catalina.Context deploy
INFO : Deployment of web application /FuncA has finish in 100 ms
07 27, 2022 09:23:49 上午 cn.andy.JerryMouse.catalina.Context <init>
INFO : Deploying web application directory C:\Users\DELL\Desktop\JerryMouse\JerryMouse\src\webapps\FuncA
07 27, 2022 09:23:49 上午 cn.andy.JerryMouse.catalina.Context <init>
INFO : Deployment of web application /FuncA has finish
07 27, 2022 09:23:49 上午 cn.andy.JerryMouse.catalina.Context deploy
INFO : Deploying web application directory C:\Users\DELL\Desktop\JerryMouse\JerryMouse\src\webapps\j2ee
07 27, 2022 09:23:49 上午 cn.andy.JerryMouse.catalina.Context deploy
INFO : Deployment of web application /j2ee has finish in 0 ms
07 27, 2022 09:23:49 上午 cn.andy.JerryMouse.catalina.Context <init>
INFO : Deploying web application directory C:\Users\DELL\Desktop\JerryMouse\JerryMouse\src\webapps\j2ee
07 27, 2022 09:23:49 上午 cn.andy.JerryMouse.catalina.Context <init>
INFO : Deployment of web application /j2ee has finish
07 27, 2022 09:23:49 上午 cn.andy.JerryMouse.catalina.Context deploy
INFO : Deploying web application directory C:\Users\DELL\Desktop\JerryMouse\JerryMouse\src\webapps\ROOT
07 27, 2022 09:23:49 上午 cn.andy.JerryMouse.catalina.Context deploy
INFO : Deployment of web application / has finish in 0 ms
07 27, 2022 09:23:49 上午 cn.andy.JerryMouse.catalina.Context <init>
INFO : Deploying web application directory C:\Users\DELL\Desktop\JerryMouse\JerryMouse\src\webapps\ROOT
07 27, 2022 09:23:49 上午 cn.andy.JerryMouse.catalina.Context <init>
INFO : Deployment of web application / has finish
07 27, 2022 09:23:49 上午 cn.andy.JerryMouse.catalina.Context deploy
INFO : Deploying web application directory C:\Users\DELL\Desktop\JerryMouse\JerryMouse\src\webapps\FuncA\A1
07 27, 2022 09:23:49 上午 cn.andy.JerryMouse.catalina.Context deploy
INFO : Deployment of web application /A1 has finish in 0 ms
07 27, 2022 09:23:49 上午 cn.andy.JerryMouse.catalina.Context <init>
INFO : Deploying web application directory C:\Users\DELL\Desktop\JerryMouse\JerryMouse\src\webapps\FuncA\A1
07 27, 2022 09:23:49 上午 cn.andy.JerryMouse.catalina.Context <init>
INFO : Deployment of web application /A1 has finish
07 27, 2022 09:23:49 上午 cn.andy.JerryMouse.catalina.Context deploy
INFO : Deploying web application directory C:\Users\DELL\Desktop\JerryMouse\Test\javaWeb4Jerry\web
07 27, 2022 09:23:49 上午 cn.andy.JerryMouse.catalina.Context deploy
INFO : Deployment of web application /javaWeb4Jerry has finish in 0 ms
07 27, 2022 09:23:49 上午 cn.andy.JerryMouse.catalina.Context <init>
INFO : Deploying web application directory C:\Users\DELL\Desktop\JerryMouse\Test\javaWeb4Jerry\web
07 27, 2022 09:23:49 上午 cn.andy.JerryMouse.catalina.Context <init>
INFO : Deployment of web application /javaWeb4Jerry has finish
07 27, 2022 09:23:49 上午 cn.andy.JerryMouse.catalina.Server logJVM
INFO : Server Version:		JerryMouse1.0.1
07 27, 2022 09:23:49 上午 cn.andy.JerryMouse.catalina.Server logJVM
INFO : Server built:		2022-5-31
07 27, 2022 09:23:49 上午 cn.andy.JerryMouse.catalina.Server logJVM
INFO : Server number:		1.0.1
07 27, 2022 09:23:49 上午 cn.andy.JerryMouse.catalina.Server logJVM
INFO : OS Name	:		Windows 11
07 27, 2022 09:23:49 上午 cn.andy.JerryMouse.catalina.Server logJVM
INFO : OS Version	:		10.0
07 27, 2022 09:23:49 上午 cn.andy.JerryMouse.catalina.Server logJVM
INFO : Architecture:		amd64
07 27, 2022 09:23:49 上午 cn.andy.JerryMouse.catalina.Server logJVM
INFO : Java Home:		E:\WORK - JAVA\JAVA-JDK-18
07 27, 2022 09:23:49 上午 cn.andy.JerryMouse.catalina.Server logJVM
INFO : JVM version:		18.0.1.1+2-6
07 27, 2022 09:23:49 上午 cn.andy.JerryMouse.catalina.Server logJVM
INFO : JVM vendor:		java.vm.specification.vendor
07 27, 2022 09:23:49 上午 cn.andy.JerryMouse.catalina.Connector init
INFO : Initializing ProtocolHandler [http-bio-18080]
07 27, 2022 09:23:49 上午 cn.andy.JerryMouse.catalina.Connector init
INFO : Initializing ProtocolHandler [http-bio-18081]
07 27, 2022 09:23:49 上午 cn.andy.JerryMouse.catalina.Connector init
INFO : Initializing ProtocolHandler [http-bio-18082]
07 27, 2022 09:23:49 上午 cn.andy.JerryMouse.catalina.Service init
INFO : Initializing Service [Catalina] in 0ms
07 27, 2022 09:23:49 上午 cn.andy.JerryMouse.catalina.Server start
INFO : Server startup in 10 ms
07 27, 2022 09:23:49 上午 cn.andy.JerryMouse.catalina.Connector start
INFO : Starting ProtocolHandler [http-bio-18082]
07 27, 2022 09:23:49 上午 cn.andy.JerryMouse.catalina.Connector start
INFO : Starting ProtocolHandler [http-bio-18080]
07 27, 2022 09:23:49 上午 cn.andy.JerryMouse.catalina.Connector start
INFO : Starting ProtocolHandler [http-bio-18081]
07 27, 2022 10:23:22 上午 cn.andy.JerryMouse.catalina.Context deploy
INFO : Deploying web application directory C:\Users\DELL\Desktop\JerryMouse\JerryMouse\src\webapps\FuncA
07 27, 2022 10:23:22 上午 cn.andy.JerryMouse.catalina.Context deploy
INFO : Deployment of web application /FuncA has finish in 130 ms
07 27, 2022 10:23:22 上午 cn.andy.JerryMouse.catalina.Context <init>
INFO : Deploying web application directory C:\Users\DELL\Desktop\JerryMouse\JerryMouse\src\webapps\FuncA
07 27, 2022 10:23:22 上午 cn.andy.JerryMouse.catalina.Context <init>
INFO : Deployment of web application /FuncA has finish
07 27, 2022 10:23:22 上午 cn.andy.JerryMouse.catalina.Context deploy
INFO : Deploying web application directory C:\Users\DELL\Desktop\JerryMouse\JerryMouse\src\webapps\j2ee
07 27, 2022 10:23:22 上午 cn.andy.JerryMouse.catalina.Context deploy
INFO : Deployment of web application /j2ee has finish in 4 ms
07 27, 2022 10:23:22 上午 cn.andy.JerryMouse.catalina.Context <init>
INFO : Deploying web application directory C:\Users\DELL\Desktop\JerryMouse\JerryMouse\src\webapps\j2ee
07 27, 2022 10:23:22 上午 cn.andy.JerryMouse.catalina.Context <init>
INFO : Deployment of web application /j2ee has finish
07 27, 2022 10:23:22 上午 cn.andy.JerryMouse.catalina.Context deploy
INFO : Deploying web application directory C:\Users\DELL\Desktop\JerryMouse\JerryMouse\src\webapps\ROOT
07 27, 2022 10:23:22 上午 cn.andy.JerryMouse.catalina.Context deploy
INFO : Deployment of web application / has finish in 2 ms
07 27, 2022 10:23:22 上午 cn.andy.JerryMouse.catalina.Context <init>
INFO : Deploying web application directory C:\Users\DELL\Desktop\JerryMouse\JerryMouse\src\webapps\ROOT
07 27, 2022 10:23:22 上午 cn.andy.JerryMouse.catalina.Context <init>
INFO : Deployment of web application / has finish
07 27, 2022 10:23:22 上午 cn.andy.JerryMouse.catalina.Context deploy
INFO : Deploying web application directory C:\Users\DELL\Desktop\JerryMouse\JerryMouse\src\webapps\FuncA\A1
07 27, 2022 10:23:22 上午 cn.andy.JerryMouse.catalina.Context deploy
INFO : Deployment of web application /A1 has finish in 0 ms
07 27, 2022 10:23:22 上午 cn.andy.JerryMouse.catalina.Context <init>
INFO : Deploying web application directory C:\Users\DELL\Desktop\JerryMouse\JerryMouse\src\webapps\FuncA\A1
07 27, 2022 10:23:22 上午 cn.andy.JerryMouse.catalina.Context <init>
INFO : Deployment of web application /A1 has finish
07 27, 2022 10:23:22 上午 cn.andy.JerryMouse.catalina.Context deploy
INFO : Deploying web application directory C:\Users\DELL\Desktop\JerryMouse\Test\javaWeb4Jerry\web
07 27, 2022 10:23:22 上午 cn.andy.JerryMouse.catalina.Context deploy
INFO : Deployment of web application /javaWeb4Jerry has finish in 2 ms
07 27, 2022 10:23:22 上午 cn.andy.JerryMouse.catalina.Context <init>
INFO : Deploying web application directory C:\Users\DELL\Desktop\JerryMouse\Test\javaWeb4Jerry\web
07 27, 2022 10:23:22 上午 cn.andy.JerryMouse.catalina.Context <init>
INFO : Deployment of web application /javaWeb4Jerry has finish
07 27, 2022 10:23:22 上午 cn.andy.JerryMouse.catalina.Server logJVM
INFO : Server Version:		JerryMouse1.0.1
07 27, 2022 10:23:22 上午 cn.andy.JerryMouse.catalina.Server logJVM
INFO : Server built:		2022-5-31
07 27, 2022 10:23:22 上午 cn.andy.JerryMouse.catalina.Server logJVM
INFO : Server number:		1.0.1
07 27, 2022 10:23:22 上午 cn.andy.JerryMouse.catalina.Server logJVM
INFO : OS Name	:		Windows 11
07 27, 2022 10:23:22 上午 cn.andy.JerryMouse.catalina.Server logJVM
INFO : OS Version	:		10.0
07 27, 2022 10:23:22 上午 cn.andy.JerryMouse.catalina.Server logJVM
INFO : Architecture:		amd64
07 27, 2022 10:23:22 上午 cn.andy.JerryMouse.catalina.Server logJVM
INFO : Java Home:		E:\WORK - JAVA\JAVA-JDK-18
07 27, 2022 10:23:22 上午 cn.andy.JerryMouse.catalina.Server logJVM
INFO : JVM version:		18.0.1.1+2-6
07 27, 2022 10:23:22 上午 cn.andy.JerryMouse.catalina.Server logJVM
INFO : JVM vendor:		java.vm.specification.vendor
07 27, 2022 10:23:22 上午 cn.andy.JerryMouse.catalina.Connector init
INFO : Initializing ProtocolHandler [http-bio-18080]
07 27, 2022 10:23:22 上午 cn.andy.JerryMouse.catalina.Connector init
INFO : Initializing ProtocolHandler [http-bio-18081]
07 27, 2022 10:23:22 上午 cn.andy.JerryMouse.catalina.Connector init
INFO : Initializing ProtocolHandler [http-bio-18082]
07 27, 2022 10:23:22 上午 cn.andy.JerryMouse.catalina.Service init
INFO : Initializing Service [Catalina] in 0ms
07 27, 2022 10:23:22 上午 cn.andy.JerryMouse.catalina.Connector start
INFO : Starting ProtocolHandler [http-bio-18080]
07 27, 2022 10:23:22 上午 cn.andy.JerryMouse.catalina.Connector start
INFO : Starting ProtocolHandler [http-bio-18082]
07 27, 2022 10:23:22 上午 cn.andy.JerryMouse.catalina.Connector start
INFO : Starting ProtocolHandler [http-bio-18081]
07 27, 2022 10:23:22 上午 cn.andy.JerryMouse.catalina.Server start
INFO : Server startup in 8 ms
07 27, 2022 10:24:58 上午 cn.andy.JerryMouse.watcher.ContextFileChangeWatcher$1 dealwith
INFO : cn.andy.JerryMouse.watcher.ContextFileChangeWatcher@23e81443 检测到了Web应用下的重要文件变化 {} HelloServlet.class
07 27, 2022 10:24:58 上午 cn.andy.JerryMouse.catalina.Host reload
INFO : Reloading Context with name [/javaWeb4Jerry] has started
07 27, 2022 10:26:17 上午 cn.andy.JerryMouse.catalina.Context deploy
INFO : Deploying web application directory C:\Users\DELL\Desktop\JerryMouse\JerryMouse\src\webapps\FuncA
07 27, 2022 10:26:17 上午 cn.andy.JerryMouse.catalina.Context deploy
INFO : Deployment of web application /FuncA has finish in 110 ms
07 27, 2022 10:26:17 上午 cn.andy.JerryMouse.catalina.Context <init>
INFO : Deploying web application directory C:\Users\DELL\Desktop\JerryMouse\JerryMouse\src\webapps\FuncA
07 27, 2022 10:26:17 上午 cn.andy.JerryMouse.catalina.Context <init>
INFO : Deployment of web application /FuncA has finish
07 27, 2022 10:26:17 上午 cn.andy.JerryMouse.catalina.Context deploy
INFO : Deploying web application directory C:\Users\DELL\Desktop\JerryMouse\JerryMouse\src\webapps\j2ee
07 27, 2022 10:26:17 上午 cn.andy.JerryMouse.catalina.Context deploy
INFO : Deployment of web application /j2ee has finish in 10 ms
07 27, 2022 10:26:17 上午 cn.andy.JerryMouse.catalina.Context <init>
INFO : Deploying web application directory C:\Users\DELL\Desktop\JerryMouse\JerryMouse\src\webapps\j2ee
07 27, 2022 10:26:17 上午 cn.andy.JerryMouse.catalina.Context <init>
INFO : Deployment of web application /j2ee has finish
07 27, 2022 10:26:17 上午 cn.andy.JerryMouse.catalina.Context deploy
INFO : Deploying web application directory C:\Users\DELL\Desktop\JerryMouse\JerryMouse\src\webapps\ROOT
07 27, 2022 10:26:17 上午 cn.andy.JerryMouse.catalina.Context deploy
INFO : Deployment of web application / has finish in 0 ms
07 27, 2022 10:26:17 上午 cn.andy.JerryMouse.catalina.Context <init>
INFO : Deploying web application directory C:\Users\DELL\Desktop\JerryMouse\JerryMouse\src\webapps\ROOT
07 27, 2022 10:26:17 上午 cn.andy.JerryMouse.catalina.Context <init>
INFO : Deployment of web application / has finish
07 27, 2022 10:26:17 上午 cn.andy.JerryMouse.catalina.Context deploy
INFO : Deploying web application directory C:\Users\DELL\Desktop\JerryMouse\JerryMouse\src\webapps\FuncA\A1
07 27, 2022 10:26:17 上午 cn.andy.JerryMouse.catalina.Context deploy
INFO : Deployment of web application /A1 has finish in 0 ms
07 27, 2022 10:26:17 上午 cn.andy.JerryMouse.catalina.Context <init>
INFO : Deploying web application directory C:\Users\DELL\Desktop\JerryMouse\JerryMouse\src\webapps\FuncA\A1
07 27, 2022 10:26:17 上午 cn.andy.JerryMouse.catalina.Context <init>
INFO : Deployment of web application /A1 has finish
07 27, 2022 10:26:17 上午 cn.andy.JerryMouse.catalina.Context deploy
INFO : Deploying web application directory C:\Users\DELL\Desktop\JerryMouse\Test\javaWeb4Jerry\web
07 27, 2022 10:26:17 上午 cn.andy.JerryMouse.catalina.Context deploy
INFO : Deployment of web application /javaWeb4Jerry has finish in 10 ms
07 27, 2022 10:26:17 上午 cn.andy.JerryMouse.catalina.Context <init>
INFO : Deploying web application directory C:\Users\DELL\Desktop\JerryMouse\Test\javaWeb4Jerry\web
07 27, 2022 10:26:17 上午 cn.andy.JerryMouse.catalina.Context <init>
INFO : Deployment of web application /javaWeb4Jerry has finish
07 27, 2022 10:26:17 上午 cn.andy.JerryMouse.catalina.Server logJVM
INFO : Server Version:		JerryMouse1.0.1
07 27, 2022 10:26:17 上午 cn.andy.JerryMouse.catalina.Server logJVM
INFO : Server built:		2022-5-31
07 27, 2022 10:26:17 上午 cn.andy.JerryMouse.catalina.Server logJVM
INFO : Server number:		1.0.1
07 27, 2022 10:26:17 上午 cn.andy.JerryMouse.catalina.Server logJVM
INFO : OS Name	:		Windows 11
07 27, 2022 10:26:17 上午 cn.andy.JerryMouse.catalina.Server logJVM
INFO : OS Version	:		10.0
07 27, 2022 10:26:17 上午 cn.andy.JerryMouse.catalina.Server logJVM
INFO : Architecture:		amd64
07 27, 2022 10:26:17 上午 cn.andy.JerryMouse.catalina.Server logJVM
INFO : Java Home:		E:\WORK - JAVA\JAVA-JDK-18
07 27, 2022 10:26:17 上午 cn.andy.JerryMouse.catalina.Server logJVM
INFO : JVM version:		18.0.1.1+2-6
07 27, 2022 10:26:17 上午 cn.andy.JerryMouse.catalina.Server logJVM
INFO : JVM vendor:		java.vm.specification.vendor
07 27, 2022 10:26:17 上午 cn.andy.JerryMouse.catalina.Connector init
INFO : Initializing ProtocolHandler [http-bio-18080]
07 27, 2022 10:26:17 上午 cn.andy.JerryMouse.catalina.Connector init
INFO : Initializing ProtocolHandler [http-bio-18081]
07 27, 2022 10:26:17 上午 cn.andy.JerryMouse.catalina.Connector init
INFO : Initializing ProtocolHandler [http-bio-18082]
07 27, 2022 10:26:17 上午 cn.andy.JerryMouse.catalina.Service init
INFO : Initializing Service [Catalina] in 0ms
07 27, 2022 10:26:17 上午 cn.andy.JerryMouse.catalina.Server start
INFO : Server startup in 10 ms
07 27, 2022 10:26:17 上午 cn.andy.JerryMouse.catalina.Connector start
INFO : Starting ProtocolHandler [http-bio-18082]
07 27, 2022 10:26:17 上午 cn.andy.JerryMouse.catalina.Connector start
INFO : Starting ProtocolHandler [http-bio-18081]
07 27, 2022 10:26:17 上午 cn.andy.JerryMouse.catalina.Connector start
INFO : Starting ProtocolHandler [http-bio-18080]
07 27, 2022 10:30:50 上午 cn.andy.JerryMouse.catalina.Context deploy
INFO : Deploying web application directory C:\Users\DELL\Desktop\JerryMouse\JerryMouse\src\webapps\FuncA
07 27, 2022 10:30:50 上午 cn.andy.JerryMouse.catalina.Context deploy
INFO : Deployment of web application /FuncA has finish in 121 ms
07 27, 2022 10:30:50 上午 cn.andy.JerryMouse.catalina.Context <init>
INFO : Deploying web application directory C:\Users\DELL\Desktop\JerryMouse\JerryMouse\src\webapps\FuncA
07 27, 2022 10:30:50 上午 cn.andy.JerryMouse.catalina.Context <init>
INFO : Deployment of web application /FuncA has finish
07 27, 2022 10:30:50 上午 cn.andy.JerryMouse.catalina.Context deploy
INFO : Deploying web application directory C:\Users\DELL\Desktop\JerryMouse\JerryMouse\src\webapps\j2ee
07 27, 2022 10:30:50 上午 cn.andy.JerryMouse.catalina.Context deploy
INFO : Deployment of web application /j2ee has finish in 4 ms
07 27, 2022 10:30:50 上午 cn.andy.JerryMouse.catalina.Context <init>
INFO : Deploying web application directory C:\Users\DELL\Desktop\JerryMouse\JerryMouse\src\webapps\j2ee
07 27, 2022 10:30:50 上午 cn.andy.JerryMouse.catalina.Context <init>
INFO : Deployment of web application /j2ee has finish
07 27, 2022 10:30:50 上午 cn.andy.JerryMouse.catalina.Context deploy
INFO : Deploying web application directory C:\Users\DELL\Desktop\JerryMouse\JerryMouse\src\webapps\ROOT
07 27, 2022 10:30:50 上午 cn.andy.JerryMouse.catalina.Context deploy
INFO : Deployment of web application / has finish in 2 ms
07 27, 2022 10:30:50 上午 cn.andy.JerryMouse.catalina.Context <init>
INFO : Deploying web application directory C:\Users\DELL\Desktop\JerryMouse\JerryMouse\src\webapps\ROOT
07 27, 2022 10:30:50 上午 cn.andy.JerryMouse.catalina.Context <init>
INFO : Deployment of web application / has finish
07 27, 2022 10:30:50 上午 cn.andy.JerryMouse.catalina.Context deploy
INFO : Deploying web application directory C:\Users\DELL\Desktop\JerryMouse\JerryMouse\src\webapps\FuncA\A1
07 27, 2022 10:30:50 上午 cn.andy.JerryMouse.catalina.Context deploy
INFO : Deployment of web application /A1 has finish in 0 ms
07 27, 2022 10:30:50 上午 cn.andy.JerryMouse.catalina.Context <init>
INFO : Deploying web application directory C:\Users\DELL\Desktop\JerryMouse\JerryMouse\src\webapps\FuncA\A1
07 27, 2022 10:30:50 上午 cn.andy.JerryMouse.catalina.Context <init>
INFO : Deployment of web application /A1 has finish
07 27, 2022 10:30:50 上午 cn.andy.JerryMouse.catalina.Context deploy
INFO : Deploying web application directory C:\Users\DELL\Desktop\JerryMouse\Test\javaWeb4Jerry\web
07 27, 2022 10:30:50 上午 cn.andy.JerryMouse.catalina.Context deploy
INFO : Deployment of web application /javaWeb4Jerry has finish in 1 ms
07 27, 2022 10:30:50 上午 cn.andy.JerryMouse.catalina.Context <init>
INFO : Deploying web application directory C:\Users\DELL\Desktop\JerryMouse\Test\javaWeb4Jerry\web
07 27, 2022 10:30:50 上午 cn.andy.JerryMouse.catalina.Context <init>
INFO : Deployment of web application /javaWeb4Jerry has finish
07 27, 2022 10:30:50 上午 cn.andy.JerryMouse.catalina.Server logJVM
INFO : Server Version:		JerryMouse1.0.1
07 27, 2022 10:30:50 上午 cn.andy.JerryMouse.catalina.Server logJVM
INFO : Server built:		2022-5-31
07 27, 2022 10:30:50 上午 cn.andy.JerryMouse.catalina.Server logJVM
INFO : Server number:		1.0.1
07 27, 2022 10:30:50 上午 cn.andy.JerryMouse.catalina.Server logJVM
INFO : OS Name	:		Windows 11
07 27, 2022 10:30:50 上午 cn.andy.JerryMouse.catalina.Server logJVM
INFO : OS Version	:		10.0
07 27, 2022 10:30:50 上午 cn.andy.JerryMouse.catalina.Server logJVM
INFO : Architecture:		amd64
07 27, 2022 10:30:50 上午 cn.andy.JerryMouse.catalina.Server logJVM
INFO : Java Home:		E:\WORK - JAVA\JAVA-JDK-18
07 27, 2022 10:30:50 上午 cn.andy.JerryMouse.catalina.Server logJVM
INFO : JVM version:		18.0.1.1+2-6
07 27, 2022 10:30:50 上午 cn.andy.JerryMouse.catalina.Server logJVM
INFO : JVM vendor:		java.vm.specification.vendor
07 27, 2022 10:30:50 上午 cn.andy.JerryMouse.catalina.Connector init
INFO : Initializing ProtocolHandler [http-bio-18080]
07 27, 2022 10:30:50 上午 cn.andy.JerryMouse.catalina.Connector init
INFO : Initializing ProtocolHandler [http-bio-18081]
07 27, 2022 10:30:50 上午 cn.andy.JerryMouse.catalina.Connector init
INFO : Initializing ProtocolHandler [http-bio-18082]
07 27, 2022 10:30:50 上午 cn.andy.JerryMouse.catalina.Service init
INFO : Initializing Service [Catalina] in 1ms
07 27, 2022 10:30:50 上午 cn.andy.JerryMouse.catalina.Connector start
INFO : Starting ProtocolHandler [http-bio-18080]
07 27, 2022 10:30:50 上午 cn.andy.JerryMouse.catalina.Connector start
INFO : Starting ProtocolHandler [http-bio-18082]
07 27, 2022 10:30:50 上午 cn.andy.JerryMouse.catalina.Connector start
INFO : Starting ProtocolHandler [http-bio-18081]
07 27, 2022 10:30:50 上午 cn.andy.JerryMouse.catalina.Server start
INFO : Server startup in 9 ms
07 27, 2022 10:31:53 上午 cn.andy.JerryMouse.watcher.ContextFileChangeWatcher$1 dealwith
INFO : cn.andy.JerryMouse.watcher.ContextFileChangeWatcher@23e81443 检测到了Web应用下的重要文件变化 {} HelloServlet.class
07 27, 2022 10:31:53 上午 cn.andy.JerryMouse.catalina.Host reload
INFO : Reloading Context with name [/javaWeb4Jerry] has started
07 27, 2022 10:37:39 上午 cn.andy.JerryMouse.catalina.Context deploy
INFO : Deploying web application directory C:\Users\DELL\Desktop\JerryMouse\JerryMouse\src\webapps\FuncA
07 27, 2022 10:37:39 上午 cn.andy.JerryMouse.catalina.Context deploy
INFO : Deployment of web application /FuncA has finish in 120 ms
07 27, 2022 10:37:39 上午 cn.andy.JerryMouse.catalina.Context <init>
INFO : Deploying web application directory C:\Users\DELL\Desktop\JerryMouse\JerryMouse\src\webapps\FuncA
07 27, 2022 10:37:39 上午 cn.andy.JerryMouse.catalina.Context <init>
INFO : Deployment of web application /FuncA has finish
07 27, 2022 10:37:39 上午 cn.andy.JerryMouse.catalina.Context deploy
INFO : Deploying web application directory C:\Users\DELL\Desktop\JerryMouse\JerryMouse\src\webapps\j2ee
07 27, 2022 10:37:39 上午 cn.andy.JerryMouse.catalina.Context deploy
INFO : Deployment of web application /j2ee has finish in 0 ms
07 27, 2022 10:37:39 上午 cn.andy.JerryMouse.catalina.Context <init>
INFO : Deploying web application directory C:\Users\DELL\Desktop\JerryMouse\JerryMouse\src\webapps\j2ee
07 27, 2022 10:37:39 上午 cn.andy.JerryMouse.catalina.Context <init>
INFO : Deployment of web application /j2ee has finish
07 27, 2022 10:37:39 上午 cn.andy.JerryMouse.catalina.Context deploy
INFO : Deploying web application directory C:\Users\DELL\Desktop\JerryMouse\JerryMouse\src\webapps\ROOT
07 27, 2022 10:37:39 上午 cn.andy.JerryMouse.catalina.Context deploy
INFO : Deployment of web application / has finish in 0 ms
07 27, 2022 10:37:39 上午 cn.andy.JerryMouse.catalina.Context <init>
INFO : Deploying web application directory C:\Users\DELL\Desktop\JerryMouse\JerryMouse\src\webapps\ROOT
07 27, 2022 10:37:39 上午 cn.andy.JerryMouse.catalina.Context <init>
INFO : Deployment of web application / has finish
07 27, 2022 10:37:39 上午 cn.andy.JerryMouse.catalina.Context deploy
INFO : Deploying web application directory C:\Users\DELL\Desktop\JerryMouse\JerryMouse\src\webapps\FuncA\A1
07 27, 2022 10:37:39 上午 cn.andy.JerryMouse.catalina.Context deploy
INFO : Deployment of web application /A1 has finish in 0 ms
07 27, 2022 10:37:39 上午 cn.andy.JerryMouse.catalina.Context <init>
INFO : Deploying web application directory C:\Users\DELL\Desktop\JerryMouse\JerryMouse\src\webapps\FuncA\A1
07 27, 2022 10:37:39 上午 cn.andy.JerryMouse.catalina.Context <init>
INFO : Deployment of web application /A1 has finish
07 27, 2022 10:37:39 上午 cn.andy.JerryMouse.catalina.Context deploy
INFO : Deploying web application directory C:\Users\DELL\Desktop\JerryMouse\Test\javaWeb4Jerry\web
07 27, 2022 10:37:39 上午 cn.andy.JerryMouse.catalina.Context deploy
INFO : Deployment of web application /javaWeb4Jerry has finish in 0 ms
07 27, 2022 10:37:39 上午 cn.andy.JerryMouse.catalina.Context <init>
INFO : Deploying web application directory C:\Users\DELL\Desktop\JerryMouse\Test\javaWeb4Jerry\web
07 27, 2022 10:37:39 上午 cn.andy.JerryMouse.catalina.Context <init>
INFO : Deployment of web application /javaWeb4Jerry has finish
07 27, 2022 10:37:39 上午 cn.andy.JerryMouse.catalina.Server logJVM
INFO : Server Version:		JerryMouse1.0.1
07 27, 2022 10:37:39 上午 cn.andy.JerryMouse.catalina.Server logJVM
INFO : Server built:		2022-5-31
07 27, 2022 10:37:39 上午 cn.andy.JerryMouse.catalina.Server logJVM
INFO : Server number:		1.0.1
07 27, 2022 10:37:39 上午 cn.andy.JerryMouse.catalina.Server logJVM
INFO : OS Name	:		Windows 11
07 27, 2022 10:37:39 上午 cn.andy.JerryMouse.catalina.Server logJVM
INFO : OS Version	:		10.0
07 27, 2022 10:37:39 上午 cn.andy.JerryMouse.catalina.Server logJVM
INFO : Architecture:		amd64
07 27, 2022 10:37:39 上午 cn.andy.JerryMouse.catalina.Server logJVM
INFO : Java Home:		E:\WORK - JAVA\JAVA-JDK-18
07 27, 2022 10:37:39 上午 cn.andy.JerryMouse.catalina.Server logJVM
INFO : JVM version:		18.0.1.1+2-6
07 27, 2022 10:37:39 上午 cn.andy.JerryMouse.catalina.Server logJVM
INFO : JVM vendor:		java.vm.specification.vendor
07 27, 2022 10:37:39 上午 cn.andy.JerryMouse.catalina.Connector init
INFO : Initializing ProtocolHandler [http-bio-18080]
07 27, 2022 10:37:39 上午 cn.andy.JerryMouse.catalina.Connector init
INFO : Initializing ProtocolHandler [http-bio-18081]
07 27, 2022 10:37:39 上午 cn.andy.JerryMouse.catalina.Connector init
INFO : Initializing ProtocolHandler [http-bio-18082]
07 27, 2022 10:37:39 上午 cn.andy.JerryMouse.catalina.Service init
INFO : Initializing Service [Catalina] in 0ms
07 27, 2022 10:37:39 上午 cn.andy.JerryMouse.catalina.Server start
INFO : Server startup in 10 ms
07 27, 2022 10:37:39 上午 cn.andy.JerryMouse.catalina.Connector start
INFO : Starting ProtocolHandler [http-bio-18082]
07 27, 2022 10:37:39 上午 cn.andy.JerryMouse.catalina.Connector start
INFO : Starting ProtocolHandler [http-bio-18081]
07 27, 2022 10:37:39 上午 cn.andy.JerryMouse.catalina.Connector start
INFO : Starting ProtocolHandler [http-bio-18080]
07 27, 2022 10:39:17 上午 cn.andy.JerryMouse.watcher.ContextFileChangeWatcher$1 dealwith
INFO : cn.andy.JerryMouse.watcher.ContextFileChangeWatcher@23e81443 检测到了Web应用下的重要文件变化 {} HelloServlet.class
07 27, 2022 10:39:17 上午 cn.andy.JerryMouse.catalina.Host reload
INFO : Reloading Context with name [/javaWeb4Jerry] has started
07 27, 2022 10:42:32 上午 cn.andy.JerryMouse.catalina.Context deploy
INFO : Deploying web application directory C:\Users\DELL\Desktop\JerryMouse\JerryMouse\src\webapps\FuncA
07 27, 2022 10:42:32 上午 cn.andy.JerryMouse.catalina.Context deploy
INFO : Deployment of web application /FuncA has finish in 110 ms
07 27, 2022 10:42:32 上午 cn.andy.JerryMouse.catalina.Context <init>
INFO : Deploying web application directory C:\Users\DELL\Desktop\JerryMouse\JerryMouse\src\webapps\FuncA
07 27, 2022 10:42:32 上午 cn.andy.JerryMouse.catalina.Context <init>
INFO : Deployment of web application /FuncA has finish
07 27, 2022 10:42:32 上午 cn.andy.JerryMouse.catalina.Context deploy
INFO : Deploying web application directory C:\Users\DELL\Desktop\JerryMouse\JerryMouse\src\webapps\j2ee
07 27, 2022 10:42:32 上午 cn.andy.JerryMouse.catalina.Context deploy
INFO : Deployment of web application /j2ee has finish in 10 ms
07 27, 2022 10:42:32 上午 cn.andy.JerryMouse.catalina.Context <init>
INFO : Deploying web application directory C:\Users\DELL\Desktop\JerryMouse\JerryMouse\src\webapps\j2ee
07 27, 2022 10:42:32 上午 cn.andy.JerryMouse.catalina.Context <init>
INFO : Deployment of web application /j2ee has finish
07 27, 2022 10:42:32 上午 cn.andy.JerryMouse.catalina.Context deploy
INFO : Deploying web application directory C:\Users\DELL\Desktop\JerryMouse\JerryMouse\src\webapps\ROOT
07 27, 2022 10:42:32 上午 cn.andy.JerryMouse.catalina.Context deploy
INFO : Deployment of web application / has finish in 0 ms
07 27, 2022 10:42:32 上午 cn.andy.JerryMouse.catalina.Context <init>
INFO : Deploying web application directory C:\Users\DELL\Desktop\JerryMouse\JerryMouse\src\webapps\ROOT
07 27, 2022 10:42:32 上午 cn.andy.JerryMouse.catalina.Context <init>
INFO : Deployment of web application / has finish
07 27, 2022 10:42:32 上午 cn.andy.JerryMouse.catalina.Context deploy
INFO : Deploying web application directory C:\Users\DELL\Desktop\JerryMouse\JerryMouse\src\webapps\FuncA\A1
07 27, 2022 10:42:32 上午 cn.andy.JerryMouse.catalina.Context deploy
INFO : Deployment of web application /A1 has finish in 0 ms
07 27, 2022 10:42:32 上午 cn.andy.JerryMouse.catalina.Context <init>
INFO : Deploying web application directory C:\Users\DELL\Desktop\JerryMouse\JerryMouse\src\webapps\FuncA\A1
07 27, 2022 10:42:32 上午 cn.andy.JerryMouse.catalina.Context <init>
INFO : Deployment of web application /A1 has finish
07 27, 2022 10:42:32 上午 cn.andy.JerryMouse.catalina.Context deploy
INFO : Deploying web application directory C:\Users\DELL\Desktop\JerryMouse\Test\javaWeb4Jerry\web
07 27, 2022 10:42:32 上午 cn.andy.JerryMouse.catalina.Context deploy
INFO : Deployment of web application /javaWeb4Jerry has finish in 10 ms
07 27, 2022 10:42:32 上午 cn.andy.JerryMouse.catalina.Context <init>
INFO : Deploying web application directory C:\Users\DELL\Desktop\JerryMouse\Test\javaWeb4Jerry\web
07 27, 2022 10:42:32 上午 cn.andy.JerryMouse.catalina.Context <init>
INFO : Deployment of web application /javaWeb4Jerry has finish
07 27, 2022 10:42:32 上午 cn.andy.JerryMouse.catalina.Server logJVM
INFO : Server Version:		JerryMouse1.0.1
07 27, 2022 10:42:32 上午 cn.andy.JerryMouse.catalina.Server logJVM
INFO : Server built:		2022-5-31
07 27, 2022 10:42:32 上午 cn.andy.JerryMouse.catalina.Server logJVM
INFO : Server number:		1.0.1
07 27, 2022 10:42:32 上午 cn.andy.JerryMouse.catalina.Server logJVM
INFO : OS Name	:		Windows 11
07 27, 2022 10:42:32 上午 cn.andy.JerryMouse.catalina.Server logJVM
INFO : OS Version	:		10.0
07 27, 2022 10:42:32 上午 cn.andy.JerryMouse.catalina.Server logJVM
INFO : Architecture:		amd64
07 27, 2022 10:42:32 上午 cn.andy.JerryMouse.catalina.Server logJVM
INFO : Java Home:		E:\WORK - JAVA\JAVA-JDK-18
07 27, 2022 10:42:32 上午 cn.andy.JerryMouse.catalina.Server logJVM
INFO : JVM version:		18.0.1.1+2-6
07 27, 2022 10:42:32 上午 cn.andy.JerryMouse.catalina.Server logJVM
INFO : JVM vendor:		java.vm.specification.vendor
07 27, 2022 10:42:32 上午 cn.andy.JerryMouse.catalina.Connector init
INFO : Initializing ProtocolHandler [http-bio-18080]
07 27, 2022 10:42:32 上午 cn.andy.JerryMouse.catalina.Connector init
INFO : Initializing ProtocolHandler [http-bio-18081]
07 27, 2022 10:42:32 上午 cn.andy.JerryMouse.catalina.Connector init
INFO : Initializing ProtocolHandler [http-bio-18082]
07 27, 2022 10:42:32 上午 cn.andy.JerryMouse.catalina.Service init
INFO : Initializing Service [Catalina] in 0ms
07 27, 2022 10:42:32 上午 cn.andy.JerryMouse.catalina.Connector start
INFO : Starting ProtocolHandler [http-bio-18080]
07 27, 2022 10:42:32 上午 cn.andy.JerryMouse.catalina.Connector start
INFO : Starting ProtocolHandler [http-bio-18082]
07 27, 2022 10:42:32 上午 cn.andy.JerryMouse.catalina.Connector start
INFO : Starting ProtocolHandler [http-bio-18081]
07 27, 2022 10:42:32 上午 cn.andy.JerryMouse.catalina.Server start
INFO : Server startup in 10 ms
07 27, 2022 10:43:40 上午 cn.andy.JerryMouse.watcher.ContextFileChangeWatcher$1 dealwith
INFO : cn.andy.JerryMouse.watcher.ContextFileChangeWatcher@23e81443 检测到了Web应用下的重要文件变化 {} HelloServlet.class
07 27, 2022 10:43:40 上午 cn.andy.JerryMouse.catalina.Host reload
INFO : Reloading Context with name [/javaWeb4Jerry] has started
07 27, 2022 10:44:05 上午 cn.andy.JerryMouse.catalina.Context deploy
INFO : Deploying web application directory C:\Users\DELL\Desktop\JerryMouse\JerryMouse\src\webapps\FuncA
07 27, 2022 10:44:05 上午 cn.andy.JerryMouse.catalina.Context deploy
INFO : Deployment of web application /FuncA has finish in 110 ms
07 27, 2022 10:44:05 上午 cn.andy.JerryMouse.catalina.Context <init>
INFO : Deploying web application directory C:\Users\DELL\Desktop\JerryMouse\JerryMouse\src\webapps\FuncA
07 27, 2022 10:44:05 上午 cn.andy.JerryMouse.catalina.Context <init>
INFO : Deployment of web application /FuncA has finish
07 27, 2022 10:44:05 上午 cn.andy.JerryMouse.catalina.Context deploy
INFO : Deploying web application directory C:\Users\DELL\Desktop\JerryMouse\JerryMouse\src\webapps\j2ee
07 27, 2022 10:44:05 上午 cn.andy.JerryMouse.catalina.Context deploy
INFO : Deployment of web application /j2ee has finish in 0 ms
07 27, 2022 10:44:05 上午 cn.andy.JerryMouse.catalina.Context <init>
INFO : Deploying web application directory C:\Users\DELL\Desktop\JerryMouse\JerryMouse\src\webapps\j2ee
07 27, 2022 10:44:05 上午 cn.andy.JerryMouse.catalina.Context <init>
INFO : Deployment of web application /j2ee has finish
07 27, 2022 10:44:05 上午 cn.andy.JerryMouse.catalina.Context deploy
INFO : Deploying web application directory C:\Users\DELL\Desktop\JerryMouse\JerryMouse\src\webapps\ROOT
07 27, 2022 10:44:05 上午 cn.andy.JerryMouse.catalina.Context deploy
INFO : Deployment of web application / has finish in 0 ms
07 27, 2022 10:44:05 上午 cn.andy.JerryMouse.catalina.Context <init>
INFO : Deploying web application directory C:\Users\DELL\Desktop\JerryMouse\JerryMouse\src\webapps\ROOT
07 27, 2022 10:44:05 上午 cn.andy.JerryMouse.catalina.Context <init>
INFO : Deployment of web application / has finish
07 27, 2022 10:44:05 上午 cn.andy.JerryMouse.catalina.Context deploy
INFO : Deploying web application directory C:\Users\DELL\Desktop\JerryMouse\JerryMouse\src\webapps\FuncA\A1
07 27, 2022 10:44:05 上午 cn.andy.JerryMouse.catalina.Context deploy
INFO : Deployment of web application /A1 has finish in 0 ms
07 27, 2022 10:44:05 上午 cn.andy.JerryMouse.catalina.Context <init>
INFO : Deploying web application directory C:\Users\DELL\Desktop\JerryMouse\JerryMouse\src\webapps\FuncA\A1
07 27, 2022 10:44:05 上午 cn.andy.JerryMouse.catalina.Context <init>
INFO : Deployment of web application /A1 has finish
07 27, 2022 10:44:05 上午 cn.andy.JerryMouse.catalina.Context deploy
INFO : Deploying web application directory C:\Users\DELL\Desktop\JerryMouse\Test\javaWeb4Jerry\web
07 27, 2022 10:44:05 上午 cn.andy.JerryMouse.catalina.Context deploy
INFO : Deployment of web application /javaWeb4Jerry has finish in 0 ms
07 27, 2022 10:44:05 上午 cn.andy.JerryMouse.catalina.Context <init>
INFO : Deploying web application directory C:\Users\DELL\Desktop\JerryMouse\Test\javaWeb4Jerry\web
07 27, 2022 10:44:05 上午 cn.andy.JerryMouse.catalina.Context <init>
INFO : Deployment of web application /javaWeb4Jerry has finish
07 27, 2022 10:44:05 上午 cn.andy.JerryMouse.catalina.Server logJVM
INFO : Server Version:		JerryMouse1.0.1
07 27, 2022 10:44:05 上午 cn.andy.JerryMouse.catalina.Server logJVM
INFO : Server built:		2022-5-31
07 27, 2022 10:44:05 上午 cn.andy.JerryMouse.catalina.Server logJVM
INFO : Server number:		1.0.1
07 27, 2022 10:44:05 上午 cn.andy.JerryMouse.catalina.Server logJVM
INFO : OS Name	:		Windows 11
07 27, 2022 10:44:05 上午 cn.andy.JerryMouse.catalina.Server logJVM
INFO : OS Version	:		10.0
07 27, 2022 10:44:05 上午 cn.andy.JerryMouse.catalina.Server logJVM
INFO : Architecture:		amd64
07 27, 2022 10:44:05 上午 cn.andy.JerryMouse.catalina.Server logJVM
INFO : Java Home:		E:\WORK - JAVA\JAVA-JDK-18
07 27, 2022 10:44:05 上午 cn.andy.JerryMouse.catalina.Server logJVM
INFO : JVM version:		18.0.1.1+2-6
07 27, 2022 10:44:05 上午 cn.andy.JerryMouse.catalina.Server logJVM
INFO : JVM vendor:		java.vm.specification.vendor
07 27, 2022 10:44:05 上午 cn.andy.JerryMouse.catalina.Connector init
INFO : Initializing ProtocolHandler [http-bio-18080]
07 27, 2022 10:44:05 上午 cn.andy.JerryMouse.catalina.Connector init
INFO : Initializing ProtocolHandler [http-bio-18081]
07 27, 2022 10:44:05 上午 cn.andy.JerryMouse.catalina.Connector init
INFO : Initializing ProtocolHandler [http-bio-18082]
07 27, 2022 10:44:05 上午 cn.andy.JerryMouse.catalina.Service init
INFO : Initializing Service [Catalina] in 0ms
07 27, 2022 10:44:05 上午 cn.andy.JerryMouse.catalina.Connector start
INFO : Starting ProtocolHandler [http-bio-18080]
07 27, 2022 10:44:05 上午 cn.andy.JerryMouse.catalina.Connector start
INFO : Starting ProtocolHandler [http-bio-18082]
07 27, 2022 10:44:05 上午 cn.andy.JerryMouse.catalina.Connector start
INFO : Starting ProtocolHandler [http-bio-18081]
07 27, 2022 10:44:05 上午 cn.andy.JerryMouse.catalina.Server start
INFO : Server startup in 0 ms
07 27, 2022 10:46:11 上午 cn.andy.JerryMouse.catalina.Context deploy
INFO : Deploying web application directory C:\Users\DELL\Desktop\JerryMouse\JerryMouse\src\webapps\FuncA
07 27, 2022 10:46:11 上午 cn.andy.JerryMouse.catalina.Context deploy
INFO : Deployment of web application /FuncA has finish in 140 ms
07 27, 2022 10:46:11 上午 cn.andy.JerryMouse.catalina.Context <init>
INFO : Deploying web application directory C:\Users\DELL\Desktop\JerryMouse\JerryMouse\src\webapps\FuncA
07 27, 2022 10:46:11 上午 cn.andy.JerryMouse.catalina.Context <init>
INFO : Deployment of web application /FuncA has finish
07 27, 2022 10:46:11 上午 cn.andy.JerryMouse.catalina.Context deploy
INFO : Deploying web application directory C:\Users\DELL\Desktop\JerryMouse\JerryMouse\src\webapps\j2ee
07 27, 2022 10:46:11 上午 cn.andy.JerryMouse.catalina.Context deploy
INFO : Deployment of web application /j2ee has finish in 0 ms
07 27, 2022 10:46:11 上午 cn.andy.JerryMouse.catalina.Context <init>
INFO : Deploying web application directory C:\Users\DELL\Desktop\JerryMouse\JerryMouse\src\webapps\j2ee
07 27, 2022 10:46:11 上午 cn.andy.JerryMouse.catalina.Context <init>
INFO : Deployment of web application /j2ee has finish
07 27, 2022 10:46:11 上午 cn.andy.JerryMouse.catalina.Context deploy
INFO : Deploying web application directory C:\Users\DELL\Desktop\JerryMouse\JerryMouse\src\webapps\ROOT
07 27, 2022 10:46:11 上午 cn.andy.JerryMouse.catalina.Context deploy
INFO : Deployment of web application / has finish in 10 ms
07 27, 2022 10:46:11 上午 cn.andy.JerryMouse.catalina.Context <init>
INFO : Deploying web application directory C:\Users\DELL\Desktop\JerryMouse\JerryMouse\src\webapps\ROOT
07 27, 2022 10:46:11 上午 cn.andy.JerryMouse.catalina.Context <init>
INFO : Deployment of web application / has finish
07 27, 2022 10:46:11 上午 cn.andy.JerryMouse.catalina.Context deploy
INFO : Deploying web application directory C:\Users\DELL\Desktop\JerryMouse\JerryMouse\src\webapps\FuncA\A1
07 27, 2022 10:46:11 上午 cn.andy.JerryMouse.catalina.Context deploy
INFO : Deployment of web application /A1 has finish in 10 ms
07 27, 2022 10:46:11 上午 cn.andy.JerryMouse.catalina.Context <init>
INFO : Deploying web application directory C:\Users\DELL\Desktop\JerryMouse\JerryMouse\src\webapps\FuncA\A1
07 27, 2022 10:46:11 上午 cn.andy.JerryMouse.catalina.Context <init>
INFO : Deployment of web application /A1 has finish
07 27, 2022 10:46:11 上午 cn.andy.JerryMouse.catalina.Context deploy
INFO : Deploying web application directory C:\Users\DELL\Desktop\JerryMouse\Test\javaWeb4Jerry\web
07 27, 2022 10:46:11 上午 cn.andy.JerryMouse.catalina.Context deploy
INFO : Deployment of web application /javaWeb4Jerry has finish in 0 ms
07 27, 2022 10:46:11 上午 cn.andy.JerryMouse.catalina.Context <init>
INFO : Deploying web application directory C:\Users\DELL\Desktop\JerryMouse\Test\javaWeb4Jerry\web
07 27, 2022 10:46:11 上午 cn.andy.JerryMouse.catalina.Context <init>
INFO : Deployment of web application /javaWeb4Jerry has finish
07 27, 2022 10:46:11 上午 cn.andy.JerryMouse.catalina.Server logJVM
INFO : Server Version:		JerryMouse1.0.1
07 27, 2022 10:46:11 上午 cn.andy.JerryMouse.catalina.Server logJVM
INFO : Server built:		2022-5-31
07 27, 2022 10:46:11 上午 cn.andy.JerryMouse.catalina.Server logJVM
INFO : Server number:		1.0.1
07 27, 2022 10:46:11 上午 cn.andy.JerryMouse.catalina.Server logJVM
INFO : OS Name	:		Windows 11
07 27, 2022 10:46:11 上午 cn.andy.JerryMouse.catalina.Server logJVM
INFO : OS Version	:		10.0
07 27, 2022 10:46:11 上午 cn.andy.JerryMouse.catalina.Server logJVM
INFO : Architecture:		amd64
07 27, 2022 10:46:11 上午 cn.andy.JerryMouse.catalina.Server logJVM
INFO : Java Home:		E:\WORK - JAVA\JAVA-JDK-18
07 27, 2022 10:46:11 上午 cn.andy.JerryMouse.catalina.Server logJVM
INFO : JVM version:		18.0.1.1+2-6
07 27, 2022 10:46:11 上午 cn.andy.JerryMouse.catalina.Server logJVM
INFO : JVM vendor:		java.vm.specification.vendor
07 27, 2022 10:46:11 上午 cn.andy.JerryMouse.catalina.Connector init
INFO : Initializing ProtocolHandler [http-bio-18080]
07 27, 2022 10:46:11 上午 cn.andy.JerryMouse.catalina.Connector init
INFO : Initializing ProtocolHandler [http-bio-18081]
07 27, 2022 10:46:11 上午 cn.andy.JerryMouse.catalina.Connector init
INFO : Initializing ProtocolHandler [http-bio-18082]
07 27, 2022 10:46:11 上午 cn.andy.JerryMouse.catalina.Service init
INFO : Initializing Service [Catalina] in 0ms
07 27, 2022 10:46:11 上午 cn.andy.JerryMouse.catalina.Server start
INFO : Server startup in 10 ms
07 27, 2022 10:46:11 上午 cn.andy.JerryMouse.catalina.Connector start
INFO : Starting ProtocolHandler [http-bio-18082]
07 27, 2022 10:46:11 上午 cn.andy.JerryMouse.catalina.Connector start
INFO : Starting ProtocolHandler [http-bio-18081]
07 27, 2022 10:46:11 上午 cn.andy.JerryMouse.catalina.Connector start
INFO : Starting ProtocolHandler [http-bio-18080]
07 27, 2022 10:46:40 上午 cn.andy.JerryMouse.watcher.ContextFileChangeWatcher$1 dealwith
INFO : cn.andy.JerryMouse.watcher.ContextFileChangeWatcher@23e81443 检测到了Web应用下的重要文件变化 {} HelloServlet.class
07 27, 2022 10:46:40 上午 cn.andy.JerryMouse.catalina.Host reload
INFO : Reloading Context with name [/javaWeb4Jerry] has started
07 27, 2022 10:51:29 上午 cn.andy.JerryMouse.catalina.Context deploy
INFO : Deploying web application directory C:\Users\DELL\Desktop\JerryMouse\JerryMouse\src\webapps\FuncA
07 27, 2022 10:51:29 上午 cn.andy.JerryMouse.catalina.Context deploy
INFO : Deployment of web application /FuncA has finish in 100 ms
07 27, 2022 10:51:29 上午 cn.andy.JerryMouse.catalina.Context <init>
INFO : Deploying web application directory C:\Users\DELL\Desktop\JerryMouse\JerryMouse\src\webapps\FuncA
07 27, 2022 10:51:29 上午 cn.andy.JerryMouse.catalina.Context <init>
INFO : Deployment of web application /FuncA has finish
07 27, 2022 10:51:29 上午 cn.andy.JerryMouse.catalina.Context deploy
INFO : Deploying web application directory C:\Users\DELL\Desktop\JerryMouse\JerryMouse\src\webapps\j2ee
07 27, 2022 10:51:29 上午 cn.andy.JerryMouse.catalina.Context deploy
INFO : Deployment of web application /j2ee has finish in 0 ms
07 27, 2022 10:51:29 上午 cn.andy.JerryMouse.catalina.Context <init>
INFO : Deploying web application directory C:\Users\DELL\Desktop\JerryMouse\JerryMouse\src\webapps\j2ee
07 27, 2022 10:51:29 上午 cn.andy.JerryMouse.catalina.Context <init>
INFO : Deployment of web application /j2ee has finish
07 27, 2022 10:51:29 上午 cn.andy.JerryMouse.catalina.Context deploy
INFO : Deploying web application directory C:\Users\DELL\Desktop\JerryMouse\JerryMouse\src\webapps\ROOT
07 27, 2022 10:51:29 上午 cn.andy.JerryMouse.catalina.Context deploy
INFO : Deployment of web application / has finish in 0 ms
07 27, 2022 10:51:29 上午 cn.andy.JerryMouse.catalina.Context <init>
INFO : Deploying web application directory C:\Users\DELL\Desktop\JerryMouse\JerryMouse\src\webapps\ROOT
07 27, 2022 10:51:29 上午 cn.andy.JerryMouse.catalina.Context <init>
INFO : Deployment of web application / has finish
07 27, 2022 10:51:29 上午 cn.andy.JerryMouse.catalina.Context deploy
INFO : Deploying web application directory C:\Users\DELL\Desktop\JerryMouse\JerryMouse\src\webapps\FuncA\A1
07 27, 2022 10:51:29 上午 cn.andy.JerryMouse.catalina.Context deploy
INFO : Deployment of web application /A1 has finish in 0 ms
07 27, 2022 10:51:29 上午 cn.andy.JerryMouse.catalina.Context <init>
INFO : Deploying web application directory C:\Users\DELL\Desktop\JerryMouse\JerryMouse\src\webapps\FuncA\A1
07 27, 2022 10:51:29 上午 cn.andy.JerryMouse.catalina.Context <init>
INFO : Deployment of web application /A1 has finish
07 27, 2022 10:51:29 上午 cn.andy.JerryMouse.catalina.Context deploy
INFO : Deploying web application directory C:\Users\DELL\Desktop\JerryMouse\Test\javaWeb4Jerry\web
07 27, 2022 10:51:29 上午 cn.andy.JerryMouse.catalina.Context deploy
INFO : Deployment of web application /javaWeb4Jerry has finish in 0 ms
07 27, 2022 10:51:29 上午 cn.andy.JerryMouse.catalina.Context <init>
INFO : Deploying web application directory C:\Users\DELL\Desktop\JerryMouse\Test\javaWeb4Jerry\web
07 27, 2022 10:51:29 上午 cn.andy.JerryMouse.catalina.Context <init>
INFO : Deployment of web application /javaWeb4Jerry has finish
07 27, 2022 10:51:29 上午 cn.andy.JerryMouse.catalina.Server logJVM
INFO : Server Version:		JerryMouse1.0.1
07 27, 2022 10:51:29 上午 cn.andy.JerryMouse.catalina.Server logJVM
INFO : Server built:		2022-5-31
07 27, 2022 10:51:29 上午 cn.andy.JerryMouse.catalina.Server logJVM
INFO : Server number:		1.0.1
07 27, 2022 10:51:29 上午 cn.andy.JerryMouse.catalina.Server logJVM
INFO : OS Name	:		Windows 11
07 27, 2022 10:51:29 上午 cn.andy.JerryMouse.catalina.Server logJVM
INFO : OS Version	:		10.0
07 27, 2022 10:51:29 上午 cn.andy.JerryMouse.catalina.Server logJVM
INFO : Architecture:		amd64
07 27, 2022 10:51:29 上午 cn.andy.JerryMouse.catalina.Server logJVM
INFO : Java Home:		E:\WORK - JAVA\JAVA-JDK-18
07 27, 2022 10:51:29 上午 cn.andy.JerryMouse.catalina.Server logJVM
INFO : JVM version:		18.0.1.1+2-6
07 27, 2022 10:51:29 上午 cn.andy.JerryMouse.catalina.Server logJVM
INFO : JVM vendor:		java.vm.specification.vendor
07 27, 2022 10:51:29 上午 cn.andy.JerryMouse.catalina.Connector init
INFO : Initializing ProtocolHandler [http-bio-18080]
07 27, 2022 10:51:29 上午 cn.andy.JerryMouse.catalina.Connector init
INFO : Initializing ProtocolHandler [http-bio-18081]
07 27, 2022 10:51:29 上午 cn.andy.JerryMouse.catalina.Connector init
INFO : Initializing ProtocolHandler [http-bio-18082]
07 27, 2022 10:51:29 上午 cn.andy.JerryMouse.catalina.Service init
INFO : Initializing Service [Catalina] in 0ms
07 27, 2022 10:51:29 上午 cn.andy.JerryMouse.catalina.Server start
INFO : Server startup in 30 ms
07 27, 2022 10:51:29 上午 cn.andy.JerryMouse.catalina.Connector start
INFO : Starting ProtocolHandler [http-bio-18081]
07 27, 2022 10:51:29 上午 cn.andy.JerryMouse.catalina.Connector start
INFO : Starting ProtocolHandler [http-bio-18080]
07 27, 2022 10:51:29 上午 cn.andy.JerryMouse.catalina.Connector start
INFO : Starting ProtocolHandler [http-bio-18082]
07 27, 2022 10:51:51 上午 cn.andy.JerryMouse.watcher.ContextFileChangeWatcher$1 dealwith
INFO : cn.andy.JerryMouse.watcher.ContextFileChangeWatcher@23e81443 检测到了Web应用下的重要文件变化 {} HelloServlet.class
07 27, 2022 10:51:51 上午 cn.andy.JerryMouse.catalina.Host reload
INFO : Reloading Context with name [/javaWeb4Jerry] has started
07 27, 2022 10:51:51 上午 cn.andy.JerryMouse.catalina.Context deploy
INFO : Deploying web application directory C:\Users\DELL\Desktop\JerryMouse\Test\javaWeb4Jerry\web
07 27, 2022 10:51:51 上午 cn.andy.JerryMouse.catalina.Context deploy
INFO : Deployment of web application /javaWeb4Jerry has finish in 2 ms
07 27, 2022 10:51:51 上午 cn.andy.JerryMouse.catalina.Context <init>
INFO : Deploying web application directory C:\Users\DELL\Desktop\JerryMouse\Test\javaWeb4Jerry\web
07 27, 2022 10:51:51 上午 cn.andy.JerryMouse.catalina.Context <init>
INFO : Deployment of web application /javaWeb4Jerry has finish
07 27, 2022 10:51:51 上午 cn.andy.JerryMouse.catalina.Host reload
INFO : Reloading Context with name [/javaWeb4Jerry] has finished
07 27, 2022 10:52:01 上午 cn.andy.JerryMouse.watcher.ContextFileChangeWatcher$1 dealwith
INFO : cn.andy.JerryMouse.watcher.ContextFileChangeWatcher@500fafa4 检测到了Web应用下的重要文件变化 {} HelloServlet.class
07 27, 2022 10:52:01 上午 cn.andy.JerryMouse.catalina.Host reload
INFO : Reloading Context with name [/javaWeb4Jerry] has started
07 27, 2022 10:56:13 上午 cn.andy.JerryMouse.catalina.Context deploy
INFO : Deploying web application directory C:\Users\DELL\Desktop\JerryMouse\JerryMouse\src\webapps\FuncA
07 27, 2022 10:56:13 上午 cn.andy.JerryMouse.catalina.Context deploy
INFO : Deployment of web application /FuncA has finish in 130 ms
07 27, 2022 10:56:13 上午 cn.andy.JerryMouse.catalina.Context <init>
INFO : Deploying web application directory C:\Users\DELL\Desktop\JerryMouse\JerryMouse\src\webapps\FuncA
07 27, 2022 10:56:13 上午 cn.andy.JerryMouse.catalina.Context <init>
INFO : Deployment of web application /FuncA has finish
07 27, 2022 10:56:13 上午 cn.andy.JerryMouse.catalina.Context deploy
INFO : Deploying web application directory C:\Users\DELL\Desktop\JerryMouse\JerryMouse\src\webapps\j2ee
07 27, 2022 10:56:13 上午 cn.andy.JerryMouse.catalina.Context deploy
INFO : Deployment of web application /j2ee has finish in 10 ms
07 27, 2022 10:56:13 上午 cn.andy.JerryMouse.catalina.Context <init>
INFO : Deploying web application directory C:\Users\DELL\Desktop\JerryMouse\JerryMouse\src\webapps\j2ee
07 27, 2022 10:56:13 上午 cn.andy.JerryMouse.catalina.Context <init>
INFO : Deployment of web application /j2ee has finish
07 27, 2022 10:56:13 上午 cn.andy.JerryMouse.catalina.Context deploy
INFO : Deploying web application directory C:\Users\DELL\Desktop\JerryMouse\JerryMouse\src\webapps\ROOT
07 27, 2022 10:56:13 上午 cn.andy.JerryMouse.catalina.Context deploy
INFO : Deployment of web application / has finish in 0 ms
07 27, 2022 10:56:13 上午 cn.andy.JerryMouse.catalina.Context <init>
INFO : Deploying web application directory C:\Users\DELL\Desktop\JerryMouse\JerryMouse\src\webapps\ROOT
07 27, 2022 10:56:13 上午 cn.andy.JerryMouse.catalina.Context <init>
INFO : Deployment of web application / has finish
07 27, 2022 10:56:13 上午 cn.andy.JerryMouse.catalina.Context deploy
INFO : Deploying web application directory C:\Users\DELL\Desktop\JerryMouse\JerryMouse\src\webapps\FuncA\A1
07 27, 2022 10:56:13 上午 cn.andy.JerryMouse.catalina.Context deploy
INFO : Deployment of web application /A1 has finish in 0 ms
07 27, 2022 10:56:13 上午 cn.andy.JerryMouse.catalina.Context <init>
INFO : Deploying web application directory C:\Users\DELL\Desktop\JerryMouse\JerryMouse\src\webapps\FuncA\A1
07 27, 2022 10:56:13 上午 cn.andy.JerryMouse.catalina.Context <init>
INFO : Deployment of web application /A1 has finish
07 27, 2022 10:56:13 上午 cn.andy.JerryMouse.catalina.Context deploy
INFO : Deploying web application directory C:\Users\DELL\Desktop\JerryMouse\Test\javaWeb4Jerry\web
07 27, 2022 10:56:13 上午 cn.andy.JerryMouse.catalina.Context deploy
INFO : Deployment of web application /javaWeb4Jerry has finish in 0 ms
07 27, 2022 10:56:13 上午 cn.andy.JerryMouse.catalina.Context <init>
INFO : Deploying web application directory C:\Users\DELL\Desktop\JerryMouse\Test\javaWeb4Jerry\web
07 27, 2022 10:56:13 上午 cn.andy.JerryMouse.catalina.Context <init>
INFO : Deployment of web application /javaWeb4Jerry has finish
07 27, 2022 10:56:13 上午 cn.andy.JerryMouse.catalina.Server logJVM
INFO : Server Version:		JerryMouse1.0.1
07 27, 2022 10:56:13 上午 cn.andy.JerryMouse.catalina.Server logJVM
INFO : Server built:		2022-5-31
07 27, 2022 10:56:13 上午 cn.andy.JerryMouse.catalina.Server logJVM
INFO : Server number:		1.0.1
07 27, 2022 10:56:13 上午 cn.andy.JerryMouse.catalina.Server logJVM
INFO : OS Name	:		Windows 11
07 27, 2022 10:56:13 上午 cn.andy.JerryMouse.catalina.Server logJVM
INFO : OS Version	:		10.0
07 27, 2022 10:56:13 上午 cn.andy.JerryMouse.catalina.Server logJVM
INFO : Architecture:		amd64
07 27, 2022 10:56:13 上午 cn.andy.JerryMouse.catalina.Server logJVM
INFO : Java Home:		E:\WORK - JAVA\JAVA-JDK-18
07 27, 2022 10:56:13 上午 cn.andy.JerryMouse.catalina.Server logJVM
INFO : JVM version:		18.0.1.1+2-6
07 27, 2022 10:56:13 上午 cn.andy.JerryMouse.catalina.Server logJVM
INFO : JVM vendor:		java.vm.specification.vendor
07 27, 2022 10:56:13 上午 cn.andy.JerryMouse.catalina.Connector init
INFO : Initializing ProtocolHandler [http-bio-18080]
07 27, 2022 10:56:13 上午 cn.andy.JerryMouse.catalina.Connector init
INFO : Initializing ProtocolHandler [http-bio-18081]
07 27, 2022 10:56:13 上午 cn.andy.JerryMouse.catalina.Connector init
INFO : Initializing ProtocolHandler [http-bio-18082]
07 27, 2022 10:56:13 上午 cn.andy.JerryMouse.catalina.Service init
INFO : Initializing Service [Catalina] in 0ms
07 27, 2022 10:56:13 上午 cn.andy.JerryMouse.catalina.Connector start
INFO : Starting ProtocolHandler [http-bio-18080]
07 27, 2022 10:56:13 上午 cn.andy.JerryMouse.catalina.Connector start
INFO : Starting ProtocolHandler [http-bio-18082]
07 27, 2022 10:56:13 上午 cn.andy.JerryMouse.catalina.Connector start
INFO : Starting ProtocolHandler [http-bio-18081]
07 27, 2022 10:56:13 上午 cn.andy.JerryMouse.catalina.Server start
INFO : Server startup in 10 ms
07 27, 2022 10:56:22 上午 cn.andy.JerryMouse.watcher.ContextFileChangeWatcher$1 dealwith
INFO : cn.andy.JerryMouse.watcher.ContextFileChangeWatcher@23e81443 检测到了Web应用下的重要文件变化 {} HelloServlet.class
07 27, 2022 10:56:22 上午 cn.andy.JerryMouse.catalina.Host reload
INFO : Reloading Context with name [/javaWeb4Jerry] has started
07 27, 2022 10:56:22 上午 cn.andy.JerryMouse.catalina.Context deploy
INFO : Deploying web application directory C:\Users\DELL\Desktop\JerryMouse\Test\javaWeb4Jerry\web
07 27, 2022 10:56:22 上午 cn.andy.JerryMouse.catalina.Context deploy
INFO : Deployment of web application /javaWeb4Jerry has finish in 2 ms
07 27, 2022 10:56:22 上午 cn.andy.JerryMouse.catalina.Context <init>
INFO : Deploying web application directory C:\Users\DELL\Desktop\JerryMouse\Test\javaWeb4Jerry\web
07 27, 2022 10:56:22 上午 cn.andy.JerryMouse.catalina.Context <init>
INFO : Deployment of web application /javaWeb4Jerry has finish
07 27, 2022 10:56:22 上午 cn.andy.JerryMouse.catalina.Host reload
INFO : Reloading Context with name [/javaWeb4Jerry] has finished
07 27, 2022 10:56:30 上午 cn.andy.JerryMouse.watcher.ContextFileChangeWatcher$1 dealwith
INFO : cn.andy.JerryMouse.watcher.ContextFileChangeWatcher@500fafa4 检测到了Web应用下的重要文件变化 {} HelloServlet.class
07 27, 2022 10:56:30 上午 cn.andy.JerryMouse.catalina.Host reload
INFO : Reloading Context with name [/javaWeb4Jerry] has started
07 27, 2022 10:56:30 上午 cn.andy.JerryMouse.catalina.Context deploy
INFO : Deploying web application directory C:\Users\DELL\Desktop\JerryMouse\Test\javaWeb4Jerry\web
07 27, 2022 10:56:30 上午 cn.andy.JerryMouse.catalina.Context deploy
INFO : Deployment of web application /javaWeb4Jerry has finish in 2 ms
07 27, 2022 10:56:30 上午 cn.andy.JerryMouse.catalina.Context <init>
INFO : Deploying web application directory C:\Users\DELL\Desktop\JerryMouse\Test\javaWeb4Jerry\web
07 27, 2022 10:56:30 上午 cn.andy.JerryMouse.catalina.Context <init>
INFO : Deployment of web application /javaWeb4Jerry has finish
07 27, 2022 10:56:30 上午 cn.andy.JerryMouse.catalina.Host reload
INFO : Reloading Context with name [/javaWeb4Jerry] has finished
07 27, 2022 11:04:52 上午 cn.andy.JerryMouse.catalina.Context deploy
INFO : Deploying web application directory C:\Users\DELL\Desktop\JerryMouse\JerryMouse\src\webapps\FuncA
07 27, 2022 11:04:52 上午 cn.andy.JerryMouse.catalina.Context deploy
INFO : Deployment of web application /FuncA has finish in 120 ms
07 27, 2022 11:04:52 上午 cn.andy.JerryMouse.catalina.Context <init>
INFO : Deploying web application directory C:\Users\DELL\Desktop\JerryMouse\JerryMouse\src\webapps\FuncA
07 27, 2022 11:04:52 上午 cn.andy.JerryMouse.catalina.Context <init>
INFO : Deployment of web application /FuncA has finish
07 27, 2022 11:04:52 上午 cn.andy.JerryMouse.catalina.Context deploy
INFO : Deploying web application directory C:\Users\DELL\Desktop\JerryMouse\JerryMouse\src\webapps\j2ee
07 27, 2022 11:04:52 上午 cn.andy.JerryMouse.catalina.Context deploy
INFO : Deployment of web application /j2ee has finish in 10 ms
07 27, 2022 11:04:52 上午 cn.andy.JerryMouse.catalina.Context <init>
INFO : Deploying web application directory C:\Users\DELL\Desktop\JerryMouse\JerryMouse\src\webapps\j2ee
07 27, 2022 11:04:52 上午 cn.andy.JerryMouse.catalina.Context <init>
INFO : Deployment of web application /j2ee has finish
07 27, 2022 11:04:52 上午 cn.andy.JerryMouse.catalina.Context deploy
INFO : Deploying web application directory C:\Users\DELL\Desktop\JerryMouse\JerryMouse\src\webapps\ROOT
07 27, 2022 11:04:52 上午 cn.andy.JerryMouse.catalina.Context deploy
INFO : Deployment of web application / has finish in 0 ms
07 27, 2022 11:04:52 上午 cn.andy.JerryMouse.catalina.Context <init>
INFO : Deploying web application directory C:\Users\DELL\Desktop\JerryMouse\JerryMouse\src\webapps\ROOT
07 27, 2022 11:04:52 上午 cn.andy.JerryMouse.catalina.Context <init>
INFO : Deployment of web application / has finish
07 27, 2022 11:04:52 上午 cn.andy.JerryMouse.catalina.Context deploy
INFO : Deploying web application directory C:\Users\DELL\Desktop\JerryMouse\JerryMouse\src\webapps\FuncA\A1
07 27, 2022 11:04:52 上午 cn.andy.JerryMouse.catalina.Context deploy
INFO : Deployment of web application /A1 has finish in 0 ms
07 27, 2022 11:04:52 上午 cn.andy.JerryMouse.catalina.Context <init>
INFO : Deploying web application directory C:\Users\DELL\Desktop\JerryMouse\JerryMouse\src\webapps\FuncA\A1
07 27, 2022 11:04:52 上午 cn.andy.JerryMouse.catalina.Context <init>
INFO : Deployment of web application /A1 has finish
07 27, 2022 11:04:52 上午 cn.andy.JerryMouse.catalina.Context deploy
INFO : Deploying web application directory C:\Users\DELL\Desktop\JerryMouse\Test\javaWeb4Jerry\web
07 27, 2022 11:04:52 上午 cn.andy.JerryMouse.catalina.Context deploy
INFO : Deployment of web application /javaWeb4Jerry has finish in 0 ms
07 27, 2022 11:04:52 上午 cn.andy.JerryMouse.catalina.Context <init>
INFO : Deploying web application directory C:\Users\DELL\Desktop\JerryMouse\Test\javaWeb4Jerry\web
07 27, 2022 11:04:52 上午 cn.andy.JerryMouse.catalina.Context <init>
INFO : Deployment of web application /javaWeb4Jerry has finish
07 27, 2022 11:04:52 上午 cn.andy.JerryMouse.catalina.Server logJVM
INFO : Server Version:		JerryMouse1.0.1
07 27, 2022 11:04:52 上午 cn.andy.JerryMouse.catalina.Server logJVM
INFO : Server built:		2022-5-31
07 27, 2022 11:04:52 上午 cn.andy.JerryMouse.catalina.Server logJVM
INFO : Server number:		1.0.1
07 27, 2022 11:04:52 上午 cn.andy.JerryMouse.catalina.Server logJVM
INFO : OS Name	:		Windows 11
07 27, 2022 11:04:52 上午 cn.andy.JerryMouse.catalina.Server logJVM
INFO : OS Version	:		10.0
07 27, 2022 11:04:52 上午 cn.andy.JerryMouse.catalina.Server logJVM
INFO : Architecture:		amd64
07 27, 2022 11:04:52 上午 cn.andy.JerryMouse.catalina.Server logJVM
INFO : Java Home:		E:\WORK - JAVA\JAVA-JDK-18
07 27, 2022 11:04:52 上午 cn.andy.JerryMouse.catalina.Server logJVM
INFO : JVM version:		18.0.1.1+2-6
07 27, 2022 11:04:52 上午 cn.andy.JerryMouse.catalina.Server logJVM
INFO : JVM vendor:		java.vm.specification.vendor
07 27, 2022 11:04:52 上午 cn.andy.JerryMouse.catalina.Connector init
INFO : Initializing ProtocolHandler [http-bio-18080]
07 27, 2022 11:04:52 上午 cn.andy.JerryMouse.catalina.Connector init
INFO : Initializing ProtocolHandler [http-bio-18081]
07 27, 2022 11:04:52 上午 cn.andy.JerryMouse.catalina.Connector init
INFO : Initializing ProtocolHandler [http-bio-18082]
07 27, 2022 11:04:52 上午 cn.andy.JerryMouse.catalina.Service init
INFO : Initializing Service [Catalina] in 0ms
07 27, 2022 11:04:52 上午 cn.andy.JerryMouse.catalina.Connector start
INFO : Starting ProtocolHandler [http-bio-18080]
07 27, 2022 11:04:52 上午 cn.andy.JerryMouse.catalina.Connector start
INFO : Starting ProtocolHandler [http-bio-18082]
07 27, 2022 11:04:52 上午 cn.andy.JerryMouse.catalina.Connector start
INFO : Starting ProtocolHandler [http-bio-18081]
07 27, 2022 11:04:52 上午 cn.andy.JerryMouse.catalina.Server start
INFO : Server startup in 10 ms
07 27, 2022 11:05:25 上午 cn.andy.JerryMouse.watcher.ContextFileChangeWatcher$1 dealwith
INFO : cn.andy.JerryMouse.watcher.ContextFileChangeWatcher@23e81443 检测到了Web应用下的重要文件变化 {} HelloServlet.class
07 27, 2022 11:05:25 上午 cn.andy.JerryMouse.catalina.Host reload
INFO : Reloading Context with name [/javaWeb4Jerry] has started
07 27, 2022 11:07:31 上午 cn.andy.JerryMouse.catalina.Context deploy
INFO : Deploying web application directory C:\Users\DELL\Desktop\JerryMouse\JerryMouse\src\webapps\FuncA
07 27, 2022 11:07:31 上午 cn.andy.JerryMouse.catalina.Context deploy
INFO : Deployment of web application /FuncA has finish in 100 ms
07 27, 2022 11:07:31 上午 cn.andy.JerryMouse.catalina.Context <init>
INFO : Deploying web application directory C:\Users\DELL\Desktop\JerryMouse\JerryMouse\src\webapps\FuncA
07 27, 2022 11:07:31 上午 cn.andy.JerryMouse.catalina.Context <init>
INFO : Deployment of web application /FuncA has finish
07 27, 2022 11:07:31 上午 cn.andy.JerryMouse.catalina.Context deploy
INFO : Deploying web application directory C:\Users\DELL\Desktop\JerryMouse\JerryMouse\src\webapps\j2ee
07 27, 2022 11:07:31 上午 cn.andy.JerryMouse.catalina.Context deploy
INFO : Deployment of web application /j2ee has finish in 10 ms
07 27, 2022 11:07:31 上午 cn.andy.JerryMouse.catalina.Context <init>
INFO : Deploying web application directory C:\Users\DELL\Desktop\JerryMouse\JerryMouse\src\webapps\j2ee
07 27, 2022 11:07:31 上午 cn.andy.JerryMouse.catalina.Context <init>
INFO : Deployment of web application /j2ee has finish
07 27, 2022 11:07:31 上午 cn.andy.JerryMouse.catalina.Context deploy
INFO : Deploying web application directory C:\Users\DELL\Desktop\JerryMouse\JerryMouse\src\webapps\ROOT
07 27, 2022 11:07:31 上午 cn.andy.JerryMouse.catalina.Context deploy
INFO : Deployment of web application / has finish in 0 ms
07 27, 2022 11:07:31 上午 cn.andy.JerryMouse.catalina.Context <init>
INFO : Deploying web application directory C:\Users\DELL\Desktop\JerryMouse\JerryMouse\src\webapps\ROOT
07 27, 2022 11:07:31 上午 cn.andy.JerryMouse.catalina.Context <init>
INFO : Deployment of web application / has finish
07 27, 2022 11:07:31 上午 cn.andy.JerryMouse.catalina.Context deploy
INFO : Deploying web application directory C:\Users\DELL\Desktop\JerryMouse\JerryMouse\src\webapps\FuncA\A1
07 27, 2022 11:07:31 上午 cn.andy.JerryMouse.catalina.Context deploy
INFO : Deployment of web application /A1 has finish in 0 ms
07 27, 2022 11:07:31 上午 cn.andy.JerryMouse.catalina.Context <init>
INFO : Deploying web application directory C:\Users\DELL\Desktop\JerryMouse\JerryMouse\src\webapps\FuncA\A1
07 27, 2022 11:07:31 上午 cn.andy.JerryMouse.catalina.Context <init>
INFO : Deployment of web application /A1 has finish
07 27, 2022 11:07:31 上午 cn.andy.JerryMouse.catalina.Context deploy
INFO : Deploying web application directory C:\Users\DELL\Desktop\JerryMouse\Test\javaWeb4Jerry\web
07 27, 2022 11:07:31 上午 cn.andy.JerryMouse.catalina.Context deploy
INFO : Deployment of web application /javaWeb4Jerry has finish in 10 ms
07 27, 2022 11:07:31 上午 cn.andy.JerryMouse.catalina.Context <init>
INFO : Deploying web application directory C:\Users\DELL\Desktop\JerryMouse\Test\javaWeb4Jerry\web
07 27, 2022 11:07:31 上午 cn.andy.JerryMouse.catalina.Context <init>
INFO : Deployment of web application /javaWeb4Jerry has finish
07 27, 2022 11:07:31 上午 cn.andy.JerryMouse.catalina.Server logJVM
INFO : Server Version:		JerryMouse1.0.1
07 27, 2022 11:07:31 上午 cn.andy.JerryMouse.catalina.Server logJVM
INFO : Server built:		2022-5-31
07 27, 2022 11:07:31 上午 cn.andy.JerryMouse.catalina.Server logJVM
INFO : Server number:		1.0.1
07 27, 2022 11:07:31 上午 cn.andy.JerryMouse.catalina.Server logJVM
INFO : OS Name	:		Windows 11
07 27, 2022 11:07:31 上午 cn.andy.JerryMouse.catalina.Server logJVM
INFO : OS Version	:		10.0
07 27, 2022 11:07:31 上午 cn.andy.JerryMouse.catalina.Server logJVM
INFO : Architecture:		amd64
07 27, 2022 11:07:31 上午 cn.andy.JerryMouse.catalina.Server logJVM
INFO : Java Home:		E:\WORK - JAVA\JAVA-JDK-18
07 27, 2022 11:07:31 上午 cn.andy.JerryMouse.catalina.Server logJVM
INFO : JVM version:		18.0.1.1+2-6
07 27, 2022 11:07:31 上午 cn.andy.JerryMouse.catalina.Server logJVM
INFO : JVM vendor:		java.vm.specification.vendor
07 27, 2022 11:07:31 上午 cn.andy.JerryMouse.catalina.Connector init
INFO : Initializing ProtocolHandler [http-bio-18080]
07 27, 2022 11:07:31 上午 cn.andy.JerryMouse.catalina.Connector init
INFO : Initializing ProtocolHandler [http-bio-18081]
07 27, 2022 11:07:31 上午 cn.andy.JerryMouse.catalina.Connector init
INFO : Initializing ProtocolHandler [http-bio-18082]
07 27, 2022 11:07:31 上午 cn.andy.JerryMouse.catalina.Service init
INFO : Initializing Service [Catalina] in 0ms
07 27, 2022 11:07:31 上午 cn.andy.JerryMouse.catalina.Server start
INFO : Server startup in 10 ms
07 27, 2022 11:07:31 上午 cn.andy.JerryMouse.catalina.Connector start
INFO : Starting ProtocolHandler [http-bio-18082]
07 27, 2022 11:07:31 上午 cn.andy.JerryMouse.catalina.Connector start
INFO : Starting ProtocolHandler [http-bio-18081]
07 27, 2022 11:07:31 上午 cn.andy.JerryMouse.catalina.Connector start
INFO : Starting ProtocolHandler [http-bio-18080]
07 27, 2022 11:07:48 上午 cn.andy.JerryMouse.watcher.ContextFileChangeWatcher$1 dealwith
INFO : cn.andy.JerryMouse.watcher.ContextFileChangeWatcher@23e81443 检测到了Web应用下的重要文件变化 {} HelloServlet.class
07 27, 2022 11:07:48 上午 cn.andy.JerryMouse.catalina.Host reload
INFO : Reloading Context with name [/javaWeb4Jerry] has started
07 27, 2022 11:07:48 上午 cn.andy.JerryMouse.catalina.Context deploy
INFO : Deploying web application directory C:\Users\DELL\Desktop\JerryMouse\Test\javaWeb4Jerry\web
07 27, 2022 11:07:48 上午 cn.andy.JerryMouse.catalina.Context deploy
INFO : Deployment of web application /javaWeb4Jerry has finish in 2 ms
07 27, 2022 11:07:48 上午 cn.andy.JerryMouse.catalina.Context <init>
INFO : Deploying web application directory C:\Users\DELL\Desktop\JerryMouse\Test\javaWeb4Jerry\web
07 27, 2022 11:07:48 上午 cn.andy.JerryMouse.catalina.Context <init>
INFO : Deployment of web application /javaWeb4Jerry has finish
07 27, 2022 11:07:48 上午 cn.andy.JerryMouse.catalina.Host reload
INFO : Reloading Context with name [/javaWeb4Jerry] has finished
07 27, 2022 11:08:04 上午 cn.andy.JerryMouse.watcher.ContextFileChangeWatcher$1 dealwith
INFO : cn.andy.JerryMouse.watcher.ContextFileChangeWatcher@5173e5df 检测到了Web应用下的重要文件变化 {} HelloServlet.class
07 27, 2022 11:08:04 上午 cn.andy.JerryMouse.catalina.Host reload
INFO : Reloading Context with name [/javaWeb4Jerry] has started
07 27, 2022 11:08:04 上午 cn.andy.JerryMouse.catalina.Context deploy
INFO : Deploying web application directory C:\Users\DELL\Desktop\JerryMouse\Test\javaWeb4Jerry\web
07 27, 2022 11:08:04 上午 cn.andy.JerryMouse.catalina.Context deploy
INFO : Deployment of web application /javaWeb4Jerry has finish in 2 ms
07 27, 2022 11:08:04 上午 cn.andy.JerryMouse.catalina.Context <init>
INFO : Deploying web application directory C:\Users\DELL\Desktop\JerryMouse\Test\javaWeb4Jerry\web
07 27, 2022 11:08:04 上午 cn.andy.JerryMouse.catalina.Context <init>
INFO : Deployment of web application /javaWeb4Jerry has finish
07 27, 2022 11:08:04 上午 cn.andy.JerryMouse.catalina.Host reload
INFO : Reloading Context with name [/javaWeb4Jerry] has finished
07 27, 2022 11:10:54 上午 cn.andy.JerryMouse.catalina.Context deploy
INFO : Deploying web application directory C:\Users\DELL\Desktop\JerryMouse\JerryMouse\src\webapps\FuncA
07 27, 2022 11:10:54 上午 cn.andy.JerryMouse.catalina.Context deploy
INFO : Deployment of web application /FuncA has finish in 120 ms
07 27, 2022 11:10:54 上午 cn.andy.JerryMouse.catalina.Context <init>
INFO : Deploying web application directory C:\Users\DELL\Desktop\JerryMouse\JerryMouse\src\webapps\FuncA
07 27, 2022 11:10:54 上午 cn.andy.JerryMouse.catalina.Context <init>
INFO : Deployment of web application /FuncA has finish
07 27, 2022 11:10:54 上午 cn.andy.JerryMouse.catalina.Context deploy
INFO : Deploying web application directory C:\Users\DELL\Desktop\JerryMouse\JerryMouse\src\webapps\j2ee
07 27, 2022 11:10:54 上午 cn.andy.JerryMouse.catalina.Context deploy
INFO : Deployment of web application /j2ee has finish in 0 ms
07 27, 2022 11:10:54 上午 cn.andy.JerryMouse.catalina.Context <init>
INFO : Deploying web application directory C:\Users\DELL\Desktop\JerryMouse\JerryMouse\src\webapps\j2ee
07 27, 2022 11:10:54 上午 cn.andy.JerryMouse.catalina.Context <init>
INFO : Deployment of web application /j2ee has finish
07 27, 2022 11:10:54 上午 cn.andy.JerryMouse.catalina.Context deploy
INFO : Deploying web application directory C:\Users\DELL\Desktop\JerryMouse\JerryMouse\src\webapps\ROOT
07 27, 2022 11:10:54 上午 cn.andy.JerryMouse.catalina.Context deploy
INFO : Deployment of web application / has finish in 0 ms
07 27, 2022 11:10:54 上午 cn.andy.JerryMouse.catalina.Context <init>
INFO : Deploying web application directory C:\Users\DELL\Desktop\JerryMouse\JerryMouse\src\webapps\ROOT
07 27, 2022 11:10:54 上午 cn.andy.JerryMouse.catalina.Context <init>
INFO : Deployment of web application / has finish
07 27, 2022 11:10:54 上午 cn.andy.JerryMouse.catalina.Context deploy
INFO : Deploying web application directory C:\Users\DELL\Desktop\JerryMouse\JerryMouse\src\webapps\FuncA\A1
07 27, 2022 11:10:54 上午 cn.andy.JerryMouse.catalina.Context deploy
INFO : Deployment of web application /A1 has finish in 0 ms
07 27, 2022 11:10:54 上午 cn.andy.JerryMouse.catalina.Context <init>
INFO : Deploying web application directory C:\Users\DELL\Desktop\JerryMouse\JerryMouse\src\webapps\FuncA\A1
07 27, 2022 11:10:54 上午 cn.andy.JerryMouse.catalina.Context <init>
INFO : Deployment of web application /A1 has finish
07 27, 2022 11:10:54 上午 cn.andy.JerryMouse.catalina.Context deploy
INFO : Deploying web application directory C:\Users\DELL\Desktop\JerryMouse\Test\javaWeb4Jerry\web
07 27, 2022 11:10:54 上午 cn.andy.JerryMouse.catalina.Context deploy
INFO : Deployment of web application /javaWeb4Jerry has finish in 0 ms
07 27, 2022 11:10:54 上午 cn.andy.JerryMouse.catalina.Context <init>
INFO : Deploying web application directory C:\Users\DELL\Desktop\JerryMouse\Test\javaWeb4Jerry\web
07 27, 2022 11:10:54 上午 cn.andy.JerryMouse.catalina.Context <init>
INFO : Deployment of web application /javaWeb4Jerry has finish
07 27, 2022 11:10:54 上午 cn.andy.JerryMouse.catalina.Server logJVM
INFO : Server Version:		JerryMouse1.0.1
07 27, 2022 11:10:54 上午 cn.andy.JerryMouse.catalina.Server logJVM
INFO : Server built:		2022-5-31
07 27, 2022 11:10:54 上午 cn.andy.JerryMouse.catalina.Server logJVM
INFO : Server number:		1.0.1
07 27, 2022 11:10:54 上午 cn.andy.JerryMouse.catalina.Server logJVM
INFO : OS Name	:		Windows 11
07 27, 2022 11:10:54 上午 cn.andy.JerryMouse.catalina.Server logJVM
INFO : OS Version	:		10.0
07 27, 2022 11:10:54 上午 cn.andy.JerryMouse.catalina.Server logJVM
INFO : Architecture:		amd64
07 27, 2022 11:10:54 上午 cn.andy.JerryMouse.catalina.Server logJVM
INFO : Java Home:		E:\WORK - JAVA\JAVA-JDK-18
07 27, 2022 11:10:54 上午 cn.andy.JerryMouse.catalina.Server logJVM
INFO : JVM version:		18.0.1.1+2-6
07 27, 2022 11:10:54 上午 cn.andy.JerryMouse.catalina.Server logJVM
INFO : JVM vendor:		java.vm.specification.vendor
07 27, 2022 11:10:54 上午 cn.andy.JerryMouse.catalina.Connector init
INFO : Initializing ProtocolHandler [http-bio-18080]
07 27, 2022 11:10:54 上午 cn.andy.JerryMouse.catalina.Connector init
INFO : Initializing ProtocolHandler [http-bio-18081]
07 27, 2022 11:10:54 上午 cn.andy.JerryMouse.catalina.Connector init
INFO : Initializing ProtocolHandler [http-bio-18082]
07 27, 2022 11:10:54 上午 cn.andy.JerryMouse.catalina.Service init
INFO : Initializing Service [Catalina] in 0ms
07 27, 2022 11:10:54 上午 cn.andy.JerryMouse.catalina.Connector start
INFO : Starting ProtocolHandler [http-bio-18080]
07 27, 2022 11:10:54 上午 cn.andy.JerryMouse.catalina.Connector start
INFO : Starting ProtocolHandler [http-bio-18082]
07 27, 2022 11:10:54 上午 cn.andy.JerryMouse.catalina.Server start
INFO : Server startup in 20 ms
07 27, 2022 11:10:54 上午 cn.andy.JerryMouse.catalina.Connector start
INFO : Starting ProtocolHandler [http-bio-18081]
07 27, 2022 11:11:18 上午 cn.andy.JerryMouse.watcher.ContextFileChangeWatcher$1 dealwith
INFO : cn.andy.JerryMouse.watcher.ContextFileChangeWatcher@23e81443 检测到了Web应用下的重要文件变化 {} HelloServlet.class
07 27, 2022 11:11:18 上午 cn.andy.JerryMouse.catalina.Host reload
INFO : Reloading Context with name [/javaWeb4Jerry] has started
07 27, 2022 11:11:18 上午 cn.andy.JerryMouse.catalina.Context deploy
INFO : Deploying web application directory C:\Users\DELL\Desktop\JerryMouse\Test\javaWeb4Jerry\web
07 27, 2022 11:11:18 上午 cn.andy.JerryMouse.catalina.Context deploy
INFO : Deployment of web application /javaWeb4Jerry has finish in 3 ms
07 27, 2022 11:11:18 上午 cn.andy.JerryMouse.catalina.Context <init>
INFO : Deploying web application directory C:\Users\DELL\Desktop\JerryMouse\Test\javaWeb4Jerry\web
07 27, 2022 11:11:18 上午 cn.andy.JerryMouse.catalina.Context <init>
INFO : Deployment of web application /javaWeb4Jerry has finish
07 27, 2022 11:11:18 上午 cn.andy.JerryMouse.catalina.Host reload
INFO : Reloading Context with name [/javaWeb4Jerry] has finished
07 27, 2022 11:11:27 上午 cn.andy.JerryMouse.watcher.ContextFileChangeWatcher$1 dealwith
INFO : cn.andy.JerryMouse.watcher.ContextFileChangeWatcher@7d897996 检测到了Web应用下的重要文件变化 {} HelloServlet.class
07 27, 2022 11:11:27 上午 cn.andy.JerryMouse.catalina.Host reload
INFO : Reloading Context with name [/javaWeb4Jerry] has started
07 27, 2022 11:11:27 上午 cn.andy.JerryMouse.catalina.Context deploy
INFO : Deploying web application directory C:\Users\DELL\Desktop\JerryMouse\Test\javaWeb4Jerry\web
07 27, 2022 11:11:27 上午 cn.andy.JerryMouse.catalina.Context deploy
INFO : Deployment of web application /javaWeb4Jerry has finish in 2 ms
07 27, 2022 11:11:27 上午 cn.andy.JerryMouse.catalina.Context <init>
INFO : Deploying web application directory C:\Users\DELL\Desktop\JerryMouse\Test\javaWeb4Jerry\web
07 27, 2022 11:11:27 上午 cn.andy.JerryMouse.catalina.Context <init>
INFO : Deployment of web application /javaWeb4Jerry has finish
07 27, 2022 11:11:27 上午 cn.andy.JerryMouse.catalina.Host reload
INFO : Reloading Context with name [/javaWeb4Jerry] has finished
07 27, 2022 15:22:26 下午 cn.andy.JerryMouse.catalina.Context deploy
INFO : Deploying web application directory C:\Users\DELL\Desktop\JerryMouse\JerryMouse\src\webapps\FuncA
07 27, 2022 15:22:26 下午 cn.andy.JerryMouse.catalina.Context deploy
INFO : Deployment of web application /FuncA has finish in 116 ms
07 27, 2022 15:22:26 下午 cn.andy.JerryMouse.catalina.Context <init>
INFO : Deploying web application directory C:\Users\DELL\Desktop\JerryMouse\JerryMouse\src\webapps\FuncA
07 27, 2022 15:22:26 下午 cn.andy.JerryMouse.catalina.Context <init>
INFO : Deployment of web application /FuncA has finish
07 27, 2022 15:22:26 下午 cn.andy.JerryMouse.catalina.Context deploy
INFO : Deploying web application directory C:\Users\DELL\Desktop\JerryMouse\JerryMouse\src\webapps\j2ee
07 27, 2022 15:22:26 下午 cn.andy.JerryMouse.catalina.Context deploy
INFO : Deployment of web application /j2ee has finish in 2 ms
07 27, 2022 15:22:26 下午 cn.andy.JerryMouse.catalina.Context <init>
INFO : Deploying web application directory C:\Users\DELL\Desktop\JerryMouse\JerryMouse\src\webapps\j2ee
07 27, 2022 15:22:26 下午 cn.andy.JerryMouse.catalina.Context <init>
INFO : Deployment of web application /j2ee has finish
07 27, 2022 15:22:26 下午 cn.andy.JerryMouse.catalina.Context deploy
INFO : Deploying web application directory C:\Users\DELL\Desktop\JerryMouse\JerryMouse\src\webapps\ROOT
07 27, 2022 15:22:26 下午 cn.andy.JerryMouse.catalina.Context deploy
INFO : Deployment of web application / has finish in 0 ms
07 27, 2022 15:22:26 下午 cn.andy.JerryMouse.catalina.Context <init>
INFO : Deploying web application directory C:\Users\DELL\Desktop\JerryMouse\JerryMouse\src\webapps\ROOT
07 27, 2022 15:22:26 下午 cn.andy.JerryMouse.catalina.Context <init>
INFO : Deployment of web application / has finish
07 27, 2022 15:22:26 下午 cn.andy.JerryMouse.catalina.Context deploy
INFO : Deploying web application directory C:\Users\DELL\Desktop\JerryMouse\JerryMouse\src\webapps\FuncA\A1
07 27, 2022 15:22:26 下午 cn.andy.JerryMouse.catalina.Context deploy
INFO : Deployment of web application /A1 has finish in 0 ms
07 27, 2022 15:22:26 下午 cn.andy.JerryMouse.catalina.Context <init>
INFO : Deploying web application directory C:\Users\DELL\Desktop\JerryMouse\JerryMouse\src\webapps\FuncA\A1
07 27, 2022 15:22:26 下午 cn.andy.JerryMouse.catalina.Context <init>
INFO : Deployment of web application /A1 has finish
07 27, 2022 15:22:26 下午 cn.andy.JerryMouse.catalina.Context deploy
INFO : Deploying web application directory C:\Users\DELL\Desktop\JerryMouse\Test\javaWeb4Jerry\web
07 27, 2022 15:22:26 下午 cn.andy.JerryMouse.catalina.Context deploy
INFO : Deployment of web application /javaWeb4Jerry has finish in 2 ms
07 27, 2022 15:22:26 下午 cn.andy.JerryMouse.catalina.Context <init>
INFO : Deploying web application directory C:\Users\DELL\Desktop\JerryMouse\Test\javaWeb4Jerry\web
07 27, 2022 15:22:26 下午 cn.andy.JerryMouse.catalina.Context <init>
INFO : Deployment of web application /javaWeb4Jerry has finish
07 27, 2022 15:22:26 下午 cn.andy.JerryMouse.catalina.Server logJVM
INFO : Server Version:		JerryMouse1.0.1
07 27, 2022 15:22:26 下午 cn.andy.JerryMouse.catalina.Server logJVM
INFO : Server built:		2022-5-31
07 27, 2022 15:22:26 下午 cn.andy.JerryMouse.catalina.Server logJVM
INFO : Server number:		1.0.1
07 27, 2022 15:22:26 下午 cn.andy.JerryMouse.catalina.Server logJVM
INFO : OS Name	:		Windows 11
07 27, 2022 15:22:26 下午 cn.andy.JerryMouse.catalina.Server logJVM
INFO : OS Version	:		10.0
07 27, 2022 15:22:26 下午 cn.andy.JerryMouse.catalina.Server logJVM
INFO : Architecture:		amd64
07 27, 2022 15:22:26 下午 cn.andy.JerryMouse.catalina.Server logJVM
INFO : Java Home:		E:\WORK - JAVA\JAVA-JDK-18
07 27, 2022 15:22:26 下午 cn.andy.JerryMouse.catalina.Server logJVM
INFO : JVM version:		18.0.1.1+2-6
07 27, 2022 15:22:26 下午 cn.andy.JerryMouse.catalina.Server logJVM
INFO : JVM vendor:		java.vm.specification.vendor
07 27, 2022 15:22:26 下午 cn.andy.JerryMouse.catalina.Connector init
INFO : Initializing ProtocolHandler [http-bio-18080]
07 27, 2022 15:22:26 下午 cn.andy.JerryMouse.catalina.Connector init
INFO : Initializing ProtocolHandler [http-bio-18081]
07 27, 2022 15:22:26 下午 cn.andy.JerryMouse.catalina.Connector init
INFO : Initializing ProtocolHandler [http-bio-18082]
07 27, 2022 15:22:26 下午 cn.andy.JerryMouse.catalina.Service init
INFO : Initializing Service [Catalina] in 1ms
07 27, 2022 15:22:26 下午 cn.andy.JerryMouse.catalina.Server start
INFO : Server startup in 8 ms
07 27, 2022 15:22:26 下午 cn.andy.JerryMouse.catalina.Connector start
INFO : Starting ProtocolHandler [http-bio-18082]
07 27, 2022 15:22:26 下午 cn.andy.JerryMouse.catalina.Connector start
INFO : Starting ProtocolHandler [http-bio-18081]
07 27, 2022 15:22:26 下午 cn.andy.JerryMouse.catalina.Connector start
INFO : Starting ProtocolHandler [http-bio-18080]
07 27, 2022 15:22:32 下午 cn.andy.JerryMouse.catalina.HttpProcessor execute
ERROR: this is a deliberately created exception
java.lang.RuntimeException: this is a deliberately created exception
	at cn.andy.JerryMouse.servlets.DefaultServlet.service(DefaultServlet.java:47)
	at cn.andy.JerryMouse.catalina.HttpProcessor.execute(HttpProcessor.java:42)
	at cn.andy.JerryMouse.catalina.Connector.func(Connector.java:52)
	at cn.andy.JerryMouse.catalina.Connector.start(Connector.java:40)
	at cn.andy.JerryMouse.catalina.Service$1.run(Service.java:60)
	at java.base/java.util.concurrent.ThreadPoolExecutor.runWorker(ThreadPoolExecutor.java:1136)
	at java.base/java.util.concurrent.ThreadPoolExecutor$Worker.run(ThreadPoolExecutor.java:635)
	at java.base/java.lang.Thread.run(Thread.java:833)
07 27, 2022 15:27:03 下午 cn.andy.JerryMouse.catalina.Context deploy
INFO : Deploying web application directory C:\Users\DELL\Desktop\JerryMouse\JerryMouse\src\webapps\FuncA
07 27, 2022 15:27:03 下午 cn.andy.JerryMouse.catalina.Context deploy
INFO : Deployment of web application /FuncA has finish in 94 ms
07 27, 2022 15:27:03 下午 cn.andy.JerryMouse.catalina.Context <init>
INFO : Deploying web application directory C:\Users\DELL\Desktop\JerryMouse\JerryMouse\src\webapps\FuncA
07 27, 2022 15:27:03 下午 cn.andy.JerryMouse.catalina.Context <init>
INFO : Deployment of web application /FuncA has finish
07 27, 2022 15:27:03 下午 cn.andy.JerryMouse.catalina.Context deploy
INFO : Deploying web application directory C:\Users\DELL\Desktop\JerryMouse\JerryMouse\src\webapps\j2ee
07 27, 2022 15:27:03 下午 cn.andy.JerryMouse.catalina.Context deploy
INFO : Deployment of web application /j2ee has finish in 3 ms
07 27, 2022 15:27:03 下午 cn.andy.JerryMouse.catalina.Context <init>
INFO : Deploying web application directory C:\Users\DELL\Desktop\JerryMouse\JerryMouse\src\webapps\j2ee
07 27, 2022 15:27:03 下午 cn.andy.JerryMouse.catalina.Context <init>
INFO : Deployment of web application /j2ee has finish
07 27, 2022 15:27:03 下午 cn.andy.JerryMouse.catalina.Context deploy
INFO : Deploying web application directory C:\Users\DELL\Desktop\JerryMouse\JerryMouse\src\webapps\ROOT
07 27, 2022 15:27:03 下午 cn.andy.JerryMouse.catalina.Context deploy
INFO : Deployment of web application / has finish in 1 ms
07 27, 2022 15:27:03 下午 cn.andy.JerryMouse.catalina.Context <init>
INFO : Deploying web application directory C:\Users\DELL\Desktop\JerryMouse\JerryMouse\src\webapps\ROOT
07 27, 2022 15:27:03 下午 cn.andy.JerryMouse.catalina.Context <init>
INFO : Deployment of web application / has finish
07 27, 2022 15:27:03 下午 cn.andy.JerryMouse.catalina.Context deploy
INFO : Deploying web application directory C:\Users\DELL\Desktop\JerryMouse\JerryMouse\src\webapps\FuncA\A1
07 27, 2022 15:27:03 下午 cn.andy.JerryMouse.catalina.Context deploy
INFO : Deployment of web application /A1 has finish in 0 ms
07 27, 2022 15:27:03 下午 cn.andy.JerryMouse.catalina.Context <init>
INFO : Deploying web application directory C:\Users\DELL\Desktop\JerryMouse\JerryMouse\src\webapps\FuncA\A1
07 27, 2022 15:27:03 下午 cn.andy.JerryMouse.catalina.Context <init>
INFO : Deployment of web application /A1 has finish
07 27, 2022 15:27:03 下午 cn.andy.JerryMouse.catalina.Context deploy
INFO : Deploying web application directory C:\Users\DELL\Desktop\JerryMouse\Test\javaWeb4Jerry\web
07 27, 2022 15:27:03 下午 cn.andy.JerryMouse.catalina.Context deploy
INFO : Deployment of web application /javaWeb4Jerry has finish in 2 ms
07 27, 2022 15:27:03 下午 cn.andy.JerryMouse.catalina.Context <init>
INFO : Deploying web application directory C:\Users\DELL\Desktop\JerryMouse\Test\javaWeb4Jerry\web
07 27, 2022 15:27:03 下午 cn.andy.JerryMouse.catalina.Context <init>
INFO : Deployment of web application /javaWeb4Jerry has finish
07 27, 2022 15:27:03 下午 cn.andy.JerryMouse.catalina.Server logJVM
INFO : Server Version:		JerryMouse1.0.1
07 27, 2022 15:27:03 下午 cn.andy.JerryMouse.catalina.Server logJVM
INFO : Server built:		2022-5-31
07 27, 2022 15:27:03 下午 cn.andy.JerryMouse.catalina.Server logJVM
INFO : Server number:		1.0.1
07 27, 2022 15:27:03 下午 cn.andy.JerryMouse.catalina.Server logJVM
INFO : OS Name	:		Windows 11
07 27, 2022 15:27:03 下午 cn.andy.JerryMouse.catalina.Server logJVM
INFO : OS Version	:		10.0
07 27, 2022 15:27:03 下午 cn.andy.JerryMouse.catalina.Server logJVM
INFO : Architecture:		amd64
07 27, 2022 15:27:03 下午 cn.andy.JerryMouse.catalina.Server logJVM
INFO : Java Home:		E:\WORK - JAVA\JAVA-JDK-18
07 27, 2022 15:27:03 下午 cn.andy.JerryMouse.catalina.Server logJVM
INFO : JVM version:		18.0.1.1+2-6
07 27, 2022 15:27:03 下午 cn.andy.JerryMouse.catalina.Server logJVM
INFO : JVM vendor:		java.vm.specification.vendor
07 27, 2022 15:27:03 下午 cn.andy.JerryMouse.catalina.Connector init
INFO : Initializing ProtocolHandler [http-bio-18080]
07 27, 2022 15:27:03 下午 cn.andy.JerryMouse.catalina.Connector init
INFO : Initializing ProtocolHandler [http-bio-18081]
07 27, 2022 15:27:03 下午 cn.andy.JerryMouse.catalina.Connector init
INFO : Initializing ProtocolHandler [http-bio-18082]
07 27, 2022 15:27:03 下午 cn.andy.JerryMouse.catalina.Service init
INFO : Initializing Service [Catalina] in 0ms
07 27, 2022 15:27:03 下午 cn.andy.JerryMouse.catalina.Server start
INFO : Server startup in 7 ms
07 27, 2022 15:27:03 下午 cn.andy.JerryMouse.catalina.Connector start
INFO : Starting ProtocolHandler [http-bio-18082]
07 27, 2022 15:27:03 下午 cn.andy.JerryMouse.catalina.Connector start
INFO : Starting ProtocolHandler [http-bio-18081]
07 27, 2022 15:27:03 下午 cn.andy.JerryMouse.catalina.Connector start
INFO : Starting ProtocolHandler [http-bio-18080]
07 27, 2022 15:27:09 下午 cn.andy.JerryMouse.catalina.HttpProcessor execute
ERROR: this is a deliberately created exception
java.lang.RuntimeException: this is a deliberately created exception
	at cn.andy.JerryMouse.servlets.DefaultServlet.service(DefaultServlet.java:47)
	at cn.andy.JerryMouse.catalina.HttpProcessor.execute(HttpProcessor.java:42)
	at cn.andy.JerryMouse.catalina.Connector.func(Connector.java:52)
	at cn.andy.JerryMouse.catalina.Connector.start(Connector.java:40)
	at cn.andy.JerryMouse.catalina.Service$1.run(Service.java:60)
	at java.base/java.util.concurrent.ThreadPoolExecutor.runWorker(ThreadPoolExecutor.java:1136)
	at java.base/java.util.concurrent.ThreadPoolExecutor$Worker.run(ThreadPoolExecutor.java:635)
	at java.base/java.lang.Thread.run(Thread.java:833)
07 27, 2022 15:53:13 下午 cn.andy.JerryMouse.catalina.Context deploy
INFO : Deploying web application directory C:\Users\DELL\Desktop\JerryMouse\JerryMouse\src\webapps\FuncA
07 27, 2022 15:53:13 下午 cn.andy.JerryMouse.catalina.Context deploy
INFO : Deployment of web application /FuncA has finish in 102 ms
07 27, 2022 15:53:13 下午 cn.andy.JerryMouse.catalina.Context <init>
INFO : Deploying web application directory C:\Users\DELL\Desktop\JerryMouse\JerryMouse\src\webapps\FuncA
07 27, 2022 15:53:13 下午 cn.andy.JerryMouse.catalina.Context <init>
INFO : Deployment of web application /FuncA has finish
07 27, 2022 15:53:13 下午 cn.andy.JerryMouse.catalina.Context deploy
INFO : Deploying web application directory C:\Users\DELL\Desktop\JerryMouse\JerryMouse\src\webapps\j2ee
07 27, 2022 15:53:13 下午 cn.andy.JerryMouse.catalina.Context deploy
INFO : Deployment of web application /j2ee has finish in 4 ms
07 27, 2022 15:53:13 下午 cn.andy.JerryMouse.catalina.Context <init>
INFO : Deploying web application directory C:\Users\DELL\Desktop\JerryMouse\JerryMouse\src\webapps\j2ee
07 27, 2022 15:53:13 下午 cn.andy.JerryMouse.catalina.Context <init>
INFO : Deployment of web application /j2ee has finish
07 27, 2022 15:53:13 下午 cn.andy.JerryMouse.catalina.Context deploy
INFO : Deploying web application directory C:\Users\DELL\Desktop\JerryMouse\JerryMouse\src\webapps\ROOT
07 27, 2022 15:53:13 下午 cn.andy.JerryMouse.catalina.Context deploy
INFO : Deployment of web application / has finish in 1 ms
07 27, 2022 15:53:13 下午 cn.andy.JerryMouse.catalina.Context <init>
INFO : Deploying web application directory C:\Users\DELL\Desktop\JerryMouse\JerryMouse\src\webapps\ROOT
07 27, 2022 15:53:13 下午 cn.andy.JerryMouse.catalina.Context <init>
INFO : Deployment of web application / has finish
07 27, 2022 15:53:13 下午 cn.andy.JerryMouse.catalina.Context deploy
INFO : Deploying web application directory C:\Users\DELL\Desktop\JerryMouse\JerryMouse\src\webapps\FuncA\A1
07 27, 2022 15:53:13 下午 cn.andy.JerryMouse.catalina.Context deploy
INFO : Deployment of web application /A1 has finish in 1 ms
07 27, 2022 15:53:13 下午 cn.andy.JerryMouse.catalina.Context <init>
INFO : Deploying web application directory C:\Users\DELL\Desktop\JerryMouse\JerryMouse\src\webapps\FuncA\A1
07 27, 2022 15:53:13 下午 cn.andy.JerryMouse.catalina.Context <init>
INFO : Deployment of web application /A1 has finish
07 27, 2022 15:53:13 下午 cn.andy.JerryMouse.catalina.Context deploy
INFO : Deploying web application directory C:\Users\DELL\Desktop\JerryMouse\Test\javaWeb4Jerry\web
07 27, 2022 15:53:13 下午 cn.andy.JerryMouse.catalina.Context deploy
INFO : Deployment of web application /javaWeb4Jerry has finish in 3 ms
07 27, 2022 15:53:13 下午 cn.andy.JerryMouse.catalina.Context <init>
INFO : Deploying web application directory C:\Users\DELL\Desktop\JerryMouse\Test\javaWeb4Jerry\web
07 27, 2022 15:53:13 下午 cn.andy.JerryMouse.catalina.Context <init>
INFO : Deployment of web application /javaWeb4Jerry has finish
07 27, 2022 15:53:13 下午 cn.andy.JerryMouse.catalina.Server logJVM
INFO : Server Version:		JerryMouse1.0.1
07 27, 2022 15:53:13 下午 cn.andy.JerryMouse.catalina.Server logJVM
INFO : Server built:		2022-5-31
07 27, 2022 15:53:13 下午 cn.andy.JerryMouse.catalina.Server logJVM
INFO : Server number:		1.0.1
07 27, 2022 15:53:13 下午 cn.andy.JerryMouse.catalina.Server logJVM
INFO : OS Name	:		Windows 11
07 27, 2022 15:53:13 下午 cn.andy.JerryMouse.catalina.Server logJVM
INFO : OS Version	:		10.0
07 27, 2022 15:53:13 下午 cn.andy.JerryMouse.catalina.Server logJVM
INFO : Architecture:		amd64
07 27, 2022 15:53:13 下午 cn.andy.JerryMouse.catalina.Server logJVM
INFO : Java Home:		E:\WORK - JAVA\JAVA-JDK-18
07 27, 2022 15:53:13 下午 cn.andy.JerryMouse.catalina.Server logJVM
INFO : JVM version:		18.0.1.1+2-6
07 27, 2022 15:53:13 下午 cn.andy.JerryMouse.catalina.Server logJVM
INFO : JVM vendor:		java.vm.specification.vendor
07 27, 2022 15:53:13 下午 cn.andy.JerryMouse.catalina.Connector init
INFO : Initializing ProtocolHandler [http-bio-18080]
07 27, 2022 15:53:13 下午 cn.andy.JerryMouse.catalina.Connector init
INFO : Initializing ProtocolHandler [http-bio-18081]
07 27, 2022 15:53:13 下午 cn.andy.JerryMouse.catalina.Connector init
INFO : Initializing ProtocolHandler [http-bio-18082]
07 27, 2022 15:53:13 下午 cn.andy.JerryMouse.catalina.Service init
INFO : Initializing Service [Catalina] in 0ms
07 27, 2022 15:53:13 下午 cn.andy.JerryMouse.catalina.Server start
INFO : Server startup in 7 ms
07 27, 2022 15:53:13 下午 cn.andy.JerryMouse.catalina.Connector start
INFO : Starting ProtocolHandler [http-bio-18082]
07 27, 2022 15:53:13 下午 cn.andy.JerryMouse.catalina.Connector start
INFO : Starting ProtocolHandler [http-bio-18081]
07 27, 2022 15:53:13 下午 cn.andy.JerryMouse.catalina.Connector start
INFO : Starting ProtocolHandler [http-bio-18080]
07 27, 2022 15:53:15 下午 cn.andy.JerryMouse.catalina.HttpProcessor execute
ERROR: class cn.JavaWeb.Jerry.HelloServlet cannot be cast to class javax.servlet.http.HttpServlet (cn.JavaWeb.Jerry.HelloServlet is in unnamed module of loader cn.andy.JerryMouse.classloader.WebappClassLoader @3d5a4b18; javax.servlet.http.HttpServlet is in unnamed module of loader 'app')
java.lang.ClassCastException: class cn.JavaWeb.Jerry.HelloServlet cannot be cast to class javax.servlet.http.HttpServlet (cn.JavaWeb.Jerry.HelloServlet is in unnamed module of loader cn.andy.JerryMouse.classloader.WebappClassLoader @3d5a4b18; javax.servlet.http.HttpServlet is in unnamed module of loader 'app')
	at cn.andy.JerryMouse.catalina.Context.getServlet(Context.java:134)
	at cn.andy.JerryMouse.servlets.InvokerServlet.service(InvokerServlet.java:48)
	at cn.andy.JerryMouse.catalina.HttpProcessor.execute(HttpProcessor.java:39)
	at cn.andy.JerryMouse.catalina.Connector.func(Connector.java:52)
	at cn.andy.JerryMouse.catalina.Connector.start(Connector.java:40)
	at cn.andy.JerryMouse.catalina.Service$1.run(Service.java:60)
	at java.base/java.util.concurrent.ThreadPoolExecutor.runWorker(ThreadPoolExecutor.java:1136)
	at java.base/java.util.concurrent.ThreadPoolExecutor$Worker.run(ThreadPoolExecutor.java:635)
	at java.base/java.lang.Thread.run(Thread.java:833)
07 27, 2022 15:53:15 下午 cn.andy.JerryMouse.catalina.HttpProcessor execute
ERROR: class cn.JavaWeb.Jerry.HelloServlet cannot be cast to class javax.servlet.http.HttpServlet (cn.JavaWeb.Jerry.HelloServlet is in unnamed module of loader cn.andy.JerryMouse.classloader.WebappClassLoader @3d5a4b18; javax.servlet.http.HttpServlet is in unnamed module of loader 'app')
java.lang.ClassCastException: class cn.JavaWeb.Jerry.HelloServlet cannot be cast to class javax.servlet.http.HttpServlet (cn.JavaWeb.Jerry.HelloServlet is in unnamed module of loader cn.andy.JerryMouse.classloader.WebappClassLoader @3d5a4b18; javax.servlet.http.HttpServlet is in unnamed module of loader 'app')
	at cn.andy.JerryMouse.catalina.Context.getServlet(Context.java:134)
	at cn.andy.JerryMouse.servlets.InvokerServlet.service(InvokerServlet.java:48)
	at cn.andy.JerryMouse.catalina.HttpProcessor.execute(HttpProcessor.java:39)
	at cn.andy.JerryMouse.catalina.Connector.func(Connector.java:52)
	at cn.andy.JerryMouse.catalina.Connector.start(Connector.java:40)
	at cn.andy.JerryMouse.catalina.Service$1.run(Service.java:60)
	at java.base/java.util.concurrent.ThreadPoolExecutor.runWorker(ThreadPoolExecutor.java:1136)
	at java.base/java.util.concurrent.ThreadPoolExecutor$Worker.run(ThreadPoolExecutor.java:635)
	at java.base/java.lang.Thread.run(Thread.java:833)
07 27, 2022 16:00:03 下午 cn.andy.JerryMouse.catalina.Context deploy
INFO : Deploying web application directory C:\Users\DELL\Desktop\JerryMouse\JerryMouse\src\webapps\FuncA
07 27, 2022 16:00:03 下午 cn.andy.JerryMouse.catalina.Context deploy
INFO : Deployment of web application /FuncA has finish in 91 ms
07 27, 2022 16:00:03 下午 cn.andy.JerryMouse.catalina.Context <init>
INFO : Deploying web application directory C:\Users\DELL\Desktop\JerryMouse\JerryMouse\src\webapps\FuncA
07 27, 2022 16:00:03 下午 cn.andy.JerryMouse.catalina.Context <init>
INFO : Deployment of web application /FuncA has finish
07 27, 2022 16:00:03 下午 cn.andy.JerryMouse.catalina.Context deploy
INFO : Deploying web application directory C:\Users\DELL\Desktop\JerryMouse\JerryMouse\src\webapps\j2ee
07 27, 2022 16:00:03 下午 cn.andy.JerryMouse.catalina.Context deploy
INFO : Deployment of web application /j2ee has finish in 3 ms
07 27, 2022 16:00:03 下午 cn.andy.JerryMouse.catalina.Context <init>
INFO : Deploying web application directory C:\Users\DELL\Desktop\JerryMouse\JerryMouse\src\webapps\j2ee
07 27, 2022 16:00:03 下午 cn.andy.JerryMouse.catalina.Context <init>
INFO : Deployment of web application /j2ee has finish
07 27, 2022 16:00:03 下午 cn.andy.JerryMouse.catalina.Context deploy
INFO : Deploying web application directory C:\Users\DELL\Desktop\JerryMouse\JerryMouse\src\webapps\ROOT
07 27, 2022 16:00:03 下午 cn.andy.JerryMouse.catalina.Context deploy
INFO : Deployment of web application / has finish in 1 ms
07 27, 2022 16:00:03 下午 cn.andy.JerryMouse.catalina.Context <init>
INFO : Deploying web application directory C:\Users\DELL\Desktop\JerryMouse\JerryMouse\src\webapps\ROOT
07 27, 2022 16:00:03 下午 cn.andy.JerryMouse.catalina.Context <init>
INFO : Deployment of web application / has finish
07 27, 2022 16:00:03 下午 cn.andy.JerryMouse.catalina.Context deploy
INFO : Deploying web application directory C:\Users\DELL\Desktop\JerryMouse\JerryMouse\src\webapps\FuncA\A1
07 27, 2022 16:00:03 下午 cn.andy.JerryMouse.catalina.Context deploy
INFO : Deployment of web application /A1 has finish in 0 ms
07 27, 2022 16:00:03 下午 cn.andy.JerryMouse.catalina.Context <init>
INFO : Deploying web application directory C:\Users\DELL\Desktop\JerryMouse\JerryMouse\src\webapps\FuncA\A1
07 27, 2022 16:00:03 下午 cn.andy.JerryMouse.catalina.Context <init>
INFO : Deployment of web application /A1 has finish
07 27, 2022 16:00:03 下午 cn.andy.JerryMouse.catalina.Context deploy
INFO : Deploying web application directory C:\Users\DELL\Desktop\JerryMouse\Test\javaWeb4Jerry\web
07 27, 2022 16:00:03 下午 cn.andy.JerryMouse.catalina.Context deploy
INFO : Deployment of web application /javaWeb4Jerry has finish in 2 ms
07 27, 2022 16:00:03 下午 cn.andy.JerryMouse.catalina.Context <init>
INFO : Deploying web application directory C:\Users\DELL\Desktop\JerryMouse\Test\javaWeb4Jerry\web
07 27, 2022 16:00:03 下午 cn.andy.JerryMouse.catalina.Context <init>
INFO : Deployment of web application /javaWeb4Jerry has finish
07 27, 2022 16:00:03 下午 cn.andy.JerryMouse.catalina.Server logJVM
INFO : Server Version:		JerryMouse1.0.1
07 27, 2022 16:00:03 下午 cn.andy.JerryMouse.catalina.Server logJVM
INFO : Server built:		2022-5-31
07 27, 2022 16:00:03 下午 cn.andy.JerryMouse.catalina.Server logJVM
INFO : Server number:		1.0.1
07 27, 2022 16:00:03 下午 cn.andy.JerryMouse.catalina.Server logJVM
INFO : OS Name	:		Windows 11
07 27, 2022 16:00:03 下午 cn.andy.JerryMouse.catalina.Server logJVM
INFO : OS Version	:		10.0
07 27, 2022 16:00:03 下午 cn.andy.JerryMouse.catalina.Server logJVM
INFO : Architecture:		amd64
07 27, 2022 16:00:03 下午 cn.andy.JerryMouse.catalina.Server logJVM
INFO : Java Home:		E:\WORK - JAVA\JAVA-JDK-18
07 27, 2022 16:00:03 下午 cn.andy.JerryMouse.catalina.Server logJVM
INFO : JVM version:		18.0.1.1+2-6
07 27, 2022 16:00:03 下午 cn.andy.JerryMouse.catalina.Server logJVM
INFO : JVM vendor:		java.vm.specification.vendor
07 27, 2022 16:00:03 下午 cn.andy.JerryMouse.catalina.Connector init
INFO : Initializing ProtocolHandler [http-bio-18080]
07 27, 2022 16:00:03 下午 cn.andy.JerryMouse.catalina.Connector init
INFO : Initializing ProtocolHandler [http-bio-18081]
07 27, 2022 16:00:03 下午 cn.andy.JerryMouse.catalina.Connector init
INFO : Initializing ProtocolHandler [http-bio-18082]
07 27, 2022 16:00:03 下午 cn.andy.JerryMouse.catalina.Service init
INFO : Initializing Service [Catalina] in 0ms
07 27, 2022 16:00:03 下午 cn.andy.JerryMouse.catalina.Server start
INFO : Server startup in 6 ms
07 27, 2022 16:00:03 下午 cn.andy.JerryMouse.catalina.Connector start
INFO : Starting ProtocolHandler [http-bio-18082]
07 27, 2022 16:00:03 下午 cn.andy.JerryMouse.catalina.Connector start
INFO : Starting ProtocolHandler [http-bio-18080]
07 27, 2022 16:00:03 下午 cn.andy.JerryMouse.catalina.Connector start
INFO : Starting ProtocolHandler [http-bio-18081]
